
drjam@LAPTOP-G32P4DMD MINGW64 ~
$ cd sdna_lite/sdna_lite/output/release/x64/

drjam@LAPTOP-G32P4DMD MINGW64 ~/sdna_lite/sdna_lite/output/release/x64
$ ls
CMakeCache.txt  CMakeFiles  build.ninja  cmake_install.cmake  placeholder.txt

drjam@LAPTOP-G32P4DMD MINGW64 ~/sdna_lite/sdna_lite/output/release/x64
$ cmake --build .
[1/16] Building CXX object CMakeFiles/sdna_vs2008.dir/calc_output_code.cpp.obj
FAILED: CMakeFiles/sdna_vs2008.dir/calc_output_code.cpp.obj
C:\msys64\mingw64\bin\c++.exe -Dsdna_vs2008_EXPORTS -IC:/msys64/home/drjam/sdna_lite/sdna_lite/sDNA/sdna_vs2008/../muparser/drop/include -Winvalid-pch -include C:/msys64/home/drjam/sdna_lite/sdna_lite/output/release/x64/CMakeFiles/sdna_vs2008.dir/cmake_pch.hxx -MD -MT CMakeFiles/sdna_vs2008.dir/calc_output_code.cpp.obj -MF CMakeFiles\sdna_vs2008.dir\calc_output_code.cpp.obj.d -o CMakeFiles/sdna_vs2008.dir/calc_output_code.cpp.obj -c C:/msys64/home/drjam/sdna_lite/sdna_lite/sDNA/sdna_vs2008/calc_output_code.cpp
In file included from C:/msys64/home/drjam/sdna_lite/sdna_lite/sDNA/sdna_vs2008/edge.h:24,
                 from C:/msys64/home/drjam/sdna_lite/sdna_lite/sDNA/sdna_vs2008/net.h:3,
                 from C:/msys64/home/drjam/sdna_lite/sdna_lite/sDNA/sdna_vs2008/calculationbase.h:2,
                 from C:/msys64/home/drjam/sdna_lite/sdna_lite/sDNA/sdna_vs2008/calculation.h:2,
                 from C:/msys64/home/drjam/sdna_lite/sdna_lite/sDNA/sdna_vs2008/calc_output_code.cpp:2:
C:/msys64/home/drjam/sdna_lite/sdna_lite/sDNA/sdna_vs2008/metricevaluator.h:367:90: error: template argument 1 is invalid
  367 |         class GetTypeVisitor : public boost::static_visitor<typename traversal_event_type>
      |                                                                                          ^
C:/msys64/home/drjam/sdna_lite/sdna_lite/sDNA/sdna_vs2008/metricevaluator.h:379:80: error: template argument 1 is invalid
  379 |         class GetLocationVisitor : public boost::static_visitor<typename Point*>
      |                                                                                ^
C:/msys64/home/drjam/sdna_lite/sdna_lite/sDNA/sdna_vs2008/metricevaluator.h:385:77: error: template argument 1 is invalid
  385 |         class ToStringVisitor : public boost::static_visitor<typename string>
      |                                                                             ^
C:/msys64/home/drjam/sdna_lite/sdna_lite/sDNA/sdna_vs2008/edge.h:266:32: error: extra qualification 'Edge::' on member 'traversal_events_begin' [-fpermissive]
  266 |         TraversalEventIterator Edge::traversal_events_begin() const;
      |                                ^~~~
C:/msys64/home/drjam/sdna_lite/sdna_lite/sDNA/sdna_vs2008/edge.h:267:32: error: extra qualification 'Edge::' on member 'traversal_events_end' [-fpermissive]
  267 |         TraversalEventIterator Edge::traversal_events_end() const;
      |                                ^~~~
C:/msys64/home/drjam/sdna_lite/sdna_lite/sDNA/sdna_vs2008/edge.h:268:32: error: extra qualification 'Edge::' on member 'traversal_events_centre' [-fpermissive]
  268 |         TraversalEventIterator Edge::traversal_events_centre() const;
      |                                ^~~~
C:/msys64/home/drjam/sdna_lite/sdna_lite/sDNA/sdna_vs2008/edge.h:345:31: error: extra qualification 'SDNAPolyline::' on member 'get_linked_links' [-fpermissive]
  345 |         vector<SDNAPolyline*> SDNAPolyline::get_linked_links();
      |                               ^~~~~~~~~~~~
C:/msys64/home/drjam/sdna_lite/sdna_lite/sDNA/sdna_vs2008/net.h:135:9: error: extra qualification 'Net::' on member 'Net' [-fpermissive]
  135 |         Net::Net();
      |         ^~~
In file included from C:/msys64/home/drjam/sdna_lite/sdna_lite/sDNA/sdna_vs2008/sdna_geometry_collections.h:3,
                 from C:/msys64/home/drjam/sdna_lite/sdna_lite/sDNA/sdna_vs2008/calculationbase.h:3:
C:/msys64/home/drjam/sdna_lite/sdna_lite/sDNA/sdna_vs2008/linkdatasource.h:38:9: error: reference to 'variant' is ambiguous
   38 | typedef variant<long,float,HeapString> SDNAVariant;
      |         ^~~~~~~
In file included from C:/msys64/mingw64/include/boost/variant/variant.hpp:26,
                 from C:/msys64/mingw64/include/boost/variant.hpp:17,
                 from C:/msys64/home/drjam/sdna_lite/sdna_lite/sDNA/sdna_vs2008/stdafx.h:40,
                 from C:/msys64/home/drjam/sdna_lite/sdna_lite/output/release/x64/CMakeFiles/sdna_vs2008.dir/cmake_pch.hxx:5,
                 from <command-line>:
C:/msys64/mingw64/include/boost/variant/variant_fwd.hpp:282:53: note: candidates are: 'template<class T0, class ... TN> class boost::variant'
  282 | template < BOOST_VARIANT_AUX_DECLARE_PARAMS > class variant;
      |                                                     ^~~~~~~
In file included from C:/msys64/mingw64/include/boost/container_hash/hash.hpp:65,
                 from C:/msys64/mingw64/include/boost/functional/hash/hash.hpp:6,
                 from C:/msys64/mingw64/include/boost/bimap/relation/mutant_relation.hpp:29,
                 from C:/msys64/mingw64/include/boost/bimap/detail/bimap_core.hpp:38,
                 from C:/msys64/mingw64/include/boost/bimap/bimap.hpp:61,
                 from C:/msys64/mingw64/include/boost/bimap.hpp:13,
                 from C:/msys64/home/drjam/sdna_lite/sdna_lite/sDNA/sdna_vs2008/stdafx.h:41:
C:/msys64/mingw64/include/c++/13.2.0/variant:63:38: note:                 'template<class ... _Types> class std::variant'
   63 |   template<typename... _Types> class variant;
      |                                      ^~~~~~~
C:/msys64/home/drjam/sdna_lite/sdna_lite/sDNA/sdna_vs2008/linkdatasource.h:48:24: error: 'SDNAVariant' was not declared in this scope
   48 |         virtual vector<SDNAVariant> get_outputs(long arcid)=0;
      |                        ^~~~~~~~~~~
C:/msys64/home/drjam/sdna_lite/sdna_lite/sDNA/sdna_vs2008/linkdatasource.h:48:35: error: template argument 1 is invalid
   48 |         virtual vector<SDNAVariant> get_outputs(long arcid)=0;
      |                                   ^
C:/msys64/home/drjam/sdna_lite/sdna_lite/sDNA/sdna_vs2008/linkdatasource.h:48:35: error: template argument 2 is invalid
C:/msys64/home/drjam/sdna_lite/sdna_lite/sDNA/sdna_vs2008/sdna_geometry_collections.h:23:34: error: 'SDNAVariant' was not declared in this scope
   23 | SDNAOutputUnion variant_to_union(SDNAVariant const &v);
      |                                  ^~~~~~~~~~~
C:/msys64/home/drjam/sdna_lite/sdna_lite/sDNA/sdna_vs2008/sdna_geometry_collections.h:160:16: error: 'SDNAVariant' was not declared in this scope
  160 |         vector<SDNAVariant> data;
      |                ^~~~~~~~~~~
C:/msys64/home/drjam/sdna_lite/sdna_lite/sDNA/sdna_vs2008/sdna_geometry_collections.h:160:27: error: template argument 1 is invalid
  160 |         vector<SDNAVariant> data;
      |                           ^
C:/msys64/home/drjam/sdna_lite/sdna_lite/sDNA/sdna_vs2008/sdna_geometry_collections.h:160:27: error: template argument 2 is invalid
C:/msys64/home/drjam/sdna_lite/sdna_lite/sDNA/sdna_vs2008/sdna_geometry_collections.h:162:55: error: 'SDNAVariant' was not declared in this scope
  162 |         sDNADataMultiGeometry(sDNAGeom_t type, vector<SDNAVariant> data, size_t reserve)
      |                                                       ^~~~~~~~~~~
C:/msys64/home/drjam/sdna_lite/sdna_lite/sDNA/sdna_vs2008/sdna_geometry_collections.h:162:66: error: template argument 1 is invalid
  162 |         sDNADataMultiGeometry(sDNAGeom_t type, vector<SDNAVariant> data, size_t reserve)
      |                                                                  ^
C:/msys64/home/drjam/sdna_lite/sdna_lite/sDNA/sdna_vs2008/sdna_geometry_collections.h:162:66: error: template argument 2 is invalid
C:/msys64/home/drjam/sdna_lite/sdna_lite/sDNA/sdna_vs2008/sdna_geometry_collections.h:183:22: error: 'SDNAVariant' was not declared in this scope
  183 |         const vector<SDNAVariant>& get_data() {return data;}
      |                      ^~~~~~~~~~~
C:/msys64/home/drjam/sdna_lite/sdna_lite/sDNA/sdna_vs2008/sdna_geometry_collections.h:183:33: error: template argument 1 is invalid
  183 |         const vector<SDNAVariant>& get_data() {return data;}
      |                                 ^
C:/msys64/home/drjam/sdna_lite/sdna_lite/sDNA/sdna_vs2008/sdna_geometry_collections.h:183:33: error: template argument 2 is invalid
In file included from C:/msys64/mingw64/include/c++/13.2.0/cassert:44,
                 from C:/msys64/home/drjam/sdna_lite/sdna_lite/sDNA/muparser/drop/include/muParserBytecode.h:28,
                 from C:/msys64/home/drjam/sdna_lite/sdna_lite/sDNA/muparser/drop/include/muParserBase.h:40,
                 from C:/msys64/home/drjam/sdna_lite/sdna_lite/sDNA/muparser/drop/include/muParser.h:32,
                 from C:/msys64/home/drjam/sdna_lite/sdna_lite/sDNA/sdna_vs2008/stdafx.h:77:
C:/msys64/home/drjam/sdna_lite/sdna_lite/sDNA/sdna_vs2008/sdna_geometry_collections.h: In member function 'void sDNAGeometryCollection::add(boost::shared_ptr<sDNADataMultiGeometry>)':
C:/msys64/home/drjam/sdna_lite/sdna_lite/sDNA/sdna_vs2008/sdna_geometry_collections.h:294:38: error: request for member 'size' in 'g.boost::shared_ptr<sDNADataMultiGeometry>::operator->()->sDNADataMultiGeometry::get_data()', which is of non-class type 'const int'
  294 |                 assert(g->get_data().size()==m_datanames.size());
      |                                      ^~~~
C:/msys64/home/drjam/sdna_lite/sdna_lite/sDNA/sdna_vs2008/sdna_geometry_collections.h: At global scope:
C:/msys64/home/drjam/sdna_lite/sdna_lite/sDNA/sdna_vs2008/sdna_geometry_collections.h:331:16: error: 'SDNAVariant' was not declared in this scope
  331 |         vector<SDNAVariant> variantbuffer;
      |                ^~~~~~~~~~~
C:/msys64/home/drjam/sdna_lite/sdna_lite/sDNA/sdna_vs2008/sdna_geometry_collections.h:331:27: error: template argument 1 is invalid
  331 |         vector<SDNAVariant> variantbuffer;
      |                           ^
C:/msys64/home/drjam/sdna_lite/sdna_lite/sDNA/sdna_vs2008/sdna_geometry_collections.h:331:27: error: template argument 2 is invalid
In file included from C:/msys64/home/drjam/sdna_lite/sdna_lite/sDNA/sdna_vs2008/calculationbase.h:4:
C:/msys64/home/drjam/sdna_lite/sdna_lite/sDNA/sdna_vs2008/tables.h: In member function 'void Table2d::finalize()':
C:/msys64/home/drjam/sdna_lite/sdna_lite/sDNA/sdna_vs2008/tables.h:91:37: error: cannot bind non-const lvalue reference of type 'std::vector<std::vector<float> >&' to an rvalue of type 'std::vector<std::vector<float> >'
   91 |                 index2_to_data.swap(vector<vector<float>>(size,vector<float>(size,default_table_value)));
      |                                     ^~~~~~~~~~~~~~~~~~~~~~~~~~~~~~~~~~~~~~~~~~~~~~~~~~~~~~~~~~~~~~~~~~~
In file included from C:/msys64/mingw64/include/c++/13.2.0/vector:66,
                 from C:/msys64/home/drjam/sdna_lite/sdna_lite/sDNA/sdna_vs2008/stdafx.h:25:
C:/msys64/mingw64/include/c++/13.2.0/bits/stl_vector.h:1583:20: note:   initializing argument 1 of 'void std::vector<_Tp, _Alloc>::swap(std::vector<_Tp, _Alloc>&) [with _Tp = std::vector<float>; _Alloc = std::allocator<std::vector<float> >]'
 1583 |       swap(vector& __x) _GLIBCXX_NOEXCEPT
      |            ~~~~~~~~^~~
C:/msys64/home/drjam/sdna_lite/sdna_lite/sDNA/sdna_vs2008/tables.h:103:34: error: cannot bind non-const lvalue reference of type 'std::vector<double>&' to an rvalue of type 'std::vector<double>'
  103 |                 origzonesum.swap(vector<double>(size,0.));
      |                                  ^~~~~~~~~~~~~~~~~~~~~~~
C:/msys64/mingw64/include/c++/13.2.0/bits/stl_vector.h:1583:20: note:   initializing argument 1 of 'void std::vector<_Tp, _Alloc>::swap(std::vector<_Tp, _Alloc>&) [with _Tp = double; _Alloc = std::allocator<double>]'
 1583 |       swap(vector& __x) _GLIBCXX_NOEXCEPT
      |            ~~~~~~~~^~~
C:/msys64/home/drjam/sdna_lite/sdna_lite/sDNA/sdna_vs2008/tables.h:104:34: error: cannot bind non-const lvalue reference of type 'std::vector<double>&' to an rvalue of type 'std::vector<double>'
  104 |                 destzonesum.swap(vector<double>(size,0.));
      |                                  ^~~~~~~~~~~~~~~~~~~~~~~
C:/msys64/mingw64/include/c++/13.2.0/bits/stl_vector.h:1583:20: note:   initializing argument 1 of 'void std::vector<_Tp, _Alloc>::swap(std::vector<_Tp, _Alloc>&) [with _Tp = double; _Alloc = std::allocator<double>]'
 1583 |       swap(vector& __x) _GLIBCXX_NOEXCEPT
      |            ~~~~~~~~^~~
In file included from C:/msys64/home/drjam/sdna_lite/sdna_lite/sDNA/sdna_vs2008/stdafx.h:68:
C:/msys64/home/drjam/sdna_lite/sdna_lite/sDNA/sdna_vs2008/tables.h: In member function 'void Table<T>::finalize()':
C:/msys64/home/drjam/sdna_lite/sdna_lite/sDNA/sdna_vs2008/tables.h:235:37: error: need 'typename' before 'Table<T>::MAPTYPE::value_type' because 'Table<T>::MAPTYPE' is a dependent scope
  235 |                 BOOST_FOREACH(const MAPTYPE::value_type& myPair, zone_to_data)
      |                                     ^~~~~~~
C:/msys64/home/drjam/sdna_lite/sdna_lite/sDNA/sdna_vs2008/tables.h:235:17: error: expected ';' before '!' token
  235 |                 BOOST_FOREACH(const MAPTYPE::value_type& myPair, zone_to_data)
      |                 ^~~~~~~~~~~~~
C:/msys64/home/drjam/sdna_lite/sdna_lite/sDNA/sdna_vs2008/tables.h:237:45: error: 'myPair' was not declared in this scope
  237 |                         const string zone = myPair.first;
      |                                             ^~~~~~
C:/msys64/home/drjam/sdna_lite/sdna_lite/sDNA/sdna_vs2008/calculationbase.h: In member function 'void Calculation::add_expected_data(std::vector<T>&)':
C:/msys64/home/drjam/sdna_lite/sdna_lite/sDNA/sdna_vs2008/calculationbase.h:112:22: error: need 'typename' before 'std::vector<T>::iterator' because 'std::vector<T>' is a dependent scope
  112 |                 for (vector<T>::iterator it=v.begin();it!=v.end();it++)
      |                      ^~~~~~~~~
C:/msys64/home/drjam/sdna_lite/sdna_lite/sDNA/sdna_vs2008/calculationbase.h:112:42: error: expected ';' before 'it'
  112 |                 for (vector<T>::iterator it=v.begin();it!=v.end();it++)
      |                                          ^~
C:/msys64/home/drjam/sdna_lite/sdna_lite/sDNA/sdna_vs2008/calculationbase.h:112:55: error: 'it' was not declared in this scope; did you mean 'int'?
  112 |                 for (vector<T>::iterator it=v.begin();it!=v.end();it++)
      |                                                       ^~
      |                                                       int
C:/msys64/home/drjam/sdna_lite/sdna_lite/sDNA/sdna_vs2008/calculationbase.h: In member function 'std::vector<NetExpectedDataSource<T>*> Calculation::simplify_expected_data(std::vector<NetExpectedDataSource<T>*>&)':
C:/msys64/home/drjam/sdna_lite/sdna_lite/sDNA/sdna_vs2008/calculationbase.h:130:22: error: need 'typename' before 'std::vector<NetExpectedDataSource<T>*>::iterator' because 'std::vector<NetExpectedDataSource<T>*>' is a dependent scope
  130 |                 for (vector<NetExpectedDataSource<T>*>::iterator it=source.begin();it!=source.end();it++)
      |                      ^~~~~~~~~~~~~~~~~~~~~~~~~~~~~~~~~
C:/msys64/home/drjam/sdna_lite/sdna_lite/sDNA/sdna_vs2008/calculationbase.h:130:66: error: expected ';' before 'it'
  130 |                 for (vector<NetExpectedDataSource<T>*>::iterator it=source.begin();it!=source.end();it++)
      |                                                                  ^~
C:/msys64/home/drjam/sdna_lite/sdna_lite/sDNA/sdna_vs2008/calculationbase.h:130:84: error: 'it' was not declared in this scope; did you mean 'int'?
  130 |                 for (vector<NetExpectedDataSource<T>*>::iterator it=source.begin();it!=source.end();it++)
      |                                                                                    ^~
      |                                                                                    int
C:/msys64/home/drjam/sdna_lite/sdna_lite/sDNA/sdna_vs2008/calculationbase.h: In member function 'size_t Calculation::expected_data_to_string(char***, OutputStringArray&, std::vector<NetExpectedDataSource<T>*>&)':
C:/msys64/home/drjam/sdna_lite/sdna_lite/sDNA/sdna_vs2008/calculationbase.h:142:22: error: need 'typename' before 'std::vector<NetExpectedDataSource<T>*>::const_iterator' because 'std::vector<NetExpectedDataSource<T>*>' is a dependent scope
  142 |                 for (vector<NetExpectedDataSource<T>*>::const_iterator it=simplified_data.begin();it!=simplified_data.end();it++)
      |                      ^~~~~~~~~~~~~~~~~~~~~~~~~~~~~~~~~
C:/msys64/home/drjam/sdna_lite/sdna_lite/sDNA/sdna_vs2008/calculationbase.h:142:72: error: expected ';' before 'it'
  142 |                 for (vector<NetExpectedDataSource<T>*>::const_iterator it=simplified_data.begin();it!=simplified_data.end();it++)
      |                                                                        ^~
C:/msys64/home/drjam/sdna_lite/sdna_lite/sDNA/sdna_vs2008/calculationbase.h:142:99: error: 'it' was not declared in this scope; did you mean 'int'?
  142 |                 for (vector<NetExpectedDataSource<T>*>::const_iterator it=simplified_data.begin();it!=simplified_data.end();it++)
      |                                                                                                   ^~
      |                                                                                                   int
C:/msys64/home/drjam/sdna_lite/sdna_lite/sDNA/sdna_vs2008/calculationbase.h: At global scope:
C:/msys64/home/drjam/sdna_lite/sdna_lite/sDNA/sdna_vs2008/calculationbase.h:259:24: error: 'SDNAVariant' was not declared in this scope
  259 |         virtual vector<SDNAVariant> get_outputs(long arcid)
      |                        ^~~~~~~~~~~
C:/msys64/home/drjam/sdna_lite/sdna_lite/sDNA/sdna_vs2008/calculationbase.h:259:35: error: template argument 1 is invalid
  259 |         virtual vector<SDNAVariant> get_outputs(long arcid)
      |                                   ^
C:/msys64/home/drjam/sdna_lite/sdna_lite/sDNA/sdna_vs2008/calculationbase.h:259:35: error: template argument 2 is invalid
C:/msys64/home/drjam/sdna_lite/sdna_lite/sDNA/sdna_vs2008/calculationbase.h: In member function 'virtual int CalcExpectedDataSDNAPolylineDataSourceWrapper::get_outputs(long int)':
C:/msys64/home/drjam/sdna_lite/sdna_lite/sDNA/sdna_vs2008/calculationbase.h:263:24: error: 'SDNAVariant' was not declared in this scope
  263 |                 vector<SDNAVariant> outputs;
      |                        ^~~~~~~~~~~
C:/msys64/home/drjam/sdna_lite/sdna_lite/sDNA/sdna_vs2008/calculationbase.h:263:35: error: template argument 1 is invalid
  263 |                 vector<SDNAVariant> outputs;
      |                                   ^
C:/msys64/home/drjam/sdna_lite/sdna_lite/sDNA/sdna_vs2008/calculationbase.h:263:35: error: template argument 2 is invalid
C:/msys64/home/drjam/sdna_lite/sdna_lite/sDNA/sdna_vs2008/calculationbase.h:264:25: error: request for member 'reserve' in 'outputs', which is of non-class type 'int'
  264 |                 outputs.reserve(get_output_length());
      |                         ^~~~~~~
C:/msys64/home/drjam/sdna_lite/sdna_lite/sDNA/sdna_vs2008/calculationbase.h:269:33: error: request for member 'push_back' in 'outputs', which is of non-class type 'int'
  269 |                         outputs.push_back(SDNAVariant(s->get_data(link)));
      |                                 ^~~~~~~~~
C:/msys64/home/drjam/sdna_lite/sdna_lite/sDNA/sdna_vs2008/calculationbase.h:275:33: error: request for member 'push_back' in 'outputs', which is of non-class type 'int'
  275 |                         outputs.push_back(SDNAVariant(s->get_data(link)));
      |                                 ^~~~~~~~~
C:/msys64/home/drjam/sdna_lite/sdna_lite/sDNA/sdna_vs2008/calculationbase.h:280:33: error: request for member 'push_back' in 'outputs', which is of non-class type 'int'
  280 |                         outputs.push_back(zdt->getData(link));
      |                                 ^~~~~~~~~
C:/msys64/home/drjam/sdna_lite/sdna_lite/sDNA/sdna_vs2008/calculationbase.h:285:33: error: request for member 'push_back' in 'outputs', which is of non-class type 'int'
  285 |                         outputs.push_back(static_cast<float>(zst->getData(link)));
      |                                 ^~~~~~~~~
C:/msys64/home/drjam/sdna_lite/sdna_lite/sDNA/sdna_vs2008/calculation.h: At global scope:
C:/msys64/home/drjam/sdna_lite/sdna_lite/sDNA/sdna_vs2008/calculation.h:10:6: error: variable or field 'run_dijkstra' declared void
   10 | void run_dijkstra(PartialNet &partialnet,
      |      ^~~~~~~~~~~~
C:/msys64/home/drjam/sdna_lite/sdna_lite/sDNA/sdna_vs2008/calculation.h:10:19: error: 'PartialNet' was not declared in this scope
   10 | void run_dijkstra(PartialNet &partialnet,
      |                   ^~~~~~~~~~
C:/msys64/home/drjam/sdna_lite/sdna_lite/sDNA/sdna_vs2008/calculation.h:10:31: error: 'partialnet' was not declared in this scope
   10 | void run_dijkstra(PartialNet &partialnet,
      |                               ^~~~~~~~~~
C:/msys64/home/drjam/sdna_lite/sdna_lite/sDNA/sdna_vs2008/calculation.h:11:39: error: expected primary-expression before '&' token
   11 |         IdIndexedArray<double,EdgeId> &costs_to_edge_start, MetricEvaluator*, double max_depth,
      |                                       ^
C:/msys64/home/drjam/sdna_lite/sdna_lite/sDNA/sdna_vs2008/calculation.h:11:40: error: 'costs_to_edge_start' was not declared in this scope
   11 |         IdIndexedArray<double,EdgeId> &costs_to_edge_start, MetricEvaluator*, double max_depth,
      |                                        ^~~~~~~~~~~~~~~~~~~
C:/msys64/home/drjam/sdna_lite/sdna_lite/sDNA/sdna_vs2008/calculation.h:11:76: error: expected primary-expression before '*' token
   11 |         IdIndexedArray<double,EdgeId> &costs_to_edge_start, MetricEvaluator*, double max_depth,
      |                                                                            ^
C:/msys64/home/drjam/sdna_lite/sdna_lite/sDNA/sdna_vs2008/calculation.h:11:77: error: expected primary-expression before ',' token
   11 |         IdIndexedArray<double,EdgeId> &costs_to_edge_start, MetricEvaluator*, double max_depth,
      |                                                                             ^
C:/msys64/home/drjam/sdna_lite/sdna_lite/sDNA/sdna_vs2008/calculation.h:11:79: error: expected primary-expression before 'double'
   11 |         IdIndexedArray<double,EdgeId> &costs_to_edge_start, MetricEvaluator*, double max_depth,
      |                                                                               ^~~~~~
C:/msys64/home/drjam/sdna_lite/sdna_lite/sDNA/sdna_vs2008/calculation.h:12:40: error: expected primary-expression before '*' token
   12 |         IdIndexedArray <Edge *,EdgeId> *backlinks = NULL, JunctionCosts *jcosts = NULL);
      |                                        ^
C:/msys64/home/drjam/sdna_lite/sdna_lite/sDNA/sdna_vs2008/calculation.h:12:41: error: 'backlinks' was not declared in this scope
   12 |         IdIndexedArray <Edge *,EdgeId> *backlinks = NULL, JunctionCosts *jcosts = NULL);
      |                                         ^~~~~~~~~
C:/msys64/home/drjam/sdna_lite/sdna_lite/sDNA/sdna_vs2008/calculation.h:12:73: error: expected primary-expression before '*' token
   12 |         IdIndexedArray <Edge *,EdgeId> *backlinks = NULL, JunctionCosts *jcosts = NULL);
      |                                                                         ^
C:/msys64/home/drjam/sdna_lite/sdna_lite/sDNA/sdna_vs2008/calculation.h:12:74: error: 'jcosts' was not declared in this scope
   12 |         IdIndexedArray <Edge *,EdgeId> *backlinks = NULL, JunctionCosts *jcosts = NULL);
      |                                                                          ^~~~~~
C:/msys64/home/drjam/sdna_lite/sdna_lite/sDNA/sdna_vs2008/calculation.h:181:67: error: 'PartialNet' has not been declared
  181 |         void process_geodesic(DestinationEdgeProcessingTask &dest,PartialNet &cut_net, int r,
      |                                                                   ^~~~~~~~~~
C:/msys64/home/drjam/sdna_lite/sdna_lite/sDNA/sdna_vs2008/calculation.h:668:23: error: 'SDNAVariant' was not declared in this scope
  668 |         static vector<SDNAVariant> get_skim_data(string orig,string dest,float meandist,float weight,long N)
      |                       ^~~~~~~~~~~
C:/msys64/home/drjam/sdna_lite/sdna_lite/sDNA/sdna_vs2008/calculation.h:668:34: error: template argument 1 is invalid
  668 |         static vector<SDNAVariant> get_skim_data(string orig,string dest,float meandist,float weight,long N)
      |                                  ^
C:/msys64/home/drjam/sdna_lite/sdna_lite/sDNA/sdna_vs2008/calculation.h:668:34: error: template argument 2 is invalid
C:/msys64/home/drjam/sdna_lite/sdna_lite/sDNA/sdna_vs2008/calculation.h:688:23: error: 'SDNAVariant' was not declared in this scope
  688 |         static vector<SDNAVariant> get_geodesic_data(long orig,long dest,double radius,float weight,float tpweight,float anal_cost,float radial_cost)
      |                       ^~~~~~~~~~~
C:/msys64/home/drjam/sdna_lite/sdna_lite/sDNA/sdna_vs2008/calculation.h:688:34: error: template argument 1 is invalid
  688 |         static vector<SDNAVariant> get_geodesic_data(long orig,long dest,double radius,float weight,float tpweight,float anal_cost,float radial_cost)
      |                                  ^
C:/msys64/home/drjam/sdna_lite/sdna_lite/sDNA/sdna_vs2008/calculation.h:688:34: error: template argument 2 is invalid
C:/msys64/home/drjam/sdna_lite/sdna_lite/sDNA/sdna_vs2008/calculation.h:712:23: error: 'SDNAVariant' was not declared in this scope
  712 |         static vector<SDNAVariant> get_hull_or_netradius_data(long orig,double radius,float weight)
      |                       ^~~~~~~~~~~
C:/msys64/home/drjam/sdna_lite/sdna_lite/sDNA/sdna_vs2008/calculation.h:712:34: error: template argument 1 is invalid
  712 |         static vector<SDNAVariant> get_hull_or_netradius_data(long orig,double radius,float weight)
      |                                  ^
C:/msys64/home/drjam/sdna_lite/sdna_lite/sDNA/sdna_vs2008/calculation.h:712:34: error: template argument 2 is invalid
C:/msys64/home/drjam/sdna_lite/sdna_lite/sDNA/sdna_vs2008/calculation.h:728:23: error: 'SDNAVariant' was not declared in this scope
  728 |         static vector<SDNAVariant> get_destination_data(long orig,long dest,double radius,float origweight,float tpweight,float anal_cost,float radial_cost,
      |                       ^~~~~~~~~~~
C:/msys64/home/drjam/sdna_lite/sdna_lite/sDNA/sdna_vs2008/calculation.h:728:34: error: template argument 1 is invalid
  728 |         static vector<SDNAVariant> get_destination_data(long orig,long dest,double radius,float origweight,float tpweight,float anal_cost,float radial_cost,
      |                                  ^
C:/msys64/home/drjam/sdna_lite/sdna_lite/sDNA/sdna_vs2008/calculation.h:728:34: error: template argument 2 is invalid
C:/msys64/home/drjam/sdna_lite/sdna_lite/sDNA/sdna_vs2008/calculation.h:770:24: error: 'SDNAVariant' was not declared in this scope
  770 |         virtual vector<SDNAVariant> get_outputs(long arcid)
      |                        ^~~~~~~~~~~
C:/msys64/home/drjam/sdna_lite/sdna_lite/sDNA/sdna_vs2008/calculation.h:770:35: error: template argument 1 is invalid
  770 |         virtual vector<SDNAVariant> get_outputs(long arcid)
      |                                   ^
C:/msys64/home/drjam/sdna_lite/sdna_lite/sDNA/sdna_vs2008/calculation.h:770:35: error: template argument 2 is invalid
C:/msys64/home/drjam/sdna_lite/sdna_lite/sDNA/sdna_vs2008/calculation.h: In member function 'void SDNAIntegralCalculation::unpack_config(char*)':
C:/msys64/home/drjam/sdna_lite/sdna_lite/sDNA/sdna_vs2008/calculation.h:237:67: warning: ISO C++ forbids converting a string constant to 'char*' [-Wwrite-strings]
  237 |                                                                   "preserve_net_config;start_gs;end_gs;radii;cont;metric;pre;post;nobetweenness;nojunctions;nohull;linkonly;forcecontorigin;nqpdn;nqpdd;"
      |                                                                   ^~~~~~~~~~~~~~~~~~~~~~~~~~~~~~~~~~~~~~~~~~~~~~~~~~~~~~~~~~~~~~~~~~~~~~~~~~~~~~~~~~~~~~~~~~~~~~~~~~~~~~~~~~~~~~~~~~~~~~~~~~~~~~~~~~~~~~~
  238 |                                                                   "arcxytol;arcztol;xytol;ztol;skipzeroweightorigins;skipzeroweightdestinations;skipfraction;skipmod;outputsums;outputdecomposableonly;skiporiginifzero;"
      |                                                                   ~~~~~~~~~~~~~~~~~~~~~~~~~~~~~~~~~~~~~~~~~~~~~~~~~~~~~~~~~~~~~~~~~~~~~~~~~~~~~~~~~~~~~~~~~~~~~~~~~~~~~~~~~~~~~~~~~~~~~~~~~~~~~~~~~~~~~~~~~~~~~~~~~~~~~~~
  239 |                                                                   "probroutes;probroutethreshold;probrouteaction;nostrictnetworkcut;weight;custommetric;weight_type;origweight;destweight;"
      |                                                                   ~~~~~~~~~~~~~~~~~~~~~~~~~~~~~~~~~~~~~~~~~~~~~~~~~~~~~~~~~~~~~~~~~~~~~~~~~~~~~~~~~~~~~~~~~~~~~~~~~~~~~~~~~~~~~~~~~~~~~~~~~
  240 |                                                                   "outputgeodesics;outputhulls;outputnetradii;outputdestinations;outputskim;origins;destinations;nonetdata;linkcentretype;lineformula;juncformula;ignorenonlinear;bidir;oneway;vertoneway;oversample;"
      |                                                                   ~~~~~~~~~~~~~~~~~~~~~~~~~~~~~~~~~~~~~~~~~~~~~~~~~~~~~~~~~~~~~~~~~~~~~~~~~~~~~~~~~~~~~~~~~~~~~~~~~~~~~~~~~~~~~~~~~~~~~~~~~~~~~~~~~~~~~~~~~~~~~~~~~~~~~~~~~~~~~~~~~~~~~~~~~~~~~~~~~~~~~~~~~~~~~~~~~~~~
  241 |                                                                   "aadtfield;t;a;s;jp;disable;zonedist;odmatrix;intermediates;radmetric;radlineformula;radjuncformula;radcustommetric;linefield;c;e;"
      |                                                                   ~~~~~~~~~~~~~~~~~~~~~~~~~~~~~~~~~~~~~~~~~~~~~~~~~~~~~~~~~~~~~~~~~~~~~~~~~~~~~~~~~~~~~~~~~~~~~~~~~~~~~~~~~~~~~~~~~~~~~~~~~~~~~~~~~~~
  242 |                                                                   "skimorigzone;skimdestzone;skimzone;bandedradii;linerand;juncrand;zonesums;origweightformula;destweightformula;datatokeep;textdatatokeep",
      |                                                                   ~~~~~~~~~~~~~~~~~~~~~~~~~~~~~~~~~~~~~~~~~~~~~~~~~~~~~~~~~~~~~~~~~~~~~~~~~~~~~~~~~~~~~~~~~~~~~~~~~~~~~~~~~~~~~~~~~~~~~~~~~~~~~~~~~~~~~~~~~
C:/msys64/home/drjam/sdna_lite/sdna_lite/sDNA/sdna_vs2008/calculation.h:244:67: warning: ISO C++ forbids converting a string constant to 'char*' [-Wwrite-strings]
  244 |                                                                   "juncformula=0;preserve_net_config=0;start_gs=;end_gs=;radii=n;metric=angular;cont=0;pre=;post=;nobetweenness=0;nojunctions=0;nohull=0;linkonly=0;"
      |                                                                   ^~~~~~~~~~~~~~~~~~~~~~~~~~~~~~~~~~~~~~~~~~~~~~~~~~~~~~~~~~~~~~~~~~~~~~~~~~~~~~~~~~~~~~~~~~~~~~~~~~~~~~~~~~~~~~~~~~~~~~~~~~~~~~~~~~~~~~~~~~~~~~~~~~~
  245 |                                                                   "forcecontorigin=0;nqpdn=1;nqpdd=1;arcxytol=;arcztol=;xytol=;ztol=;skipzeroweightorigins=0;skipzeroweightdestinations=1;skipfraction=1;skipmod=0;"
      |                                                                   ~~~~~~~~~~~~~~~~~~~~~~~~~~~~~~~~~~~~~~~~~~~~~~~~~~~~~~~~~~~~~~~~~~~~~~~~~~~~~~~~~~~~~~~~~~~~~~~~~~~~~~~~~~~~~~~~~~~~~~~~~~~~~~~~~~~~~~~~~~~~~~~~~~
  246 |                                                                   "nostrictnetworkcut=0;outputsums=0;probroutes=0;probroutethreshold=1.2;probrouteaction=ignore;outputdecomposableonly=0;skiporiginifzero=;"
      |                                                                   ~~~~~~~~~~~~~~~~~~~~~~~~~~~~~~~~~~~~~~~~~~~~~~~~~~~~~~~~~~~~~~~~~~~~~~~~~~~~~~~~~~~~~~~~~~~~~~~~~~~~~~~~~~~~~~~~~~~~~~~~~~~~~~~~~~~~~~~~~~
  247 |                                                                   "weight=;custommetric=;weight_type=link;origweight=;destweight=;linkcentretype=;lineformula=;"
      |                                                                   ~~~~~~~~~~~~~~~~~~~~~~~~~~~~~~~~~~~~~~~~~~~~~~~~~~~~~~~~~~~~~~~~~~~~~~~~~~~~~~~~~~~~~~~~~~~~~~
  248 |                                                                   "outputgeodesics=0;outputhulls=0;outputnetradii=0;outputdestinations=0;outputskim=0;origins=;destinations=;nonetdata=0;ignorenonlinear=0;bidir=0;oneway=;vertoneway=;oversample=1;"
      |                                                                   ~~~~~~~~~~~~~~~~~~~~~~~~~~~~~~~~~~~~~~~~~~~~~~~~~~~~~~~~~~~~~~~~~~~~~~~~~~~~~~~~~~~~~~~~~~~~~~~~~~~~~~~~~~~~~~~~~~~~~~~~~~~~~~~~~~~~~~~~~~~~~~~~~~~~~~~~~~~~~~~~~~~~~~~~~~~~~~~~~~~
  249 |                                                                   "aadtfield=aadt;t=default;a=default;s=default;jp=default;disable=;zonedist=euc;odmatrix=0;intermediates=;"
      |                                                                   ~~~~~~~~~~~~~~~~~~~~~~~~~~~~~~~~~~~~~~~~~~~~~~~~~~~~~~~~~~~~~~~~~~~~~~~~~~~~~~~~~~~~~~~~~~~~~~~~~~~~~~~~~~
  250 |                                                                   "radmetric=euclidean;radlineformula=;radjuncformula=0;radcustommetric=;linefield=line;c=default;e=default;"
      |                                                                   ~~~~~~~~~~~~~~~~~~~~~~~~~~~~~~~~~~~~~~~~~~~~~~~~~~~~~~~~~~~~~~~~~~~~~~~~~~~~~~~~~~~~~~~~~~~~~~~~~~~~~~~~~~~
  251 |                                                                   "skimorigzone=;skimdestzone=;skimzone=;bandedradii=0;linerand=0;juncrand=0;zonesums=;origweightformula=;destweightformula=;datatokeep=;textdatatokeep=",
      |                                                                   ~~~~~~~~~~~~~~~~~~~~~~~~~~~~~~~~~~~~~~~~~~~~~~~~~~~~~~~~~~~~~~~~~~~~~~~~~~~~~~~~~~~~~~~~~~~~~~~~~~~~~~~~~~~~~~~~~~~~~~~~~~~~~~~~~~~~~~~~~~~~~~~~~~~~~~~
C:/msys64/home/drjam/sdna_lite/sdna_lite/sDNA/sdna_vs2008/calculation.h:326:139: error: use of deleted function 'sDNAGeometryCollection& sDNAGeometryCollection::operator=(sDNAGeometryCollection&&)'
  326 |                         skim_geom = sDNAGeometryCollection(output_name_prefix+"skim"+output_name_postfix,NO_GEOM,get_skim_field_metadata());
      |                                                                                                                                           ^
C:/msys64/home/drjam/sdna_lite/sdna_lite/sDNA/sdna_vs2008/sdna_geometry_collections.h:254:7: note: 'sDNAGeometryCollection& sDNAGeometryCollection::operator=(sDNAGeometryCollection&&)' is implicitly deleted because the default definition would be ill-formed:
  254 | class sDNAGeometryCollection : public sDNAGeometryCollectionBase
      |       ^~~~~~~~~~~~~~~~~~~~~~
C:/msys64/home/drjam/sdna_lite/sdna_lite/sDNA/sdna_vs2008/sdna_geometry_collections.h:254:7: error: cannot bind non-const lvalue reference of type 'ThreadSafeVector<boost::shared_ptr<sDNADataMultiGeometry> >&' to an rvalue of type 'ThreadSafeVector<boost::shared_ptr<sDNADataMultiGeometry> >'
In file included from C:/msys64/home/drjam/sdna_lite/sdna_lite/sDNA/sdna_vs2008/sdna_geometry_collections.h:2:
C:/msys64/home/drjam/sdna_lite/sdna_lite/sDNA/sdna_vs2008/sdna_spatial_accumulators.h:190:61: note:   initializing argument 1 of 'ThreadSafeVector<T>& ThreadSafeVector<T>::operator=(ThreadSafeVector<T>&) [with T = boost::shared_ptr<sDNADataMultiGeometry>]'
  190 |         ThreadSafeVector<T>& operator=(ThreadSafeVector<T> &other)
      |                                        ~~~~~~~~~~~~~~~~~~~~~^~~~~
C:/msys64/home/drjam/sdna_lite/sdna_lite/sDNA/sdna_vs2008/calculation.h:359:150: error: use of deleted function 'sDNAGeometryCollection& sDNAGeometryCollection::operator=(sDNAGeometryCollection&&)'
  359 |                         geodesics = sDNAGeometryCollection(output_name_prefix+"geodesics"+output_name_postfix,POLYLINEZ,get_geodesic_field_metadata());
      |
       ^
C:/msys64/home/drjam/sdna_lite/sdna_lite/sDNA/sdna_vs2008/calculation.h:365:149: error: use of deleted function 'sDNAGeometryCollection& sDNAGeometryCollection::operator=(sDNAGeometryCollection&&)'
  365 |                         hulls = sDNAGeometryCollection(output_name_prefix+"hulls"+output_name_postfix,POLYGON,get_hull_or_netradius_field_metadata());
      |
      ^
C:/msys64/home/drjam/sdna_lite/sdna_lite/sDNA/sdna_vs2008/calculation.h:371:162: error: use of deleted function 'sDNAGeometryCollection& sDNAGeometryCollection::operator=(sDNAGeometryCollection&&)'
  371 |                         netradii = sDNAGeometryCollection(output_name_prefix+"netradii"+output_name_postfix,MULTIPOLYLINEZ,get_hull_or_netradius_field_metadata());
      |
                   ^
C:/msys64/home/drjam/sdna_lite/sdna_lite/sDNA/sdna_vs2008/calculation.h:377:163: error: use of deleted function 'sDNAGeometryCollection& sDNAGeometryCollection::operator=(sDNAGeometryCollection&&)'
  377 |                         destinationgeoms = sDNAGeometryCollection(output_name_prefix+"destinations"+output_name_postfix,POLYLINEZ,get_destination_field_metadata());
      |
                    ^
C:/msys64/home/drjam/sdna_lite/sdna_lite/sDNA/sdna_vs2008/calculation.h:466:48: error: cannot bind non-const lvalue reference of type 'std::vector<double>&' to an rvalue of type 'std::vector<double>'
  466 |                         lower_bound_radii.swap(vector<double>(radii.size(),0.));
      |                                                ^~~~~~~~~~~~~~~~~~~~~~~~~~~~~~~
C:/msys64/mingw64/include/c++/13.2.0/bits/stl_vector.h:1583:20: note:   initializing argument 1 of 'void std::vector<_Tp, _Alloc>::swap(std::vector<_Tp, _Alloc>&) [with _Tp = double; _Alloc = std::allocator<double>]'
 1583 |       swap(vector& __x) _GLIBCXX_NOEXCEPT
      |            ~~~~~~~~^~~
C:/msys64/home/drjam/sdna_lite/sdna_lite/sDNA/sdna_vs2008/calculation.h:471:48: error: cannot bind non-const lvalue reference of type 'std::vector<double>&' to an rvalue of type 'std::vector<double>'
  471 |                         lower_bound_radii.swap(vector<double>(1,0.));
      |                                                ^~~~~~~~~~~~~~~~~~~~
C:/msys64/mingw64/include/c++/13.2.0/bits/stl_vector.h:1583:20: note:   initializing argument 1 of 'void std::vector<_Tp, _Alloc>::swap(std::vector<_Tp, _Alloc>&) [with _Tp = double; _Alloc = std::allocator<double>]'
 1583 |       swap(vector& __x) _GLIBCXX_NOEXCEPT
      |            ~~~~~~~~^~~
C:/msys64/home/drjam/sdna_lite/sdna_lite/sDNA/sdna_vs2008/calculation.h: In static member function 'static int SDNAIntegralCalculation::get_skim_data(std::string, std::string, float, float, long int)':
C:/msys64/home/drjam/sdna_lite/sdna_lite/sDNA/sdna_vs2008/calculation.h:670:24: error: 'SDNAVariant' was not declared in this scope
  670 |                 vector<SDNAVariant> result(5);
      |                        ^~~~~~~~~~~
C:/msys64/home/drjam/sdna_lite/sdna_lite/sDNA/sdna_vs2008/calculation.h:670:35: error: template argument 1 is invalid
  670 |                 vector<SDNAVariant> result(5);
      |                                   ^
C:/msys64/home/drjam/sdna_lite/sdna_lite/sDNA/sdna_vs2008/calculation.h:670:35: error: template argument 2 is invalid
C:/msys64/home/drjam/sdna_lite/sdna_lite/sDNA/sdna_vs2008/calculation.h:671:23: error: invalid types 'int[int]' for array subscript
  671 |                 result[0] = SDNAVariant(orig);
      |                       ^
C:/msys64/home/drjam/sdna_lite/sdna_lite/sDNA/sdna_vs2008/calculation.h:672:23: error: invalid types 'int[int]' for array subscript
  672 |                 result[1] = SDNAVariant(dest);
      |                       ^
C:/msys64/home/drjam/sdna_lite/sdna_lite/sDNA/sdna_vs2008/calculation.h:673:23: error: invalid types 'int[int]' for array subscript
  673 |                 result[2] = SDNAVariant(meandist);
      |                       ^
C:/msys64/home/drjam/sdna_lite/sdna_lite/sDNA/sdna_vs2008/calculation.h:674:23: error: invalid types 'int[int]' for array subscript
  674 |                 result[3] = SDNAVariant(weight);
      |                       ^
C:/msys64/home/drjam/sdna_lite/sdna_lite/sDNA/sdna_vs2008/calculation.h:675:23: error: invalid types 'int[int]' for array subscript
  675 |                 result[4] = SDNAVariant(numeric_cast<long>(N));
      |                       ^
C:/msys64/home/drjam/sdna_lite/sdna_lite/sDNA/sdna_vs2008/calculation.h: In static member function 'static int SDNAIntegralCalculation::get_geodesic_data(long int, long int, double, float, float, float, float)':
C:/msys64/home/drjam/sdna_lite/sdna_lite/sDNA/sdna_vs2008/calculation.h:690:24: error: 'SDNAVariant' was not declared in this scope
  690 |                 vector<SDNAVariant> result(7);
      |                        ^~~~~~~~~~~
C:/msys64/home/drjam/sdna_lite/sdna_lite/sDNA/sdna_vs2008/calculation.h:690:35: error: template argument 1 is invalid
  690 |                 vector<SDNAVariant> result(7);
      |                                   ^
C:/msys64/home/drjam/sdna_lite/sdna_lite/sDNA/sdna_vs2008/calculation.h:690:35: error: template argument 2 is invalid
C:/msys64/home/drjam/sdna_lite/sdna_lite/sDNA/sdna_vs2008/calculation.h:691:23: error: invalid types 'int[int]' for array subscript
  691 |                 result[0]=SDNAVariant(orig);
      |                       ^
C:/msys64/home/drjam/sdna_lite/sdna_lite/sDNA/sdna_vs2008/calculation.h:692:23: error: invalid types 'int[int]' for array subscript
  692 |                 result[1]=SDNAVariant(dest);
      |                       ^
C:/msys64/home/drjam/sdna_lite/sdna_lite/sDNA/sdna_vs2008/calculation.h:693:23: error: invalid types 'int[int]' for array subscript
  693 |                 result[2]=SDNAVariant((float)radius);
      |                       ^
C:/msys64/home/drjam/sdna_lite/sdna_lite/sDNA/sdna_vs2008/calculation.h:694:23: error: invalid types 'int[int]' for array subscript
  694 |                 result[3]=SDNAVariant(weight);
      |                       ^
C:/msys64/home/drjam/sdna_lite/sdna_lite/sDNA/sdna_vs2008/calculation.h:695:23: error: invalid types 'int[int]' for array subscript
  695 |                 result[4]=SDNAVariant(tpweight);
      |                       ^
C:/msys64/home/drjam/sdna_lite/sdna_lite/sDNA/sdna_vs2008/calculation.h:696:23: error: invalid types 'int[int]' for array subscript
  696 |                 result[5]=SDNAVariant(anal_cost);
      |                       ^
C:/msys64/home/drjam/sdna_lite/sdna_lite/sDNA/sdna_vs2008/calculation.h:697:23: error: invalid types 'int[int]' for array subscript
  697 |                 result[6]=SDNAVariant(radial_cost);
      |                       ^
C:/msys64/home/drjam/sdna_lite/sdna_lite/sDNA/sdna_vs2008/calculation.h: In static member function 'static int SDNAIntegralCalculation::get_hull_or_netradius_data(long int, double, float)':
C:/msys64/home/drjam/sdna_lite/sdna_lite/sDNA/sdna_vs2008/calculation.h:714:24: error: 'SDNAVariant' was not declared in this scope
  714 |                 vector<SDNAVariant> result(3);
      |                        ^~~~~~~~~~~
C:/msys64/home/drjam/sdna_lite/sdna_lite/sDNA/sdna_vs2008/calculation.h:714:35: error: template argument 1 is invalid
  714 |                 vector<SDNAVariant> result(3);
      |                                   ^
C:/msys64/home/drjam/sdna_lite/sdna_lite/sDNA/sdna_vs2008/calculation.h:714:35: error: template argument 2 is invalid
C:/msys64/home/drjam/sdna_lite/sdna_lite/sDNA/sdna_vs2008/calculation.h:715:23: error: invalid types 'int[int]' for array subscript
  715 |                 result[0]=SDNAVariant(orig);
      |                       ^
C:/msys64/home/drjam/sdna_lite/sdna_lite/sDNA/sdna_vs2008/calculation.h:716:23: error: invalid types 'int[int]' for array subscript
  716 |                 result[1]=SDNAVariant((float)radius);
      |                       ^
C:/msys64/home/drjam/sdna_lite/sdna_lite/sDNA/sdna_vs2008/calculation.h:717:23: error: invalid types 'int[int]' for array subscript
  717 |                 result[2]=SDNAVariant(weight);
      |                       ^
C:/msys64/home/drjam/sdna_lite/sdna_lite/sDNA/sdna_vs2008/calculation.h: In static member function 'static int SDNAIntegralCalculation::get_destination_data(long int, long int, double, float, float, float, float, float)':
C:/msys64/home/drjam/sdna_lite/sdna_lite/sDNA/sdna_vs2008/calculation.h:731:24: error: 'SDNAVariant' was not declared in this scope
  731 |                 vector<SDNAVariant> result(9);
      |                        ^~~~~~~~~~~
C:/msys64/home/drjam/sdna_lite/sdna_lite/sDNA/sdna_vs2008/calculation.h:731:35: error: template argument 1 is invalid
  731 |                 vector<SDNAVariant> result(9);
      |                                   ^
C:/msys64/home/drjam/sdna_lite/sdna_lite/sDNA/sdna_vs2008/calculation.h:731:35: error: template argument 2 is invalid
C:/msys64/home/drjam/sdna_lite/sdna_lite/sDNA/sdna_vs2008/calculation.h:732:23: error: invalid types 'int[int]' for array subscript
  732 |                 result[0]=SDNAVariant(orig);
      |                       ^
C:/msys64/home/drjam/sdna_lite/sdna_lite/sDNA/sdna_vs2008/calculation.h:733:23: error: invalid types 'int[int]' for array subscript
  733 |                 result[1]=SDNAVariant(dest);
      |                       ^
C:/msys64/home/drjam/sdna_lite/sdna_lite/sDNA/sdna_vs2008/calculation.h:734:23: error: invalid types 'int[int]' for array subscript
  734 |                 result[2]=SDNAVariant((float)radius);
      |                       ^
C:/msys64/home/drjam/sdna_lite/sdna_lite/sDNA/sdna_vs2008/calculation.h:735:23: error: invalid types 'int[int]' for array subscript
  735 |                 result[3]=SDNAVariant(origweight);
      |                       ^
C:/msys64/home/drjam/sdna_lite/sdna_lite/sDNA/sdna_vs2008/calculation.h:736:23: error: invalid types 'int[int]' for array subscript
  736 |                 result[4]=SDNAVariant(tpweight);
      |                       ^
C:/msys64/home/drjam/sdna_lite/sdna_lite/sDNA/sdna_vs2008/calculation.h:737:23: error: invalid types 'int[int]' for array subscript
  737 |                 result[5]=SDNAVariant(anal_cost);
      |                       ^
C:/msys64/home/drjam/sdna_lite/sdna_lite/sDNA/sdna_vs2008/calculation.h:738:23: error: invalid types 'int[int]' for array subscript
  738 |                 result[6]=SDNAVariant(radial_cost);
      |                       ^
C:/msys64/home/drjam/sdna_lite/sdna_lite/sDNA/sdna_vs2008/calculation.h:739:23: error: invalid types 'int[int]' for array subscript
  739 |                 result[7]=SDNAVariant(crowflight);
      |                       ^
C:/msys64/home/drjam/sdna_lite/sdna_lite/sDNA/sdna_vs2008/calculation.h:740:23: error: invalid types 'int[int]' for array subscript
  740 |                 result[8]=SDNAVariant(radial_cost-crowflight);
      |                       ^
C:/msys64/home/drjam/sdna_lite/sdna_lite/sDNA/sdna_vs2008/calculation.h: In member function 'virtual int SDNAIntegralCalculation::get_outputs(long int)':
C:/msys64/home/drjam/sdna_lite/sdna_lite/sDNA/sdna_vs2008/calculation.h:772:24: error: 'SDNAVariant' was not declared in this scope
  772 |                 vector<SDNAVariant> result;
      |                        ^~~~~~~~~~~
C:/msys64/home/drjam/sdna_lite/sdna_lite/sDNA/sdna_vs2008/calculation.h:772:35: error: template argument 1 is invalid
  772 |                 vector<SDNAVariant> result;
      |                                   ^
C:/msys64/home/drjam/sdna_lite/sdna_lite/sDNA/sdna_vs2008/calculation.h:772:35: error: template argument 2 is invalid
C:/msys64/home/drjam/sdna_lite/sdna_lite/sDNA/sdna_vs2008/calculation.h:773:24: error: request for member 'reserve' in 'result', which is of non-class type 'int'
  773 |                 result.reserve(get_output_length());
      |                        ^~~~~~~
C:/msys64/home/drjam/sdna_lite/sdna_lite/sDNA/sdna_vs2008/calculation.h:775:32: error: request for member 'push_back' in 'result', which is of non-class type 'int'
  775 |                         result.push_back(SDNAVariant(f));
      |                                ^~~~~~~~~
C:/msys64/home/drjam/sdna_lite/sdna_lite/sDNA/sdna_vs2008/calculation.h: In member function 'void PartialNet::compute_analytical_costs(MetricEvaluator*)':
C:/msys64/home/drjam/sdna_lite/sdna_lite/sDNA/sdna_vs2008/calculation.h:860:17: error: 'run_dijkstra' was not declared in this scope
  860 |                 run_dijkstra(*this,*anal_best_costs_reaching_edge,metric_eval,GLOBAL_RADIUS,
      |                 ^~~~~~~~~~~~
C:/msys64/home/drjam/sdna_lite/sdna_lite/sDNA/sdna_vs2008/calculation.h: In constructor 'PartialNetCollection::PartialNetCollection(Net*, SDNAPolyline*, std::vector<double>&, std::vector<double>&, bool, MetricEvaluator*, bool, MetricEvaluator*, prob_route_action_t, double)':
C:/msys64/home/drjam/sdna_lite/sdna_lite/sDNA/sdna_vs2008/calculation.h:1109:17: error: 'run_dijkstra' was not declared in this scope
 1109 |                 run_dijkstra(full_net,radial_best_costs_reaching_edge,radial_eval,max_depth,backlinks,&junction_radial_costs);
      |                 ^~~~~~~~~~~~
C:/msys64/home/drjam/sdna_lite/sdna_lite/sDNA/sdna_vs2008/calc_output_code.cpp: In member function 'void SDNAIntegralCalculation::assign_output_names()':
C:/msys64/home/drjam/sdna_lite/sdna_lite/sDNA/sdna_vs2008/calc_output_code.cpp:12:16: error: cannot bind non-const lvalue reference of type 'OutputDataWrapper&' to an rvalue of type 'OutputDataWrapper'
   12 |         OUTPUT(SDNAPolylineConnectivityOutputDataWrapper());
      |                ^
C:/msys64/home/drjam/sdna_lite/sdna_lite/sDNA/sdna_vs2008/calc_output_code.cpp:5:59: note: in definition of macro 'OUTPUT'
    5 | #define OUTPUT(x) output_map.add_output(ExtraNameWrapper((x),output_name_prefix,output_name_postfix))
      |                                                           ^
In file included from C:/msys64/home/drjam/sdna_lite/sdna_lite/sDNA/sdna_vs2008/net.h:4:
C:/msys64/home/drjam/sdna_lite/sdna_lite/sDNA/sdna_vs2008/sdna_output_utils.h:404:45: note:   initializing argument 1 of 'ExtraNameWrapper::ExtraNameWrapper(OutputDataWrapper&, std::string, std::string)'
  404 |         ExtraNameWrapper(OutputDataWrapper &od,string pre,string post)
      |                          ~~~~~~~~~~~~~~~~~~~^~
C:/msys64/home/drjam/sdna_lite/sdna_lite/sDNA/sdna_vs2008/calc_output_code.cpp:13:16: error: cannot bind non-const lvalue reference of type 'OutputDataWrapper&' to an rvalue of type 'OutputDataWrapper'
   13 |         OUTPUT(SDNAPolylineLengthOutputDataWrapper());
      |                ^
C:/msys64/home/drjam/sdna_lite/sdna_lite/sDNA/sdna_vs2008/calc_output_code.cpp:5:59: note: in definition of macro 'OUTPUT'
    5 | #define OUTPUT(x) output_map.add_output(ExtraNameWrapper((x),output_name_prefix,output_name_postfix))
      |                                                           ^
C:/msys64/home/drjam/sdna_lite/sdna_lite/sDNA/sdna_vs2008/sdna_output_utils.h:404:45: note:   initializing argument 1 of 'ExtraNameWrapper::ExtraNameWrapper(OutputDataWrapper&, std::string, std::string)'
  404 |         ExtraNameWrapper(OutputDataWrapper &od,string pre,string post)
      |                          ~~~~~~~~~~~~~~~~~~~^~
C:/msys64/home/drjam/sdna_lite/sdna_lite/sDNA/sdna_vs2008/calc_output_code.cpp:14:16: error: cannot bind non-const lvalue reference of type 'OutputDataWrapper&' to an rvalue of type 'OutputDataWrapper'
   14 |         OUTPUT(PolylineIndexedArrayOutputDataWrapper("Link Fraction","LFrac",&link_fraction));
      |                ^
C:/msys64/home/drjam/sdna_lite/sdna_lite/sDNA/sdna_vs2008/calc_output_code.cpp:5:59: note: in definition of macro 'OUTPUT'
    5 | #define OUTPUT(x) output_map.add_output(ExtraNameWrapper((x),output_name_prefix,output_name_postfix))
      |                                                           ^
C:/msys64/home/drjam/sdna_lite/sdna_lite/sDNA/sdna_vs2008/sdna_output_utils.h:404:45: note:   initializing argument 1 of 'ExtraNameWrapper::ExtraNameWrapper(OutputDataWrapper&, std::string, std::string)'
  404 |         ExtraNameWrapper(OutputDataWrapper &od,string pre,string post)
      |                          ~~~~~~~~~~~~~~~~~~~^~
C:/msys64/home/drjam/sdna_lite/sdna_lite/sDNA/sdna_vs2008/calc_output_code.cpp:15:16: error: cannot bind non-const lvalue reference of type 'OutputDataWrapper&' to an rvalue of type 'OutputDataWrapper'
   15 |         OUTPUT(SDNAPolylineAngularCostOutputDataWrapper());
      |                ^
C:/msys64/home/drjam/sdna_lite/sdna_lite/sDNA/sdna_vs2008/calc_output_code.cpp:5:59: note: in definition of macro 'OUTPUT'
    5 | #define OUTPUT(x) output_map.add_output(ExtraNameWrapper((x),output_name_prefix,output_name_postfix))
      |                                                           ^
C:/msys64/home/drjam/sdna_lite/sdna_lite/sDNA/sdna_vs2008/sdna_output_utils.h:404:45: note:   initializing argument 1 of 'ExtraNameWrapper::ExtraNameWrapper(OutputDataWrapper&, std::string, std::string)'
  404 |         ExtraNameWrapper(OutputDataWrapper &od,string pre,string post)
      |                          ~~~~~~~~~~~~~~~~~~~^~
C:/msys64/home/drjam/sdna_lite/sdna_lite/sDNA/sdna_vs2008/calc_output_code.cpp:16:16: error: cannot bind non-const lvalue reference of type 'OutputDataWrapper&' to an rvalue of type 'OutputDataWrapper'
   16 |         OUTPUT(SDNAPolylineSinuosityOutputDataWrapper());
      |                ^
C:/msys64/home/drjam/sdna_lite/sdna_lite/sDNA/sdna_vs2008/calc_output_code.cpp:5:59: note: in definition of macro 'OUTPUT'
    5 | #define OUTPUT(x) output_map.add_output(ExtraNameWrapper((x),output_name_prefix,output_name_postfix))
      |                                                           ^
C:/msys64/home/drjam/sdna_lite/sdna_lite/sDNA/sdna_vs2008/sdna_output_utils.h:404:45: note:   initializing argument 1 of 'ExtraNameWrapper::ExtraNameWrapper(OutputDataWrapper&, std::string, std::string)'
  404 |         ExtraNameWrapper(OutputDataWrapper &od,string pre,string post)
      |                          ~~~~~~~~~~~~~~~~~~~^~
C:/msys64/home/drjam/sdna_lite/sdna_lite/sDNA/sdna_vs2008/calc_output_code.cpp:17:16: error: cannot bind non-const lvalue reference of type 'OutputDataWrapper&' to an rvalue of type 'OutputDataWrapper'
   17 |         OUTPUT(SDNAPolylineBearingOutputDataWrapper());
      |                ^
C:/msys64/home/drjam/sdna_lite/sdna_lite/sDNA/sdna_vs2008/calc_output_code.cpp:5:59: note: in definition of macro 'OUTPUT'
    5 | #define OUTPUT(x) output_map.add_output(ExtraNameWrapper((x),output_name_prefix,output_name_postfix))
      |                                                           ^
C:/msys64/home/drjam/sdna_lite/sdna_lite/sDNA/sdna_vs2008/sdna_output_utils.h:404:45: note:   initializing argument 1 of 'ExtraNameWrapper::ExtraNameWrapper(OutputDataWrapper&, std::string, std::string)'
  404 |         ExtraNameWrapper(OutputDataWrapper &od,string pre,string post)
      |                          ~~~~~~~~~~~~~~~~~~~^~
C:/msys64/home/drjam/sdna_lite/sdna_lite/sDNA/sdna_vs2008/calc_output_code.cpp:21:24: error: cannot bind non-const lvalue reference of type 'OutputDataWrapper&' to an rvalue of type 'OutputDataWrapper'
   21 |                 OUTPUT(SDNAPolylineMetricOutputDataWrapper(static_cast<HybridMetricEvaluator*>(&*analysis_evaluator_factory),PLUS));
      |                        ^
C:/msys64/home/drjam/sdna_lite/sdna_lite/sDNA/sdna_vs2008/calc_output_code.cpp:5:59: note: in definition of macro 'OUTPUT'
    5 | #define OUTPUT(x) output_map.add_output(ExtraNameWrapper((x),output_name_prefix,output_name_postfix))
      |                                                           ^
C:/msys64/home/drjam/sdna_lite/sdna_lite/sDNA/sdna_vs2008/sdna_output_utils.h:404:45: note:   initializing argument 1 of 'ExtraNameWrapper::ExtraNameWrapper(OutputDataWrapper&, std::string, std::string)'
  404 |         ExtraNameWrapper(OutputDataWrapper &od,string pre,string post)
      |                          ~~~~~~~~~~~~~~~~~~~^~
C:/msys64/home/drjam/sdna_lite/sdna_lite/sDNA/sdna_vs2008/calc_output_code.cpp:22:24: error: cannot bind non-const lvalue reference of type 'OutputDataWrapper&' to an rvalue of type 'OutputDataWrapper'
   22 |                 OUTPUT(SDNAPolylineMetricOutputDataWrapper(static_cast<HybridMetricEvaluator*>(&*analysis_evaluator_factory),MINUS));
      |                        ^
C:/msys64/home/drjam/sdna_lite/sdna_lite/sDNA/sdna_vs2008/calc_output_code.cpp:5:59: note: in definition of macro 'OUTPUT'
    5 | #define OUTPUT(x) output_map.add_output(ExtraNameWrapper((x),output_name_prefix,output_name_postfix))
      |                                                           ^
C:/msys64/home/drjam/sdna_lite/sdna_lite/sDNA/sdna_vs2008/sdna_output_utils.h:404:45: note:   initializing argument 1 of 'ExtraNameWrapper::ExtraNameWrapper(OutputDataWrapper&, std::string, std::string)'
  404 |         ExtraNameWrapper(OutputDataWrapper &od,string pre,string post)
      |                          ~~~~~~~~~~~~~~~~~~~^~
C:/msys64/home/drjam/sdna_lite/sdna_lite/sDNA/sdna_vs2008/calc_output_code.cpp:35:24: error: cannot bind non-const lvalue reference of type 'OutputDataWrapper&' to an rvalue of type 'OutputDataWrapper'
   35 |                 OUTPUT(PolylineIndexedArrayOutputDataWrapper("Line Origin Weight","LOrigWt",&origweightdata));
      |                        ^
C:/msys64/home/drjam/sdna_lite/sdna_lite/sDNA/sdna_vs2008/calc_output_code.cpp:5:59: note: in definition of macro 'OUTPUT'
    5 | #define OUTPUT(x) output_map.add_output(ExtraNameWrapper((x),output_name_prefix,output_name_postfix))
      |                                                           ^
C:/msys64/home/drjam/sdna_lite/sdna_lite/sDNA/sdna_vs2008/sdna_output_utils.h:404:45: note:   initializing argument 1 of 'ExtraNameWrapper::ExtraNameWrapper(OutputDataWrapper&, std::string, std::string)'
  404 |         ExtraNameWrapper(OutputDataWrapper &od,string pre,string post)
      |                          ~~~~~~~~~~~~~~~~~~~^~
C:/msys64/home/drjam/sdna_lite/sdna_lite/sDNA/sdna_vs2008/calc_output_code.cpp:36:24: error: cannot bind non-const lvalue reference of type 'OutputDataWrapper&' to an rvalue of type 'OutputDataWrapper'
   36 |                 OUTPUT(PolylineIndexedArrayOutputDataWrapper("Line Destination Weight","LDestWt",&destweightdata));
      |                        ^
C:/msys64/home/drjam/sdna_lite/sdna_lite/sDNA/sdna_vs2008/calc_output_code.cpp:5:59: note: in definition of macro 'OUTPUT'
    5 | #define OUTPUT(x) output_map.add_output(ExtraNameWrapper((x),output_name_prefix,output_name_postfix))
      |                                                           ^
C:/msys64/home/drjam/sdna_lite/sdna_lite/sDNA/sdna_vs2008/sdna_output_utils.h:404:45: note:   initializing argument 1 of 'ExtraNameWrapper::ExtraNameWrapper(OutputDataWrapper&, std::string, std::string)'
  404 |         ExtraNameWrapper(OutputDataWrapper &od,string pre,string post)
      |                          ~~~~~~~~~~~~~~~~~~~^~
C:/msys64/home/drjam/sdna_lite/sdna_lite/sDNA/sdna_vs2008/calc_output_code.cpp:50:32: error: cannot bind non-const lvalue reference of type 'OutputDataWrapper&' to an rvalue of type 'OutputDataWrapper'
   50 |                         OUTPUT(RadialOutputDataWrapper(closeness_name,closeness_shortname,&closeness,r,radii,cont_space,weighting_desc,TAKE_SAMPLE_MEANS));
      |                                ^
C:/msys64/home/drjam/sdna_lite/sdna_lite/sDNA/sdna_vs2008/calc_output_code.cpp:5:59: note: in definition of macro 'OUTPUT'
    5 | #define OUTPUT(x) output_map.add_output(ExtraNameWrapper((x),output_name_prefix,output_name_postfix))
      |                                                           ^
C:/msys64/home/drjam/sdna_lite/sdna_lite/sDNA/sdna_vs2008/sdna_output_utils.h:404:45: note:   initializing argument 1 of 'ExtraNameWrapper::ExtraNameWrapper(OutputDataWrapper&, std::string, std::string)'
  404 |         ExtraNameWrapper(OutputDataWrapper &od,string pre,string post)
      |                          ~~~~~~~~~~~~~~~~~~~^~
C:/msys64/home/drjam/sdna_lite/sdna_lite/sDNA/sdna_vs2008/calc_output_code.cpp:59:32: error: cannot bind non-const lvalue reference of type 'OutputDataWrapper&' to an rvalue of type 'OutputDataWrapper'
   59 |                         OUTPUT(ControlledRadialOutputDataWrapper(mean_dist_wrapper,&total_weight));
      |                                ^
C:/msys64/home/drjam/sdna_lite/sdna_lite/sDNA/sdna_vs2008/calc_output_code.cpp:5:59: note: in definition of macro 'OUTPUT'
    5 | #define OUTPUT(x) output_map.add_output(ExtraNameWrapper((x),output_name_prefix,output_name_postfix))
      |                                                           ^
C:/msys64/home/drjam/sdna_lite/sdna_lite/sDNA/sdna_vs2008/sdna_output_utils.h:404:45: note:   initializing argument 1 of 'ExtraNameWrapper::ExtraNameWrapper(OutputDataWrapper&, std::string, std::string)'
  404 |         ExtraNameWrapper(OutputDataWrapper &od,string pre,string post)
      |                          ~~~~~~~~~~~~~~~~~~~^~
C:/msys64/home/drjam/sdna_lite/sdna_lite/sDNA/sdna_vs2008/calc_output_code.cpp:62:24: error: cannot bind non-const lvalue reference of type 'OutputDataWrapper&' to an rvalue of type 'OutputDataWrapper'
   62 |                 OUTPUT(RadialOutputDataWrapper("NetQuantPD "+analysis_type_abbrev,"NQPD"+analysis_type_letter,&accessibility,
      |                        ^
C:/msys64/home/drjam/sdna_lite/sdna_lite/sDNA/sdna_vs2008/calc_output_code.cpp:5:59: note: in definition of macro 'OUTPUT'
    5 | #define OUTPUT(x) output_map.add_output(ExtraNameWrapper((x),output_name_prefix,output_name_postfix))
      |                                                           ^
C:/msys64/home/drjam/sdna_lite/sdna_lite/sDNA/sdna_vs2008/sdna_output_utils.h:404:45: note:   initializing argument 1 of 'ExtraNameWrapper::ExtraNameWrapper(OutputDataWrapper&, std::string, std::string)'
  404 |         ExtraNameWrapper(OutputDataWrapper &od,string pre,string post)
      |                          ~~~~~~~~~~~~~~~~~~~^~
C:/msys64/home/drjam/sdna_lite/sdna_lite/sDNA/sdna_vs2008/calc_output_code.cpp:69:32: error: cannot bind non-const lvalue reference of type 'OutputDataWrapper&' to an rvalue of type 'OutputDataWrapper'
   69 |                         OUTPUT(RadialOutputDataWrapper("Betweenness "+analysis_type_abbrev,"Bt"+analysis_type_letter,betweenness.get_output_facade_bidirectional(),
      |                                ^
C:/msys64/home/drjam/sdna_lite/sdna_lite/sDNA/sdna_vs2008/calc_output_code.cpp:5:59: note: in definition of macro 'OUTPUT'
    5 | #define OUTPUT(x) output_map.add_output(ExtraNameWrapper((x),output_name_prefix,output_name_postfix))
      |                                                           ^
C:/msys64/home/drjam/sdna_lite/sdna_lite/sDNA/sdna_vs2008/sdna_output_utils.h:404:45: note:   initializing argument 1 of 'ExtraNameWrapper::ExtraNameWrapper(OutputDataWrapper&, std::string, std::string)'
  404 |         ExtraNameWrapper(OutputDataWrapper &od,string pre,string post)
      |                          ~~~~~~~~~~~~~~~~~~~^~
C:/msys64/home/drjam/sdna_lite/sdna_lite/sDNA/sdna_vs2008/calc_output_code.cpp:71:32: error: cannot bind non-const lvalue reference of type 'OutputDataWrapper&' to an rvalue of type 'OutputDataWrapper'
   71 |                         OUTPUT(RadialOutputDataWrapper("TPBetweenness "+analysis_type_abbrev,"TPBt"+analysis_type_letter,two_stage_betweenness.get_output_facade_bidirectional(),
      |                                ^
C:/msys64/home/drjam/sdna_lite/sdna_lite/sDNA/sdna_vs2008/calc_output_code.cpp:5:59: note: in definition of macro 'OUTPUT'
    5 | #define OUTPUT(x) output_map.add_output(ExtraNameWrapper((x),output_name_prefix,output_name_postfix))
      |                                                           ^
C:/msys64/home/drjam/sdna_lite/sdna_lite/sDNA/sdna_vs2008/sdna_output_utils.h:404:45: note:   initializing argument 1 of 'ExtraNameWrapper::ExtraNameWrapper(OutputDataWrapper&, std::string, std::string)'
  404 |         ExtraNameWrapper(OutputDataWrapper &od,string pre,string post)
      |                          ~~~~~~~~~~~~~~~~~~~^~
C:/msys64/home/drjam/sdna_lite/sdna_lite/sDNA/sdna_vs2008/calc_output_code.cpp:76:32: error: cannot bind non-const lvalue reference of type 'OutputDataWrapper&' to an rvalue of type 'OutputDataWrapper'
   76 |                         OUTPUT(RadialOutputDataWrapper("Betweenness Fwd "+analysis_type_abbrev,"BtF"+analysis_type_letter,betweenness.get_output_facade(PLUS),
      |                                ^
C:/msys64/home/drjam/sdna_lite/sdna_lite/sDNA/sdna_vs2008/calc_output_code.cpp:5:59: note: in definition of macro 'OUTPUT'
    5 | #define OUTPUT(x) output_map.add_output(ExtraNameWrapper((x),output_name_prefix,output_name_postfix))
      |                                                           ^
C:/msys64/home/drjam/sdna_lite/sdna_lite/sDNA/sdna_vs2008/sdna_output_utils.h:404:45: note:   initializing argument 1 of 'ExtraNameWrapper::ExtraNameWrapper(OutputDataWrapper&, std::string, std::string)'
  404 |         ExtraNameWrapper(OutputDataWrapper &od,string pre,string post)
      |                          ~~~~~~~~~~~~~~~~~~~^~
C:/msys64/home/drjam/sdna_lite/sdna_lite/sDNA/sdna_vs2008/calc_output_code.cpp:78:32: error: cannot bind non-const lvalue reference of type 'OutputDataWrapper&' to an rvalue of type 'OutputDataWrapper'
   78 |                         OUTPUT(RadialOutputDataWrapper("Betweenness Bwd "+analysis_type_abbrev,"BtB"+analysis_type_letter,betweenness.get_output_facade(MINUS),
      |                                ^
C:/msys64/home/drjam/sdna_lite/sdna_lite/sDNA/sdna_vs2008/calc_output_code.cpp:5:59: note: in definition of macro 'OUTPUT'
    5 | #define OUTPUT(x) output_map.add_output(ExtraNameWrapper((x),output_name_prefix,output_name_postfix))
      |                                                           ^
C:/msys64/home/drjam/sdna_lite/sdna_lite/sDNA/sdna_vs2008/sdna_output_utils.h:404:45: note:   initializing argument 1 of 'ExtraNameWrapper::ExtraNameWrapper(OutputDataWrapper&, std::string, std::string)'
  404 |         ExtraNameWrapper(OutputDataWrapper &od,string pre,string post)
      |                          ~~~~~~~~~~~~~~~~~~~^~
C:/msys64/home/drjam/sdna_lite/sdna_lite/sDNA/sdna_vs2008/calc_output_code.cpp:80:32: error: cannot bind non-const lvalue reference of type 'OutputDataWrapper&' to an rvalue of type 'OutputDataWrapper'
   80 |                         OUTPUT(RadialOutputDataWrapper("TPBetweenness Fwd "+analysis_type_abbrev,"TPBtF"+analysis_type_letter,two_stage_betweenness.get_output_facade(PLUS),
      |                                ^
C:/msys64/home/drjam/sdna_lite/sdna_lite/sDNA/sdna_vs2008/calc_output_code.cpp:5:59: note: in definition of macro 'OUTPUT'
    5 | #define OUTPUT(x) output_map.add_output(ExtraNameWrapper((x),output_name_prefix,output_name_postfix))
      |                                                           ^
C:/msys64/home/drjam/sdna_lite/sdna_lite/sDNA/sdna_vs2008/sdna_output_utils.h:404:45: note:   initializing argument 1 of 'ExtraNameWrapper::ExtraNameWrapper(OutputDataWrapper&, std::string, std::string)'
  404 |         ExtraNameWrapper(OutputDataWrapper &od,string pre,string post)
      |                          ~~~~~~~~~~~~~~~~~~~^~
C:/msys64/home/drjam/sdna_lite/sdna_lite/sDNA/sdna_vs2008/calc_output_code.cpp:82:32: error: cannot bind non-const lvalue reference of type 'OutputDataWrapper&' to an rvalue of type 'OutputDataWrapper'
   82 |                         OUTPUT(RadialOutputDataWrapper("TPBetweenness Bwd "+analysis_type_abbrev,"TPBtB"+analysis_type_letter,two_stage_betweenness.get_output_facade(MINUS),
      |                                ^
C:/msys64/home/drjam/sdna_lite/sdna_lite/sDNA/sdna_vs2008/calc_output_code.cpp:5:59: note: in definition of macro 'OUTPUT'
    5 | #define OUTPUT(x) output_map.add_output(ExtraNameWrapper((x),output_name_prefix,output_name_postfix))
      |                                                           ^
C:/msys64/home/drjam/sdna_lite/sdna_lite/sDNA/sdna_vs2008/sdna_output_utils.h:404:45: note:   initializing argument 1 of 'ExtraNameWrapper::ExtraNameWrapper(OutputDataWrapper&, std::string, std::string)'
  404 |         ExtraNameWrapper(OutputDataWrapper &od,string pre,string post)
      |                          ~~~~~~~~~~~~~~~~~~~^~
C:/msys64/home/drjam/sdna_lite/sdna_lite/sDNA/sdna_vs2008/calc_output_code.cpp:86:24: error: cannot bind non-const lvalue reference of type 'OutputDataWrapper&' to an rvalue of type 'OutputDataWrapper'
   86 |                 OUTPUT(RadialOutputDataWrapper("TPDestination","TPD",&two_stage_dest_popularity,
      |                        ^
C:/msys64/home/drjam/sdna_lite/sdna_lite/sDNA/sdna_vs2008/calc_output_code.cpp:5:59: note: in definition of macro 'OUTPUT'
    5 | #define OUTPUT(x) output_map.add_output(ExtraNameWrapper((x),output_name_prefix,output_name_postfix))
      |                                                           ^
C:/msys64/home/drjam/sdna_lite/sdna_lite/sDNA/sdna_vs2008/sdna_output_utils.h:404:45: note:   initializing argument 1 of 'ExtraNameWrapper::ExtraNameWrapper(OutputDataWrapper&, std::string, std::string)'
  404 |         ExtraNameWrapper(OutputDataWrapper &od,string pre,string post)
      |                          ~~~~~~~~~~~~~~~~~~~^~
C:/msys64/home/drjam/sdna_lite/sdna_lite/sDNA/sdna_vs2008/calc_output_code.cpp:89:24: error: cannot bind non-const lvalue reference of type 'OutputDataWrapper&' to an rvalue of type 'OutputDataWrapper'
   89 |                 OUTPUT(RadialOutputDataWrapper("Links",         "Lnk", &total_num_links,
      |                        ^
C:/msys64/home/drjam/sdna_lite/sdna_lite/sDNA/sdna_vs2008/calc_output_code.cpp:5:59: note: in definition of macro 'OUTPUT'
    5 | #define OUTPUT(x) output_map.add_output(ExtraNameWrapper((x),output_name_prefix,output_name_postfix))
      |                                                           ^
C:/msys64/home/drjam/sdna_lite/sdna_lite/sDNA/sdna_vs2008/sdna_output_utils.h:404:45: note:   initializing argument 1 of 'ExtraNameWrapper::ExtraNameWrapper(OutputDataWrapper&, std::string, std::string)'
  404 |         ExtraNameWrapper(OutputDataWrapper &od,string pre,string post)
      |                          ~~~~~~~~~~~~~~~~~~~^~
C:/msys64/home/drjam/sdna_lite/sdna_lite/sDNA/sdna_vs2008/calc_output_code.cpp:91:24: error: cannot bind non-const lvalue reference of type 'OutputDataWrapper&' to an rvalue of type 'OutputDataWrapper'
   91 |                 OUTPUT(RadialOutputDataWrapper("Length",        "Len", &total_link_length,
      |                        ^
C:/msys64/home/drjam/sdna_lite/sdna_lite/sDNA/sdna_vs2008/calc_output_code.cpp:5:59: note: in definition of macro 'OUTPUT'
    5 | #define OUTPUT(x) output_map.add_output(ExtraNameWrapper((x),output_name_prefix,output_name_postfix))
      |                                                           ^
C:/msys64/home/drjam/sdna_lite/sdna_lite/sDNA/sdna_vs2008/sdna_output_utils.h:404:45: note:   initializing argument 1 of 'ExtraNameWrapper::ExtraNameWrapper(OutputDataWrapper&, std::string, std::string)'
  404 |         ExtraNameWrapper(OutputDataWrapper &od,string pre,string post)
      |                          ~~~~~~~~~~~~~~~~~~~^~
C:/msys64/home/drjam/sdna_lite/sdna_lite/sDNA/sdna_vs2008/calc_output_code.cpp:93:24: error: cannot bind non-const lvalue reference of type 'OutputDataWrapper&' to an rvalue of type 'OutputDataWrapper'
   93 |                 OUTPUT(RadialOutputDataWrapper("Ang Dist",      "AngD", &total_angular_cost,
      |                        ^
C:/msys64/home/drjam/sdna_lite/sdna_lite/sDNA/sdna_vs2008/calc_output_code.cpp:5:59: note: in definition of macro 'OUTPUT'
    5 | #define OUTPUT(x) output_map.add_output(ExtraNameWrapper((x),output_name_prefix,output_name_postfix))
      |                                                           ^
C:/msys64/home/drjam/sdna_lite/sdna_lite/sDNA/sdna_vs2008/sdna_output_utils.h:404:45: note:   initializing argument 1 of 'ExtraNameWrapper::ExtraNameWrapper(OutputDataWrapper&, std::string, std::string)'
  404 |         ExtraNameWrapper(OutputDataWrapper &od,string pre,string post)
      |                          ~~~~~~~~~~~~~~~~~~~^~
C:/msys64/home/drjam/sdna_lite/sdna_lite/sDNA/sdna_vs2008/calc_output_code.cpp:95:24: error: cannot bind non-const lvalue reference of type 'OutputDataWrapper&' to an rvalue of type 'OutputDataWrapper'
   95 |                 OUTPUT(RadialOutputDataWrapper("Weight",           "Wt", &total_weight,
      |                        ^
C:/msys64/home/drjam/sdna_lite/sdna_lite/sDNA/sdna_vs2008/calc_output_code.cpp:5:59: note: in definition of macro 'OUTPUT'
    5 | #define OUTPUT(x) output_map.add_output(ExtraNameWrapper((x),output_name_prefix,output_name_postfix))
      |                                                           ^
C:/msys64/home/drjam/sdna_lite/sdna_lite/sDNA/sdna_vs2008/sdna_output_utils.h:404:45: note:   initializing argument 1 of 'ExtraNameWrapper::ExtraNameWrapper(OutputDataWrapper&, std::string, std::string)'
  404 |         ExtraNameWrapper(OutputDataWrapper &od,string pre,string post)
      |                          ~~~~~~~~~~~~~~~~~~~^~
C:/msys64/home/drjam/sdna_lite/sdna_lite/sDNA/sdna_vs2008/calc_output_code.cpp:98:24: error: cannot bind non-const lvalue reference of type 'OutputDataWrapper&' to an rvalue of type 'OutputDataWrapper'
   98 |                 OUTPUT(RadialOutputDataWrapper("Junctions",     "Jnc", &total_num_junctions,
      |                        ^
C:/msys64/home/drjam/sdna_lite/sdna_lite/sDNA/sdna_vs2008/calc_output_code.cpp:5:59: note: in definition of macro 'OUTPUT'
    5 | #define OUTPUT(x) output_map.add_output(ExtraNameWrapper((x),output_name_prefix,output_name_postfix))
      |                                                           ^
C:/msys64/home/drjam/sdna_lite/sdna_lite/sDNA/sdna_vs2008/sdna_output_utils.h:404:45: note:   initializing argument 1 of 'ExtraNameWrapper::ExtraNameWrapper(OutputDataWrapper&, std::string, std::string)'
  404 |         ExtraNameWrapper(OutputDataWrapper &od,string pre,string post)
      |                          ~~~~~~~~~~~~~~~~~~~^~
C:/msys64/home/drjam/sdna_lite/sdna_lite/sDNA/sdna_vs2008/calc_output_code.cpp:100:24: error: cannot bind non-const lvalue reference of type 'OutputDataWrapper&' to an rvalue of type 'OutputDataWrapper'
  100 |                 OUTPUT(RadialOutputDataWrapper("Connectivity",  "Con", &total_connectivity,
      |                        ^
C:/msys64/home/drjam/sdna_lite/sdna_lite/sDNA/sdna_vs2008/calc_output_code.cpp:5:59: note: in definition of macro 'OUTPUT'
    5 | #define OUTPUT(x) output_map.add_output(ExtraNameWrapper((x),output_name_prefix,output_name_postfix))
      |                                                           ^
C:/msys64/home/drjam/sdna_lite/sdna_lite/sDNA/sdna_vs2008/sdna_output_utils.h:404:45: note:   initializing argument 1 of 'ExtraNameWrapper::ExtraNameWrapper(OutputDataWrapper&, std::string, std::string)'
  404 |         ExtraNameWrapper(OutputDataWrapper &od,string pre,string post)
      |                          ~~~~~~~~~~~~~~~~~~~^~
C:/msys64/home/drjam/sdna_lite/sdna_lite/sDNA/sdna_vs2008/calc_output_code.cpp:104:32: error: cannot bind non-const lvalue reference of type 'OutputDataWrapper&' to an rvalue of type 'OutputDataWrapper'
  104 |                         OUTPUT(RadialOutputDataWrapper("SumGeoLen "+analysis_type_abbrev,"SGL"+analysis_type_letter,&total_geodesic_length_weighted,
      |                                ^
C:/msys64/home/drjam/sdna_lite/sdna_lite/sDNA/sdna_vs2008/calc_output_code.cpp:5:59: note: in definition of macro 'OUTPUT'
    5 | #define OUTPUT(x) output_map.add_output(ExtraNameWrapper((x),output_name_prefix,output_name_postfix))
      |                                                           ^
C:/msys64/home/drjam/sdna_lite/sdna_lite/sDNA/sdna_vs2008/sdna_output_utils.h:404:45: note:   initializing argument 1 of 'ExtraNameWrapper::ExtraNameWrapper(OutputDataWrapper&, std::string, std::string)'
  404 |         ExtraNameWrapper(OutputDataWrapper &od,string pre,string post)
      |                          ~~~~~~~~~~~~~~~~~~~^~
C:/msys64/home/drjam/sdna_lite/sdna_lite/sDNA/sdna_vs2008/calc_output_code.cpp:111:49: error: cannot bind non-const lvalue reference of type 'RadialOutputDataWrapper&' to an rvalue of type 'RadialOutputDataWrapper'
  111 |                                                 RadialOutputDataWrapper("MeanGeoLen "+analysis_type_abbrev,"MGL"+analysis_type_letter,&total_geodesic_length_weighted,
      |                                                 ^~~~~~~~~~~~~~~~~~~~~~~~~~~~~~~~~~~~~~~~~~~~~~~~~~~~~~~~~~~~~~~~~~~~~~~~~~~~~~~~~~~~~~~~~~~~~~~~~~~~~~~~~~~~~~~~~~~~~~
  112 |                                                                                                 r,radii,cont_space,weighting_desc,RAW_VALUE),
      |                                                                                                 ~~~~~~~~~~~~~~~~~~~~~~~~~~~~~~~~~~~~~~~~~~~~
C:/msys64/home/drjam/sdna_lite/sdna_lite/sDNA/sdna_vs2008/calc_output_code.cpp:5:59: note: in definition of macro 'OUTPUT'
    5 | #define OUTPUT(x) output_map.add_output(ExtraNameWrapper((x),output_name_prefix,output_name_postfix))
      |                                                           ^
C:/msys64/home/drjam/sdna_lite/sdna_lite/sDNA/sdna_vs2008/sdna_output_utils.h:137:68: note:   initializing argument 1 of 'ControlledRadialOutputDataWrapper::ControlledRadialOutputDataWrapper(RadialOutputDataWrapper&, SDNAPolylineIdRadiusIndexed2dArrayBase*)'
  137 |         ControlledRadialOutputDataWrapper(RadialOutputDataWrapper &data,
      |                                           ~~~~~~~~~~~~~~~~~~~~~~~~~^~~~
C:/msys64/home/drjam/sdna_lite/sdna_lite/sDNA/sdna_vs2008/calc_output_code.cpp:116:32: error: cannot bind non-const lvalue reference of type 'OutputDataWrapper&' to an rvalue of type 'OutputDataWrapper'
  116 |                         OUTPUT(RadialOutputDataWrapper("Sum Crow Flight","SCF", &total_crow_flies,
      |                                ^
C:/msys64/home/drjam/sdna_lite/sdna_lite/sDNA/sdna_vs2008/calc_output_code.cpp:5:59: note: in definition of macro 'OUTPUT'
    5 | #define OUTPUT(x) output_map.add_output(ExtraNameWrapper((x),output_name_prefix,output_name_postfix))
      |                                                           ^
C:/msys64/home/drjam/sdna_lite/sdna_lite/sDNA/sdna_vs2008/sdna_output_utils.h:404:45: note:   initializing argument 1 of 'ExtraNameWrapper::ExtraNameWrapper(OutputDataWrapper&, std::string, std::string)'
  404 |         ExtraNameWrapper(OutputDataWrapper &od,string pre,string post)
      |                          ~~~~~~~~~~~~~~~~~~~^~
C:/msys64/home/drjam/sdna_lite/sdna_lite/sDNA/sdna_vs2008/calc_output_code.cpp:123:49: error: cannot bind non-const lvalue reference of type 'RadialOutputDataWrapper&' to an rvalue of type 'RadialOutputDataWrapper'
  123 |                                                 RadialOutputDataWrapper("Mean Crow Flight","MCF",&total_crow_flies,
      |                                                 ^~~~~~~~~~~~~~~~~~~~~~~~~~~~~~~~~~~~~~~~~~~~~~~~~~~~~~~~~~~~~~~~~~~
  124 |                                                                                                 r,radii,cont_space,weighting_desc,RAW_VALUE),
      |                                                                                                 ~~~~~~~~~~~~~~~~~~~~~~~~~~~~~~~~~~~~~~~~~~~~
C:/msys64/home/drjam/sdna_lite/sdna_lite/sDNA/sdna_vs2008/calc_output_code.cpp:5:59: note: in definition of macro 'OUTPUT'
    5 | #define OUTPUT(x) output_map.add_output(ExtraNameWrapper((x),output_name_prefix,output_name_postfix))
      |                                                           ^
C:/msys64/home/drjam/sdna_lite/sdna_lite/sDNA/sdna_vs2008/sdna_output_utils.h:137:68: note:   initializing argument 1 of 'ControlledRadialOutputDataWrapper::ControlledRadialOutputDataWrapper(RadialOutputDataWrapper&, SDNAPolylineIdRadiusIndexed2dArrayBase*)'
  137 |         ControlledRadialOutputDataWrapper(RadialOutputDataWrapper &data,
      |                                           ~~~~~~~~~~~~~~~~~~~~~~~~~^~~~
C:/msys64/home/drjam/sdna_lite/sdna_lite/sDNA/sdna_vs2008/calc_output_code.cpp:130:49: error: cannot bind non-const lvalue reference of type 'RadialOutputDataWrapper&' to an rvalue of type 'RadialOutputDataWrapper'
  130 |                                                 RadialOutputDataWrapper("Diversion Ratio "+analysis_type_abbrev,"Div"+analysis_type_letter, &diversion_ratio,
      |                                                 ^~~~~~~~~~~~~~~~~~~~~~~~~~~~~~~~~~~~~~~~~~~~~~~~~~~~~~~~~~~~~~~~~~~~~~~~~~~~~~~~~~~~~~~~~~~~~~~~~~~~~~~~~~~~~
  131 |                                                                                         r,radii,cont_space,weighting_desc,RAW_VALUE),
      |                                                                                         ~~~~~~~~~~~~~~~~~~~~~~~~~~~~~~~~~~~~~~~~~~~~
C:/msys64/home/drjam/sdna_lite/sdna_lite/sDNA/sdna_vs2008/calc_output_code.cpp:5:59: note: in definition of macro 'OUTPUT'
    5 | #define OUTPUT(x) output_map.add_output(ExtraNameWrapper((x),output_name_prefix,output_name_postfix))
      |                                                           ^
C:/msys64/home/drjam/sdna_lite/sdna_lite/sDNA/sdna_vs2008/sdna_output_utils.h:137:68: note:   initializing argument 1 of 'ControlledRadialOutputDataWrapper::ControlledRadialOutputDataWrapper(RadialOutputDataWrapper&, SDNAPolylineIdRadiusIndexed2dArrayBase*)'
  137 |         ControlledRadialOutputDataWrapper(RadialOutputDataWrapper &data,
      |                                           ~~~~~~~~~~~~~~~~~~~~~~~~~^~~~
C:/msys64/home/drjam/sdna_lite/sdna_lite/sDNA/sdna_vs2008/calc_output_code.cpp:134:24: error: cannot bind non-const lvalue reference of type 'OutputDataWrapper&' to an rvalue of type 'OutputDataWrapper'
  134 |                 OUTPUT(RadialOutputDataWrapper("Convex Hull Area",   "HullA",&convex_hull_area,
      |                        ^
C:/msys64/home/drjam/sdna_lite/sdna_lite/sDNA/sdna_vs2008/calc_output_code.cpp:5:59: note: in definition of macro 'OUTPUT'
    5 | #define OUTPUT(x) output_map.add_output(ExtraNameWrapper((x),output_name_prefix,output_name_postfix))
      |                                                           ^
C:/msys64/home/drjam/sdna_lite/sdna_lite/sDNA/sdna_vs2008/sdna_output_utils.h:404:45: note:   initializing argument 1 of 'ExtraNameWrapper::ExtraNameWrapper(OutputDataWrapper&, std::string, std::string)'
  404 |         ExtraNameWrapper(OutputDataWrapper &od,string pre,string post)
      |                          ~~~~~~~~~~~~~~~~~~~^~
C:/msys64/home/drjam/sdna_lite/sdna_lite/sDNA/sdna_vs2008/calc_output_code.cpp:136:24: error: cannot bind non-const lvalue reference of type 'OutputDataWrapper&' to an rvalue of type 'OutputDataWrapper'
  136 |                 OUTPUT(RadialOutputDataWrapper("Convex Hull Perimeter","HullP", &convex_hull_perimeter,
      |                        ^
C:/msys64/home/drjam/sdna_lite/sdna_lite/sDNA/sdna_vs2008/calc_output_code.cpp:5:59: note: in definition of macro 'OUTPUT'
    5 | #define OUTPUT(x) output_map.add_output(ExtraNameWrapper((x),output_name_prefix,output_name_postfix))
      |                                                           ^
C:/msys64/home/drjam/sdna_lite/sdna_lite/sDNA/sdna_vs2008/sdna_output_utils.h:404:45: note:   initializing argument 1 of 'ExtraNameWrapper::ExtraNameWrapper(OutputDataWrapper&, std::string, std::string)'
  404 |         ExtraNameWrapper(OutputDataWrapper &od,string pre,string post)
      |                          ~~~~~~~~~~~~~~~~~~~^~
C:/msys64/home/drjam/sdna_lite/sdna_lite/sDNA/sdna_vs2008/calc_output_code.cpp:138:24: error: cannot bind non-const lvalue reference of type 'OutputDataWrapper&' to an rvalue of type 'OutputDataWrapper'
  138 |                 OUTPUT(RadialOutputDataWrapper("Convex Hull Max Radius","HullR", &convex_hull_max_radius,
      |                        ^
C:/msys64/home/drjam/sdna_lite/sdna_lite/sDNA/sdna_vs2008/calc_output_code.cpp:5:59: note: in definition of macro 'OUTPUT'
    5 | #define OUTPUT(x) output_map.add_output(ExtraNameWrapper((x),output_name_prefix,output_name_postfix))
      |                                                           ^
C:/msys64/home/drjam/sdna_lite/sdna_lite/sDNA/sdna_vs2008/sdna_output_utils.h:404:45: note:   initializing argument 1 of 'ExtraNameWrapper::ExtraNameWrapper(OutputDataWrapper&, std::string, std::string)'
  404 |         ExtraNameWrapper(OutputDataWrapper &od,string pre,string post)
      |                          ~~~~~~~~~~~~~~~~~~~^~
C:/msys64/home/drjam/sdna_lite/sdna_lite/sDNA/sdna_vs2008/calc_output_code.cpp:140:24: error: cannot bind non-const lvalue reference of type 'OutputDataWrapper&' to an rvalue of type 'OutputDataWrapper'
  140 |                 OUTPUT(RadialOutputDataWrapper("Convex Hull Bearing","HullB", &convex_hull_bearing,
      |                        ^
C:/msys64/home/drjam/sdna_lite/sdna_lite/sDNA/sdna_vs2008/calc_output_code.cpp:5:59: note: in definition of macro 'OUTPUT'
    5 | #define OUTPUT(x) output_map.add_output(ExtraNameWrapper((x),output_name_prefix,output_name_postfix))
      |                                                           ^
C:/msys64/home/drjam/sdna_lite/sdna_lite/sDNA/sdna_vs2008/sdna_output_utils.h:404:45: note:   initializing argument 1 of 'ExtraNameWrapper::ExtraNameWrapper(OutputDataWrapper&, std::string, std::string)'
  404 |         ExtraNameWrapper(OutputDataWrapper &od,string pre,string post)
      |                          ~~~~~~~~~~~~~~~~~~~^~
C:/msys64/home/drjam/sdna_lite/sdna_lite/sDNA/sdna_vs2008/calc_output_code.cpp:143:24: error: cannot bind non-const lvalue reference of type 'OutputDataWrapper&' to an rvalue of type 'OutputDataWrapper'
  143 |                 OUTPUT(HullShapeIndexWrapper(&convex_hull_area,&convex_hull_perimeter,r,radii,cont_space));
      |                        ^
C:/msys64/home/drjam/sdna_lite/sdna_lite/sDNA/sdna_vs2008/calc_output_code.cpp:5:59: note: in definition of macro 'OUTPUT'
    5 | #define OUTPUT(x) output_map.add_output(ExtraNameWrapper((x),output_name_prefix,output_name_postfix))
      |                                                           ^
C:/msys64/home/drjam/sdna_lite/sdna_lite/sDNA/sdna_vs2008/sdna_output_utils.h:404:45: note:   initializing argument 1 of 'ExtraNameWrapper::ExtraNameWrapper(OutputDataWrapper&, std::string, std::string)'
  404 |         ExtraNameWrapper(OutputDataWrapper &od,string pre,string post)
      |                          ~~~~~~~~~~~~~~~~~~~^~
C:/msys64/home/drjam/sdna_lite/sdna_lite/sDNA/sdna_vs2008/calc_output_code.cpp:145:24: error: cannot bind non-const lvalue reference of type 'OutputDataWrapper&' to an rvalue of type 'OutputDataWrapper'
  145 |                 OUTPUT(RadialOutputDataWrapper("Problem route weight","PrbW", &prob_route_weight,
      |                        ^
C:/msys64/home/drjam/sdna_lite/sdna_lite/sDNA/sdna_vs2008/calc_output_code.cpp:5:59: note: in definition of macro 'OUTPUT'
    5 | #define OUTPUT(x) output_map.add_output(ExtraNameWrapper((x),output_name_prefix,output_name_postfix))
      |                                                           ^
C:/msys64/home/drjam/sdna_lite/sdna_lite/sDNA/sdna_vs2008/sdna_output_utils.h:404:45: note:   initializing argument 1 of 'ExtraNameWrapper::ExtraNameWrapper(OutputDataWrapper&, std::string, std::string)'
  404 |         ExtraNameWrapper(OutputDataWrapper &od,string pre,string post)
      |                          ~~~~~~~~~~~~~~~~~~~^~
C:/msys64/home/drjam/sdna_lite/sdna_lite/sDNA/sdna_vs2008/calc_output_code.cpp:148:24: error: cannot bind non-const lvalue reference of type 'OutputDataWrapper&' to an rvalue of type 'OutputDataWrapper'
  148 |                 OUTPUT(RadialOutputDataWrapper("Problem route excess","PrbE", &prob_route_excess,
      |                        ^
C:/msys64/home/drjam/sdna_lite/sdna_lite/sDNA/sdna_vs2008/calc_output_code.cpp:5:59: note: in definition of macro 'OUTPUT'
    5 | #define OUTPUT(x) output_map.add_output(ExtraNameWrapper((x),output_name_prefix,output_name_postfix))
      |                                                           ^
C:/msys64/home/drjam/sdna_lite/sdna_lite/sDNA/sdna_vs2008/sdna_output_utils.h:404:45: note:   initializing argument 1 of 'ExtraNameWrapper::ExtraNameWrapper(OutputDataWrapper&, std::string, std::string)'
  404 |         ExtraNameWrapper(OutputDataWrapper &od,string pre,string post)
      |                          ~~~~~~~~~~~~~~~~~~~^~
C:/msys64/home/drjam/sdna_lite/sdna_lite/sDNA/sdna_vs2008/calculationbase.h: In instantiation of 'std::vector<NetExpectedDataSource<T>*> Calculation::simplify_expected_data(std::vector<NetExpectedDataSource<T>*>&) [with T = float]':
C:/msys64/home/drjam/sdna_lite/sdna_lite/sDNA/sdna_vs2008/calculationbase.h:122:101:   required from here
C:/msys64/home/drjam/sdna_lite/sdna_lite/sDNA/sdna_vs2008/calculationbase.h:130:57: error: dependent-name 'std::vector<NetExpectedDataSource<T>*>::iterator' is parsed as a non-type, but instantiation yields a type
  130 |                 for (vector<NetExpectedDataSource<T>*>::iterator it=source.begin();it!=source.end();it++)
      |                                                         ^~~~~~~~
C:/msys64/home/drjam/sdna_lite/sdna_lite/sDNA/sdna_vs2008/calculationbase.h:130:57: note: say 'typename std::vector<NetExpectedDataSource<T>*>::iterator' if a type is meant
C:/msys64/home/drjam/sdna_lite/sdna_lite/sDNA/sdna_vs2008/calculationbase.h: In instantiation of 'std::vector<NetExpectedDataSource<T>*> Calculation::simplify_expected_data(std::vector<NetExpectedDataSource<T>*>&) [with T = std::__cxx11::basic_string<char>]':
C:/msys64/home/drjam/sdna_lite/sdna_lite/sDNA/sdna_vs2008/calculationbase.h:123:98:   required from here
C:/msys64/home/drjam/sdna_lite/sdna_lite/sDNA/sdna_vs2008/calculationbase.h:130:57: error: dependent-name 'std::vector<NetExpectedDataSource<T>*>::iterator' is parsed as a non-type, but instantiation yields a type
C:/msys64/home/drjam/sdna_lite/sdna_lite/sDNA/sdna_vs2008/calculationbase.h:130:57: note: say 'typename std::vector<NetExpectedDataSource<T>*>::iterator' if a type is meant
C:/msys64/home/drjam/sdna_lite/sdna_lite/sDNA/sdna_vs2008/calculationbase.h: In instantiation of 'size_t Calculation::expected_data_to_string(char***, OutputStringArray&, std::vector<NetExpectedDataSource<T>*>&) [with T = float; size_t = long long unsigned int]':
C:/msys64/home/drjam/sdna_lite/sdna_lite/sDNA/sdna_vs2008/calculationbase.h:150:33:   required from here
C:/msys64/home/drjam/sdna_lite/sdna_lite/sDNA/sdna_vs2008/calculationbase.h:142:57: error: dependent-name 'std::vector<NetExpectedDataSource<T>*>::const_iterator' is parsed as a non-type, but instantiation yields a type
  142 |                 for (vector<NetExpectedDataSource<T>*>::const_iterator it=simplified_data.begin();it!=simplified_data.end();it++)
      |                                                         ^~~~~~~~~~~~~~
C:/msys64/home/drjam/sdna_lite/sdna_lite/sDNA/sdna_vs2008/calculationbase.h:142:57: note: say 'typename std::vector<NetExpectedDataSource<T>*>::const_iterator' if a type is meant
C:/msys64/home/drjam/sdna_lite/sdna_lite/sDNA/sdna_vs2008/calculationbase.h: In instantiation of 'size_t Calculation::expected_data_to_string(char***, OutputStringArray&, std::vector<NetExpectedDataSource<T>*>&) [with T = std::__cxx11::basic_string<char>; size_t = long long unsigned int]':
C:/msys64/home/drjam/sdna_lite/sdna_lite/sDNA/sdna_vs2008/calculationbase.h:152:75:   required from here
C:/msys64/home/drjam/sdna_lite/sdna_lite/sDNA/sdna_vs2008/calculationbase.h:142:57: error: dependent-name 'std::vector<NetExpectedDataSource<T>*>::const_iterator' is parsed as a non-type, but instantiation yields a type
C:/msys64/home/drjam/sdna_lite/sdna_lite/sDNA/sdna_vs2008/calculationbase.h:142:57: note: say 'typename std::vector<NetExpectedDataSource<T>*>::const_iterator' if a type is meant
C:/msys64/home/drjam/sdna_lite/sdna_lite/sDNA/sdna_vs2008/calculationbase.h: In instantiation of 'void Calculation::add_expected_data(std::vector<T>&) [with T = LengthWeightingStrategy]':
C:/msys64/home/drjam/sdna_lite/sdna_lite/sDNA/sdna_vs2008/calculation.h:265:20:   required from here
C:/msys64/home/drjam/sdna_lite/sdna_lite/sDNA/sdna_vs2008/calculationbase.h:112:33: error: dependent-name 'std::vector<T>::iterator' is parsed as a non-type, but instantiation yields a type
  112 |                 for (vector<T>::iterator it=v.begin();it!=v.end();it++)
      |                                 ^~~~~~~~
C:/msys64/home/drjam/sdna_lite/sdna_lite/sDNA/sdna_vs2008/calculationbase.h:112:33: note: say 'typename std::vector<T>::iterator' if a type is meant
C:/msys64/home/drjam/sdna_lite/sdna_lite/sDNA/sdna_vs2008/calculationbase.h: In instantiation of 'void Calculation::add_expected_data(std::vector<T>&) [with T = NetExpectedDataSource<std::__cxx11::basic_string<char> >]':
C:/msys64/home/drjam/sdna_lite/sdna_lite/sDNA/sdna_vs2008/calculation.h:266:20:   required from here
C:/msys64/home/drjam/sdna_lite/sdna_lite/sDNA/sdna_vs2008/calculationbase.h:112:33: error: dependent-name 'std::vector<T>::iterator' is parsed as a non-type, but instantiation yields a type
C:/msys64/home/drjam/sdna_lite/sdna_lite/sDNA/sdna_vs2008/calculationbase.h:112:33: note: say 'typename std::vector<T>::iterator' if a type is meant
[2/16] Building CXX object CMakeFiles/sdna_vs2008.dir/dijkstra.cpp.obj
FAILED: CMakeFiles/sdna_vs2008.dir/dijkstra.cpp.obj
C:\msys64\mingw64\bin\c++.exe -Dsdna_vs2008_EXPORTS -IC:/msys64/home/drjam/sdna_lite/sdna_lite/sDNA/sdna_vs2008/../muparser/drop/include -Winvalid-pch -include C:/msys64/home/drjam/sdna_lite/sdna_lite/output/release/x64/CMakeFiles/sdna_vs2008.dir/cmake_pch.hxx -MD -MT CMakeFiles/sdna_vs2008.dir/dijkstra.cpp.obj -MF CMakeFiles\sdna_vs2008.dir\dijkstra.cpp.obj.d -o CMakeFiles/sdna_vs2008.dir/dijkstra.cpp.obj -c C:/msys64/home/drjam/sdna_lite/sdna_lite/sDNA/sdna_vs2008/dijkstra.cpp
C:/msys64/home/drjam/sdna_lite/sdna_lite/sDNA/sdna_vs2008/dijkstra.cpp:79:26: error: #error priority queue behaviour has changed - sort out the next line for it+1
   79 |                         #error priority queue behaviour has changed - sort out the next line for it+1
      |                          ^~~~~
In file included from C:/msys64/home/drjam/sdna_lite/sdna_lite/sDNA/sdna_vs2008/edge.h:24,
                 from C:/msys64/home/drjam/sdna_lite/sdna_lite/sDNA/sdna_vs2008/net.h:3,
                 from C:/msys64/home/drjam/sdna_lite/sdna_lite/sDNA/sdna_vs2008/calculationbase.h:2,
                 from C:/msys64/home/drjam/sdna_lite/sdna_lite/sDNA/sdna_vs2008/calculation.h:2,
                 from C:/msys64/home/drjam/sdna_lite/sdna_lite/sDNA/sdna_vs2008/dijkstra.cpp:2:
C:/msys64/home/drjam/sdna_lite/sdna_lite/sDNA/sdna_vs2008/metricevaluator.h:367:90: error: template argument 1 is invalid
  367 |         class GetTypeVisitor : public boost::static_visitor<typename traversal_event_type>
      |                                                                                          ^
C:/msys64/home/drjam/sdna_lite/sdna_lite/sDNA/sdna_vs2008/metricevaluator.h:379:80: error: template argument 1 is invalid
  379 |         class GetLocationVisitor : public boost::static_visitor<typename Point*>
      |                                                                                ^
C:/msys64/home/drjam/sdna_lite/sdna_lite/sDNA/sdna_vs2008/metricevaluator.h:385:77: error: template argument 1 is invalid
  385 |         class ToStringVisitor : public boost::static_visitor<typename string>
      |                                                                             ^
C:/msys64/home/drjam/sdna_lite/sdna_lite/sDNA/sdna_vs2008/edge.h:266:32: error: extra qualification 'Edge::' on member 'traversal_events_begin' [-fpermissive]
  266 |         TraversalEventIterator Edge::traversal_events_begin() const;
      |                                ^~~~
C:/msys64/home/drjam/sdna_lite/sdna_lite/sDNA/sdna_vs2008/edge.h:267:32: error: extra qualification 'Edge::' on member 'traversal_events_end' [-fpermissive]
  267 |         TraversalEventIterator Edge::traversal_events_end() const;
      |                                ^~~~
C:/msys64/home/drjam/sdna_lite/sdna_lite/sDNA/sdna_vs2008/edge.h:268:32: error: extra qualification 'Edge::' on member 'traversal_events_centre' [-fpermissive]
  268 |         TraversalEventIterator Edge::traversal_events_centre() const;
      |                                ^~~~
C:/msys64/home/drjam/sdna_lite/sdna_lite/sDNA/sdna_vs2008/edge.h:345:31: error: extra qualification 'SDNAPolyline::' on member 'get_linked_links' [-fpermissive]
  345 |         vector<SDNAPolyline*> SDNAPolyline::get_linked_links();
      |                               ^~~~~~~~~~~~
C:/msys64/home/drjam/sdna_lite/sdna_lite/sDNA/sdna_vs2008/net.h:135:9: error: extra qualification 'Net::' on member 'Net' [-fpermissive]
  135 |         Net::Net();
      |         ^~~
In file included from C:/msys64/home/drjam/sdna_lite/sdna_lite/sDNA/sdna_vs2008/sdna_geometry_collections.h:3,
                 from C:/msys64/home/drjam/sdna_lite/sdna_lite/sDNA/sdna_vs2008/calculationbase.h:3:
C:/msys64/home/drjam/sdna_lite/sdna_lite/sDNA/sdna_vs2008/linkdatasource.h:38:9: error: reference to 'variant' is ambiguous
   38 | typedef variant<long,float,HeapString> SDNAVariant;
      |         ^~~~~~~
In file included from C:/msys64/mingw64/include/boost/variant/variant.hpp:26,
                 from C:/msys64/mingw64/include/boost/variant.hpp:17,
                 from C:/msys64/home/drjam/sdna_lite/sdna_lite/sDNA/sdna_vs2008/stdafx.h:40,
                 from C:/msys64/home/drjam/sdna_lite/sdna_lite/output/release/x64/CMakeFiles/sdna_vs2008.dir/cmake_pch.hxx:5,
                 from <command-line>:
C:/msys64/mingw64/include/boost/variant/variant_fwd.hpp:282:53: note: candidates are: 'template<class T0, class ... TN> class boost::variant'
  282 | template < BOOST_VARIANT_AUX_DECLARE_PARAMS > class variant;
      |                                                     ^~~~~~~
In file included from C:/msys64/mingw64/include/boost/container_hash/hash.hpp:65,
                 from C:/msys64/mingw64/include/boost/functional/hash/hash.hpp:6,
                 from C:/msys64/mingw64/include/boost/bimap/relation/mutant_relation.hpp:29,
                 from C:/msys64/mingw64/include/boost/bimap/detail/bimap_core.hpp:38,
                 from C:/msys64/mingw64/include/boost/bimap/bimap.hpp:61,
                 from C:/msys64/mingw64/include/boost/bimap.hpp:13,
                 from C:/msys64/home/drjam/sdna_lite/sdna_lite/sDNA/sdna_vs2008/stdafx.h:41:
C:/msys64/mingw64/include/c++/13.2.0/variant:63:38: note:                 'template<class ... _Types> class std::variant'
   63 |   template<typename... _Types> class variant;
      |                                      ^~~~~~~
C:/msys64/home/drjam/sdna_lite/sdna_lite/sDNA/sdna_vs2008/linkdatasource.h:48:24: error: 'SDNAVariant' was not declared in this scope
   48 |         virtual vector<SDNAVariant> get_outputs(long arcid)=0;
      |                        ^~~~~~~~~~~
C:/msys64/home/drjam/sdna_lite/sdna_lite/sDNA/sdna_vs2008/linkdatasource.h:48:35: error: template argument 1 is invalid
   48 |         virtual vector<SDNAVariant> get_outputs(long arcid)=0;
      |                                   ^
C:/msys64/home/drjam/sdna_lite/sdna_lite/sDNA/sdna_vs2008/linkdatasource.h:48:35: error: template argument 2 is invalid
C:/msys64/home/drjam/sdna_lite/sdna_lite/sDNA/sdna_vs2008/sdna_geometry_collections.h:23:34: error: 'SDNAVariant' was not declared in this scope
   23 | SDNAOutputUnion variant_to_union(SDNAVariant const &v);
      |                                  ^~~~~~~~~~~
C:/msys64/home/drjam/sdna_lite/sdna_lite/sDNA/sdna_vs2008/sdna_geometry_collections.h:160:16: error: 'SDNAVariant' was not declared in this scope
  160 |         vector<SDNAVariant> data;
      |                ^~~~~~~~~~~
C:/msys64/home/drjam/sdna_lite/sdna_lite/sDNA/sdna_vs2008/sdna_geometry_collections.h:160:27: error: template argument 1 is invalid
  160 |         vector<SDNAVariant> data;
      |                           ^
C:/msys64/home/drjam/sdna_lite/sdna_lite/sDNA/sdna_vs2008/sdna_geometry_collections.h:160:27: error: template argument 2 is invalid
C:/msys64/home/drjam/sdna_lite/sdna_lite/sDNA/sdna_vs2008/sdna_geometry_collections.h:162:55: error: 'SDNAVariant' was not declared in this scope
  162 |         sDNADataMultiGeometry(sDNAGeom_t type, vector<SDNAVariant> data, size_t reserve)
      |                                                       ^~~~~~~~~~~
C:/msys64/home/drjam/sdna_lite/sdna_lite/sDNA/sdna_vs2008/sdna_geometry_collections.h:162:66: error: template argument 1 is invalid
  162 |         sDNADataMultiGeometry(sDNAGeom_t type, vector<SDNAVariant> data, size_t reserve)
      |                                                                  ^
C:/msys64/home/drjam/sdna_lite/sdna_lite/sDNA/sdna_vs2008/sdna_geometry_collections.h:162:66: error: template argument 2 is invalid
C:/msys64/home/drjam/sdna_lite/sdna_lite/sDNA/sdna_vs2008/sdna_geometry_collections.h:183:22: error: 'SDNAVariant' was not declared in this scope
  183 |         const vector<SDNAVariant>& get_data() {return data;}
      |                      ^~~~~~~~~~~
C:/msys64/home/drjam/sdna_lite/sdna_lite/sDNA/sdna_vs2008/sdna_geometry_collections.h:183:33: error: template argument 1 is invalid
  183 |         const vector<SDNAVariant>& get_data() {return data;}
      |                                 ^
C:/msys64/home/drjam/sdna_lite/sdna_lite/sDNA/sdna_vs2008/sdna_geometry_collections.h:183:33: error: template argument 2 is invalid
In file included from C:/msys64/mingw64/include/c++/13.2.0/cassert:44,
                 from C:/msys64/home/drjam/sdna_lite/sdna_lite/sDNA/muparser/drop/include/muParserBytecode.h:28,
                 from C:/msys64/home/drjam/sdna_lite/sdna_lite/sDNA/muparser/drop/include/muParserBase.h:40,
                 from C:/msys64/home/drjam/sdna_lite/sdna_lite/sDNA/muparser/drop/include/muParser.h:32,
                 from C:/msys64/home/drjam/sdna_lite/sdna_lite/sDNA/sdna_vs2008/stdafx.h:77:
C:/msys64/home/drjam/sdna_lite/sdna_lite/sDNA/sdna_vs2008/sdna_geometry_collections.h: In member function 'void sDNAGeometryCollection::add(boost::shared_ptr<sDNADataMultiGeometry>)':
C:/msys64/home/drjam/sdna_lite/sdna_lite/sDNA/sdna_vs2008/sdna_geometry_collections.h:294:38: error: request for member 'size' in 'g.boost::shared_ptr<sDNADataMultiGeometry>::operator->()->sDNADataMultiGeometry::get_data()', which is of non-class type 'const int'
  294 |                 assert(g->get_data().size()==m_datanames.size());
      |                                      ^~~~
C:/msys64/home/drjam/sdna_lite/sdna_lite/sDNA/sdna_vs2008/sdna_geometry_collections.h: At global scope:
C:/msys64/home/drjam/sdna_lite/sdna_lite/sDNA/sdna_vs2008/sdna_geometry_collections.h:331:16: error: 'SDNAVariant' was not declared in this scope
  331 |         vector<SDNAVariant> variantbuffer;
      |                ^~~~~~~~~~~
C:/msys64/home/drjam/sdna_lite/sdna_lite/sDNA/sdna_vs2008/sdna_geometry_collections.h:331:27: error: template argument 1 is invalid
  331 |         vector<SDNAVariant> variantbuffer;
      |                           ^
C:/msys64/home/drjam/sdna_lite/sdna_lite/sDNA/sdna_vs2008/sdna_geometry_collections.h:331:27: error: template argument 2 is invalid
In file included from C:/msys64/home/drjam/sdna_lite/sdna_lite/sDNA/sdna_vs2008/calculationbase.h:4:
C:/msys64/home/drjam/sdna_lite/sdna_lite/sDNA/sdna_vs2008/tables.h: In member function 'void Table2d::finalize()':
C:/msys64/home/drjam/sdna_lite/sdna_lite/sDNA/sdna_vs2008/tables.h:91:37: error: cannot bind non-const lvalue reference of type 'std::vector<std::vector<float> >&' to an rvalue of type 'std::vector<std::vector<float> >'
   91 |                 index2_to_data.swap(vector<vector<float>>(size,vector<float>(size,default_table_value)));
      |                                     ^~~~~~~~~~~~~~~~~~~~~~~~~~~~~~~~~~~~~~~~~~~~~~~~~~~~~~~~~~~~~~~~~~~
In file included from C:/msys64/mingw64/include/c++/13.2.0/vector:66,
                 from C:/msys64/home/drjam/sdna_lite/sdna_lite/sDNA/sdna_vs2008/stdafx.h:25:
C:/msys64/mingw64/include/c++/13.2.0/bits/stl_vector.h:1583:20: note:   initializing argument 1 of 'void std::vector<_Tp, _Alloc>::swap(std::vector<_Tp, _Alloc>&) [with _Tp = std::vector<float>; _Alloc = std::allocator<std::vector<float> >]'
 1583 |       swap(vector& __x) _GLIBCXX_NOEXCEPT
      |            ~~~~~~~~^~~
C:/msys64/home/drjam/sdna_lite/sdna_lite/sDNA/sdna_vs2008/tables.h:103:34: error: cannot bind non-const lvalue reference of type 'std::vector<double>&' to an rvalue of type 'std::vector<double>'
  103 |                 origzonesum.swap(vector<double>(size,0.));
      |                                  ^~~~~~~~~~~~~~~~~~~~~~~
C:/msys64/mingw64/include/c++/13.2.0/bits/stl_vector.h:1583:20: note:   initializing argument 1 of 'void std::vector<_Tp, _Alloc>::swap(std::vector<_Tp, _Alloc>&) [with _Tp = double; _Alloc = std::allocator<double>]'
 1583 |       swap(vector& __x) _GLIBCXX_NOEXCEPT
      |            ~~~~~~~~^~~
C:/msys64/home/drjam/sdna_lite/sdna_lite/sDNA/sdna_vs2008/tables.h:104:34: error: cannot bind non-const lvalue reference of type 'std::vector<double>&' to an rvalue of type 'std::vector<double>'
  104 |                 destzonesum.swap(vector<double>(size,0.));
      |                                  ^~~~~~~~~~~~~~~~~~~~~~~
C:/msys64/mingw64/include/c++/13.2.0/bits/stl_vector.h:1583:20: note:   initializing argument 1 of 'void std::vector<_Tp, _Alloc>::swap(std::vector<_Tp, _Alloc>&) [with _Tp = double; _Alloc = std::allocator<double>]'
 1583 |       swap(vector& __x) _GLIBCXX_NOEXCEPT
      |            ~~~~~~~~^~~
In file included from C:/msys64/home/drjam/sdna_lite/sdna_lite/sDNA/sdna_vs2008/stdafx.h:68:
C:/msys64/home/drjam/sdna_lite/sdna_lite/sDNA/sdna_vs2008/tables.h: In member function 'void Table<T>::finalize()':
C:/msys64/home/drjam/sdna_lite/sdna_lite/sDNA/sdna_vs2008/tables.h:235:37: error: need 'typename' before 'Table<T>::MAPTYPE::value_type' because 'Table<T>::MAPTYPE' is a dependent scope
  235 |                 BOOST_FOREACH(const MAPTYPE::value_type& myPair, zone_to_data)
      |                                     ^~~~~~~
C:/msys64/home/drjam/sdna_lite/sdna_lite/sDNA/sdna_vs2008/tables.h:235:17: error: expected ';' before '!' token
  235 |                 BOOST_FOREACH(const MAPTYPE::value_type& myPair, zone_to_data)
      |                 ^~~~~~~~~~~~~
C:/msys64/home/drjam/sdna_lite/sdna_lite/sDNA/sdna_vs2008/tables.h:237:45: error: 'myPair' was not declared in this scope
  237 |                         const string zone = myPair.first;
      |                                             ^~~~~~
C:/msys64/home/drjam/sdna_lite/sdna_lite/sDNA/sdna_vs2008/calculationbase.h: In member function 'void Calculation::add_expected_data(std::vector<T>&)':
C:/msys64/home/drjam/sdna_lite/sdna_lite/sDNA/sdna_vs2008/calculationbase.h:112:22: error: need 'typename' before 'std::vector<T>::iterator' because 'std::vector<T>' is a dependent scope
  112 |                 for (vector<T>::iterator it=v.begin();it!=v.end();it++)
      |                      ^~~~~~~~~
C:/msys64/home/drjam/sdna_lite/sdna_lite/sDNA/sdna_vs2008/calculationbase.h:112:42: error: expected ';' before 'it'
  112 |                 for (vector<T>::iterator it=v.begin();it!=v.end();it++)
      |                                          ^~
C:/msys64/home/drjam/sdna_lite/sdna_lite/sDNA/sdna_vs2008/calculationbase.h:112:55: error: 'it' was not declared in this scope; did you mean 'int'?
  112 |                 for (vector<T>::iterator it=v.begin();it!=v.end();it++)
      |                                                       ^~
      |                                                       int
C:/msys64/home/drjam/sdna_lite/sdna_lite/sDNA/sdna_vs2008/calculationbase.h: In member function 'std::vector<NetExpectedDataSource<T>*> Calculation::simplify_expected_data(std::vector<NetExpectedDataSource<T>*>&)':
C:/msys64/home/drjam/sdna_lite/sdna_lite/sDNA/sdna_vs2008/calculationbase.h:130:22: error: need 'typename' before 'std::vector<NetExpectedDataSource<T>*>::iterator' because 'std::vector<NetExpectedDataSource<T>*>' is a dependent scope
  130 |                 for (vector<NetExpectedDataSource<T>*>::iterator it=source.begin();it!=source.end();it++)
      |                      ^~~~~~~~~~~~~~~~~~~~~~~~~~~~~~~~~
C:/msys64/home/drjam/sdna_lite/sdna_lite/sDNA/sdna_vs2008/calculationbase.h:130:66: error: expected ';' before 'it'
  130 |                 for (vector<NetExpectedDataSource<T>*>::iterator it=source.begin();it!=source.end();it++)
      |                                                                  ^~
C:/msys64/home/drjam/sdna_lite/sdna_lite/sDNA/sdna_vs2008/calculationbase.h:130:84: error: 'it' was not declared in this scope; did you mean 'int'?
  130 |                 for (vector<NetExpectedDataSource<T>*>::iterator it=source.begin();it!=source.end();it++)
      |                                                                                    ^~
      |                                                                                    int
C:/msys64/home/drjam/sdna_lite/sdna_lite/sDNA/sdna_vs2008/calculationbase.h: In member function 'size_t Calculation::expected_data_to_string(char***, OutputStringArray&, std::vector<NetExpectedDataSource<T>*>&)':
C:/msys64/home/drjam/sdna_lite/sdna_lite/sDNA/sdna_vs2008/calculationbase.h:142:22: error: need 'typename' before 'std::vector<NetExpectedDataSource<T>*>::const_iterator' because 'std::vector<NetExpectedDataSource<T>*>' is a dependent scope
  142 |                 for (vector<NetExpectedDataSource<T>*>::const_iterator it=simplified_data.begin();it!=simplified_data.end();it++)
      |                      ^~~~~~~~~~~~~~~~~~~~~~~~~~~~~~~~~
C:/msys64/home/drjam/sdna_lite/sdna_lite/sDNA/sdna_vs2008/calculationbase.h:142:72: error: expected ';' before 'it'
  142 |                 for (vector<NetExpectedDataSource<T>*>::const_iterator it=simplified_data.begin();it!=simplified_data.end();it++)
      |                                                                        ^~
C:/msys64/home/drjam/sdna_lite/sdna_lite/sDNA/sdna_vs2008/calculationbase.h:142:99: error: 'it' was not declared in this scope; did you mean 'int'?
  142 |                 for (vector<NetExpectedDataSource<T>*>::const_iterator it=simplified_data.begin();it!=simplified_data.end();it++)
      |                                                                                                   ^~
      |                                                                                                   int
C:/msys64/home/drjam/sdna_lite/sdna_lite/sDNA/sdna_vs2008/calculationbase.h: At global scope:
C:/msys64/home/drjam/sdna_lite/sdna_lite/sDNA/sdna_vs2008/calculationbase.h:259:24: error: 'SDNAVariant' was not declared in this scope
  259 |         virtual vector<SDNAVariant> get_outputs(long arcid)
      |                        ^~~~~~~~~~~
C:/msys64/home/drjam/sdna_lite/sdna_lite/sDNA/sdna_vs2008/calculationbase.h:259:35: error: template argument 1 is invalid
  259 |         virtual vector<SDNAVariant> get_outputs(long arcid)
      |                                   ^
C:/msys64/home/drjam/sdna_lite/sdna_lite/sDNA/sdna_vs2008/calculationbase.h:259:35: error: template argument 2 is invalid
C:/msys64/home/drjam/sdna_lite/sdna_lite/sDNA/sdna_vs2008/calculationbase.h: In member function 'virtual int CalcExpectedDataSDNAPolylineDataSourceWrapper::get_outputs(long int)':
C:/msys64/home/drjam/sdna_lite/sdna_lite/sDNA/sdna_vs2008/calculationbase.h:263:24: error: 'SDNAVariant' was not declared in this scope
  263 |                 vector<SDNAVariant> outputs;
      |                        ^~~~~~~~~~~
C:/msys64/home/drjam/sdna_lite/sdna_lite/sDNA/sdna_vs2008/calculationbase.h:263:35: error: template argument 1 is invalid
  263 |                 vector<SDNAVariant> outputs;
      |                                   ^
C:/msys64/home/drjam/sdna_lite/sdna_lite/sDNA/sdna_vs2008/calculationbase.h:263:35: error: template argument 2 is invalid
C:/msys64/home/drjam/sdna_lite/sdna_lite/sDNA/sdna_vs2008/calculationbase.h:264:25: error: request for member 'reserve' in 'outputs', which is of non-class type 'int'
  264 |                 outputs.reserve(get_output_length());
      |                         ^~~~~~~
C:/msys64/home/drjam/sdna_lite/sdna_lite/sDNA/sdna_vs2008/calculationbase.h:269:33: error: request for member 'push_back' in 'outputs', which is of non-class type 'int'
  269 |                         outputs.push_back(SDNAVariant(s->get_data(link)));
      |                                 ^~~~~~~~~
C:/msys64/home/drjam/sdna_lite/sdna_lite/sDNA/sdna_vs2008/calculationbase.h:275:33: error: request for member 'push_back' in 'outputs', which is of non-class type 'int'
  275 |                         outputs.push_back(SDNAVariant(s->get_data(link)));
      |                                 ^~~~~~~~~
C:/msys64/home/drjam/sdna_lite/sdna_lite/sDNA/sdna_vs2008/calculationbase.h:280:33: error: request for member 'push_back' in 'outputs', which is of non-class type 'int'
  280 |                         outputs.push_back(zdt->getData(link));
      |                                 ^~~~~~~~~
C:/msys64/home/drjam/sdna_lite/sdna_lite/sDNA/sdna_vs2008/calculationbase.h:285:33: error: request for member 'push_back' in 'outputs', which is of non-class type 'int'
  285 |                         outputs.push_back(static_cast<float>(zst->getData(link)));
      |                                 ^~~~~~~~~
C:/msys64/home/drjam/sdna_lite/sdna_lite/sDNA/sdna_vs2008/calculation.h: At global scope:
C:/msys64/home/drjam/sdna_lite/sdna_lite/sDNA/sdna_vs2008/calculation.h:10:6: error: variable or field 'run_dijkstra' declared void
   10 | void run_dijkstra(PartialNet &partialnet,
      |      ^~~~~~~~~~~~
C:/msys64/home/drjam/sdna_lite/sdna_lite/sDNA/sdna_vs2008/calculation.h:10:19: error: 'PartialNet' was not declared in this scope
   10 | void run_dijkstra(PartialNet &partialnet,
      |                   ^~~~~~~~~~
C:/msys64/home/drjam/sdna_lite/sdna_lite/sDNA/sdna_vs2008/calculation.h:10:31: error: 'partialnet' was not declared in this scope
   10 | void run_dijkstra(PartialNet &partialnet,
      |                               ^~~~~~~~~~
C:/msys64/home/drjam/sdna_lite/sdna_lite/sDNA/sdna_vs2008/calculation.h:11:39: error: expected primary-expression before '&' token
   11 |         IdIndexedArray<double,EdgeId> &costs_to_edge_start, MetricEvaluator*, double max_depth,
      |                                       ^
C:/msys64/home/drjam/sdna_lite/sdna_lite/sDNA/sdna_vs2008/calculation.h:11:40: error: 'costs_to_edge_start' was not declared in this scope
   11 |         IdIndexedArray<double,EdgeId> &costs_to_edge_start, MetricEvaluator*, double max_depth,
      |                                        ^~~~~~~~~~~~~~~~~~~
C:/msys64/home/drjam/sdna_lite/sdna_lite/sDNA/sdna_vs2008/calculation.h:11:76: error: expected primary-expression before '*' token
   11 |         IdIndexedArray<double,EdgeId> &costs_to_edge_start, MetricEvaluator*, double max_depth,
      |                                                                            ^
C:/msys64/home/drjam/sdna_lite/sdna_lite/sDNA/sdna_vs2008/calculation.h:11:77: error: expected primary-expression before ',' token
   11 |         IdIndexedArray<double,EdgeId> &costs_to_edge_start, MetricEvaluator*, double max_depth,
      |                                                                             ^
C:/msys64/home/drjam/sdna_lite/sdna_lite/sDNA/sdna_vs2008/calculation.h:11:79: error: expected primary-expression before 'double'
   11 |         IdIndexedArray<double,EdgeId> &costs_to_edge_start, MetricEvaluator*, double max_depth,
      |                                                                               ^~~~~~
C:/msys64/home/drjam/sdna_lite/sdna_lite/sDNA/sdna_vs2008/calculation.h:12:40: error: expected primary-expression before '*' token
   12 |         IdIndexedArray <Edge *,EdgeId> *backlinks = NULL, JunctionCosts *jcosts = NULL);
      |                                        ^
C:/msys64/home/drjam/sdna_lite/sdna_lite/sDNA/sdna_vs2008/calculation.h:12:41: error: 'backlinks' was not declared in this scope
   12 |         IdIndexedArray <Edge *,EdgeId> *backlinks = NULL, JunctionCosts *jcosts = NULL);
      |                                         ^~~~~~~~~
C:/msys64/home/drjam/sdna_lite/sdna_lite/sDNA/sdna_vs2008/calculation.h:12:73: error: expected primary-expression before '*' token
   12 |         IdIndexedArray <Edge *,EdgeId> *backlinks = NULL, JunctionCosts *jcosts = NULL);
      |                                                                         ^
C:/msys64/home/drjam/sdna_lite/sdna_lite/sDNA/sdna_vs2008/calculation.h:12:74: error: 'jcosts' was not declared in this scope
   12 |         IdIndexedArray <Edge *,EdgeId> *backlinks = NULL, JunctionCosts *jcosts = NULL);
      |                                                                          ^~~~~~
C:/msys64/home/drjam/sdna_lite/sdna_lite/sDNA/sdna_vs2008/calculation.h:181:67: error: 'PartialNet' has not been declared
  181 |         void process_geodesic(DestinationEdgeProcessingTask &dest,PartialNet &cut_net, int r,
      |                                                                   ^~~~~~~~~~
C:/msys64/home/drjam/sdna_lite/sdna_lite/sDNA/sdna_vs2008/calculation.h:668:23: error: 'SDNAVariant' was not declared in this scope
  668 |         static vector<SDNAVariant> get_skim_data(string orig,string dest,float meandist,float weight,long N)
      |                       ^~~~~~~~~~~
C:/msys64/home/drjam/sdna_lite/sdna_lite/sDNA/sdna_vs2008/calculation.h:668:34: error: template argument 1 is invalid
  668 |         static vector<SDNAVariant> get_skim_data(string orig,string dest,float meandist,float weight,long N)
      |                                  ^
C:/msys64/home/drjam/sdna_lite/sdna_lite/sDNA/sdna_vs2008/calculation.h:668:34: error: template argument 2 is invalid
C:/msys64/home/drjam/sdna_lite/sdna_lite/sDNA/sdna_vs2008/calculation.h:688:23: error: 'SDNAVariant' was not declared in this scope
  688 |         static vector<SDNAVariant> get_geodesic_data(long orig,long dest,double radius,float weight,float tpweight,float anal_cost,float radial_cost)
      |                       ^~~~~~~~~~~
C:/msys64/home/drjam/sdna_lite/sdna_lite/sDNA/sdna_vs2008/calculation.h:688:34: error: template argument 1 is invalid
  688 |         static vector<SDNAVariant> get_geodesic_data(long orig,long dest,double radius,float weight,float tpweight,float anal_cost,float radial_cost)
      |                                  ^
C:/msys64/home/drjam/sdna_lite/sdna_lite/sDNA/sdna_vs2008/calculation.h:688:34: error: template argument 2 is invalid
C:/msys64/home/drjam/sdna_lite/sdna_lite/sDNA/sdna_vs2008/calculation.h:712:23: error: 'SDNAVariant' was not declared in this scope
  712 |         static vector<SDNAVariant> get_hull_or_netradius_data(long orig,double radius,float weight)
      |                       ^~~~~~~~~~~
C:/msys64/home/drjam/sdna_lite/sdna_lite/sDNA/sdna_vs2008/calculation.h:712:34: error: template argument 1 is invalid
  712 |         static vector<SDNAVariant> get_hull_or_netradius_data(long orig,double radius,float weight)
      |                                  ^
C:/msys64/home/drjam/sdna_lite/sdna_lite/sDNA/sdna_vs2008/calculation.h:712:34: error: template argument 2 is invalid
C:/msys64/home/drjam/sdna_lite/sdna_lite/sDNA/sdna_vs2008/calculation.h:728:23: error: 'SDNAVariant' was not declared in this scope
  728 |         static vector<SDNAVariant> get_destination_data(long orig,long dest,double radius,float origweight,float tpweight,float anal_cost,float radial_cost,
      |                       ^~~~~~~~~~~
C:/msys64/home/drjam/sdna_lite/sdna_lite/sDNA/sdna_vs2008/calculation.h:728:34: error: template argument 1 is invalid
  728 |         static vector<SDNAVariant> get_destination_data(long orig,long dest,double radius,float origweight,float tpweight,float anal_cost,float radial_cost,
      |                                  ^
C:/msys64/home/drjam/sdna_lite/sdna_lite/sDNA/sdna_vs2008/calculation.h:728:34: error: template argument 2 is invalid
C:/msys64/home/drjam/sdna_lite/sdna_lite/sDNA/sdna_vs2008/calculation.h:770:24: error: 'SDNAVariant' was not declared in this scope
  770 |         virtual vector<SDNAVariant> get_outputs(long arcid)
      |                        ^~~~~~~~~~~
C:/msys64/home/drjam/sdna_lite/sdna_lite/sDNA/sdna_vs2008/calculation.h:770:35: error: template argument 1 is invalid
  770 |         virtual vector<SDNAVariant> get_outputs(long arcid)
      |                                   ^
C:/msys64/home/drjam/sdna_lite/sdna_lite/sDNA/sdna_vs2008/calculation.h:770:35: error: template argument 2 is invalid
C:/msys64/home/drjam/sdna_lite/sdna_lite/sDNA/sdna_vs2008/calculation.h: In member function 'void SDNAIntegralCalculation::unpack_config(char*)':
C:/msys64/home/drjam/sdna_lite/sdna_lite/sDNA/sdna_vs2008/calculation.h:237:67: warning: ISO C++ forbids converting a string constant to 'char*' [-Wwrite-strings]
  237 |                                                                   "preserve_net_config;start_gs;end_gs;radii;cont;metric;pre;post;nobetweenness;nojunctions;nohull;linkonly;forcecontorigin;nqpdn;nqpdd;"
      |                                                                   ^~~~~~~~~~~~~~~~~~~~~~~~~~~~~~~~~~~~~~~~~~~~~~~~~~~~~~~~~~~~~~~~~~~~~~~~~~~~~~~~~~~~~~~~~~~~~~~~~~~~~~~~~~~~~~~~~~~~~~~~~~~~~~~~~~~~~~~
  238 |                                                                   "arcxytol;arcztol;xytol;ztol;skipzeroweightorigins;skipzeroweightdestinations;skipfraction;skipmod;outputsums;outputdecomposableonly;skiporiginifzero;"
      |                                                                   ~~~~~~~~~~~~~~~~~~~~~~~~~~~~~~~~~~~~~~~~~~~~~~~~~~~~~~~~~~~~~~~~~~~~~~~~~~~~~~~~~~~~~~~~~~~~~~~~~~~~~~~~~~~~~~~~~~~~~~~~~~~~~~~~~~~~~~~~~~~~~~~~~~~~~~~
  239 |                                                                   "probroutes;probroutethreshold;probrouteaction;nostrictnetworkcut;weight;custommetric;weight_type;origweight;destweight;"
      |                                                                   ~~~~~~~~~~~~~~~~~~~~~~~~~~~~~~~~~~~~~~~~~~~~~~~~~~~~~~~~~~~~~~~~~~~~~~~~~~~~~~~~~~~~~~~~~~~~~~~~~~~~~~~~~~~~~~~~~~~~~~~~~
  240 |                                                                   "outputgeodesics;outputhulls;outputnetradii;outputdestinations;outputskim;origins;destinations;nonetdata;linkcentretype;lineformula;juncformula;ignorenonlinear;bidir;oneway;vertoneway;oversample;"
      |                                                                   ~~~~~~~~~~~~~~~~~~~~~~~~~~~~~~~~~~~~~~~~~~~~~~~~~~~~~~~~~~~~~~~~~~~~~~~~~~~~~~~~~~~~~~~~~~~~~~~~~~~~~~~~~~~~~~~~~~~~~~~~~~~~~~~~~~~~~~~~~~~~~~~~~~~~~~~~~~~~~~~~~~~~~~~~~~~~~~~~~~~~~~~~~~~~~~~~~~~~
  241 |                                                                   "aadtfield;t;a;s;jp;disable;zonedist;odmatrix;intermediates;radmetric;radlineformula;radjuncformula;radcustommetric;linefield;c;e;"
      |                                                                   ~~~~~~~~~~~~~~~~~~~~~~~~~~~~~~~~~~~~~~~~~~~~~~~~~~~~~~~~~~~~~~~~~~~~~~~~~~~~~~~~~~~~~~~~~~~~~~~~~~~~~~~~~~~~~~~~~~~~~~~~~~~~~~~~~~~
  242 |                                                                   "skimorigzone;skimdestzone;skimzone;bandedradii;linerand;juncrand;zonesums;origweightformula;destweightformula;datatokeep;textdatatokeep",
      |                                                                   ~~~~~~~~~~~~~~~~~~~~~~~~~~~~~~~~~~~~~~~~~~~~~~~~~~~~~~~~~~~~~~~~~~~~~~~~~~~~~~~~~~~~~~~~~~~~~~~~~~~~~~~~~~~~~~~~~~~~~~~~~~~~~~~~~~~~~~~~~
C:/msys64/home/drjam/sdna_lite/sdna_lite/sDNA/sdna_vs2008/calculation.h:244:67: warning: ISO C++ forbids converting a string constant to 'char*' [-Wwrite-strings]
  244 |                                                                   "juncformula=0;preserve_net_config=0;start_gs=;end_gs=;radii=n;metric=angular;cont=0;pre=;post=;nobetweenness=0;nojunctions=0;nohull=0;linkonly=0;"
      |                                                                   ^~~~~~~~~~~~~~~~~~~~~~~~~~~~~~~~~~~~~~~~~~~~~~~~~~~~~~~~~~~~~~~~~~~~~~~~~~~~~~~~~~~~~~~~~~~~~~~~~~~~~~~~~~~~~~~~~~~~~~~~~~~~~~~~~~~~~~~~~~~~~~~~~~~
  245 |                                                                   "forcecontorigin=0;nqpdn=1;nqpdd=1;arcxytol=;arcztol=;xytol=;ztol=;skipzeroweightorigins=0;skipzeroweightdestinations=1;skipfraction=1;skipmod=0;"
      |                                                                   ~~~~~~~~~~~~~~~~~~~~~~~~~~~~~~~~~~~~~~~~~~~~~~~~~~~~~~~~~~~~~~~~~~~~~~~~~~~~~~~~~~~~~~~~~~~~~~~~~~~~~~~~~~~~~~~~~~~~~~~~~~~~~~~~~~~~~~~~~~~~~~~~~~
  246 |                                                                   "nostrictnetworkcut=0;outputsums=0;probroutes=0;probroutethreshold=1.2;probrouteaction=ignore;outputdecomposableonly=0;skiporiginifzero=;"
      |                                                                   ~~~~~~~~~~~~~~~~~~~~~~~~~~~~~~~~~~~~~~~~~~~~~~~~~~~~~~~~~~~~~~~~~~~~~~~~~~~~~~~~~~~~~~~~~~~~~~~~~~~~~~~~~~~~~~~~~~~~~~~~~~~~~~~~~~~~~~~~~~
  247 |                                                                   "weight=;custommetric=;weight_type=link;origweight=;destweight=;linkcentretype=;lineformula=;"
      |                                                                   ~~~~~~~~~~~~~~~~~~~~~~~~~~~~~~~~~~~~~~~~~~~~~~~~~~~~~~~~~~~~~~~~~~~~~~~~~~~~~~~~~~~~~~~~~~~~~~
  248 |                                                                   "outputgeodesics=0;outputhulls=0;outputnetradii=0;outputdestinations=0;outputskim=0;origins=;destinations=;nonetdata=0;ignorenonlinear=0;bidir=0;oneway=;vertoneway=;oversample=1;"
      |                                                                   ~~~~~~~~~~~~~~~~~~~~~~~~~~~~~~~~~~~~~~~~~~~~~~~~~~~~~~~~~~~~~~~~~~~~~~~~~~~~~~~~~~~~~~~~~~~~~~~~~~~~~~~~~~~~~~~~~~~~~~~~~~~~~~~~~~~~~~~~~~~~~~~~~~~~~~~~~~~~~~~~~~~~~~~~~~~~~~~~~~~
  249 |                                                                   "aadtfield=aadt;t=default;a=default;s=default;jp=default;disable=;zonedist=euc;odmatrix=0;intermediates=;"
      |                                                                   ~~~~~~~~~~~~~~~~~~~~~~~~~~~~~~~~~~~~~~~~~~~~~~~~~~~~~~~~~~~~~~~~~~~~~~~~~~~~~~~~~~~~~~~~~~~~~~~~~~~~~~~~~~
  250 |                                                                   "radmetric=euclidean;radlineformula=;radjuncformula=0;radcustommetric=;linefield=line;c=default;e=default;"
      |                                                                   ~~~~~~~~~~~~~~~~~~~~~~~~~~~~~~~~~~~~~~~~~~~~~~~~~~~~~~~~~~~~~~~~~~~~~~~~~~~~~~~~~~~~~~~~~~~~~~~~~~~~~~~~~~~
  251 |                                                                   "skimorigzone=;skimdestzone=;skimzone=;bandedradii=0;linerand=0;juncrand=0;zonesums=;origweightformula=;destweightformula=;datatokeep=;textdatatokeep=",
      |                                                                   ~~~~~~~~~~~~~~~~~~~~~~~~~~~~~~~~~~~~~~~~~~~~~~~~~~~~~~~~~~~~~~~~~~~~~~~~~~~~~~~~~~~~~~~~~~~~~~~~~~~~~~~~~~~~~~~~~~~~~~~~~~~~~~~~~~~~~~~~~~~~~~~~~~~~~~~
C:/msys64/home/drjam/sdna_lite/sdna_lite/sDNA/sdna_vs2008/calculation.h:326:139: error: use of deleted function 'sDNAGeometryCollection& sDNAGeometryCollection::operator=(sDNAGeometryCollection&&)'
  326 |                         skim_geom = sDNAGeometryCollection(output_name_prefix+"skim"+output_name_postfix,NO_GEOM,get_skim_field_metadata());
      |                                                                                                                                           ^
C:/msys64/home/drjam/sdna_lite/sdna_lite/sDNA/sdna_vs2008/sdna_geometry_collections.h:254:7: note: 'sDNAGeometryCollection& sDNAGeometryCollection::operator=(sDNAGeometryCollection&&)' is implicitly deleted because the default definition would be ill-formed:
  254 | class sDNAGeometryCollection : public sDNAGeometryCollectionBase
      |       ^~~~~~~~~~~~~~~~~~~~~~
C:/msys64/home/drjam/sdna_lite/sdna_lite/sDNA/sdna_vs2008/sdna_geometry_collections.h:254:7: error: cannot bind non-const lvalue reference of type 'ThreadSafeVector<boost::shared_ptr<sDNADataMultiGeometry> >&' to an rvalue of type 'ThreadSafeVector<boost::shared_ptr<sDNADataMultiGeometry> >'
In file included from C:/msys64/home/drjam/sdna_lite/sdna_lite/sDNA/sdna_vs2008/sdna_geometry_collections.h:2:
C:/msys64/home/drjam/sdna_lite/sdna_lite/sDNA/sdna_vs2008/sdna_spatial_accumulators.h:190:61: note:   initializing argument 1 of 'ThreadSafeVector<T>& ThreadSafeVector<T>::operator=(ThreadSafeVector<T>&) [with T = boost::shared_ptr<sDNADataMultiGeometry>]'
  190 |         ThreadSafeVector<T>& operator=(ThreadSafeVector<T> &other)
      |                                        ~~~~~~~~~~~~~~~~~~~~~^~~~~
C:/msys64/home/drjam/sdna_lite/sdna_lite/sDNA/sdna_vs2008/calculation.h:359:150: error: use of deleted function 'sDNAGeometryCollection& sDNAGeometryCollection::operator=(sDNAGeometryCollection&&)'
  359 |                         geodesics = sDNAGeometryCollection(output_name_prefix+"geodesics"+output_name_postfix,POLYLINEZ,get_geodesic_field_metadata());
      |
       ^
C:/msys64/home/drjam/sdna_lite/sdna_lite/sDNA/sdna_vs2008/calculation.h:365:149: error: use of deleted function 'sDNAGeometryCollection& sDNAGeometryCollection::operator=(sDNAGeometryCollection&&)'
  365 |                         hulls = sDNAGeometryCollection(output_name_prefix+"hulls"+output_name_postfix,POLYGON,get_hull_or_netradius_field_metadata());
      |
      ^
C:/msys64/home/drjam/sdna_lite/sdna_lite/sDNA/sdna_vs2008/calculation.h:371:162: error: use of deleted function 'sDNAGeometryCollection& sDNAGeometryCollection::operator=(sDNAGeometryCollection&&)'
  371 |                         netradii = sDNAGeometryCollection(output_name_prefix+"netradii"+output_name_postfix,MULTIPOLYLINEZ,get_hull_or_netradius_field_metadata());
      |
                   ^
C:/msys64/home/drjam/sdna_lite/sdna_lite/sDNA/sdna_vs2008/calculation.h:377:163: error: use of deleted function 'sDNAGeometryCollection& sDNAGeometryCollection::operator=(sDNAGeometryCollection&&)'
  377 |                         destinationgeoms = sDNAGeometryCollection(output_name_prefix+"destinations"+output_name_postfix,POLYLINEZ,get_destination_field_metadata());
      |
                    ^
C:/msys64/home/drjam/sdna_lite/sdna_lite/sDNA/sdna_vs2008/calculation.h:466:48: error: cannot bind non-const lvalue reference of type 'std::vector<double>&' to an rvalue of type 'std::vector<double>'
  466 |                         lower_bound_radii.swap(vector<double>(radii.size(),0.));
      |                                                ^~~~~~~~~~~~~~~~~~~~~~~~~~~~~~~
C:/msys64/mingw64/include/c++/13.2.0/bits/stl_vector.h:1583:20: note:   initializing argument 1 of 'void std::vector<_Tp, _Alloc>::swap(std::vector<_Tp, _Alloc>&) [with _Tp = double; _Alloc = std::allocator<double>]'
 1583 |       swap(vector& __x) _GLIBCXX_NOEXCEPT
      |            ~~~~~~~~^~~
C:/msys64/home/drjam/sdna_lite/sdna_lite/sDNA/sdna_vs2008/calculation.h:471:48: error: cannot bind non-const lvalue reference of type 'std::vector<double>&' to an rvalue of type 'std::vector<double>'
  471 |                         lower_bound_radii.swap(vector<double>(1,0.));
      |                                                ^~~~~~~~~~~~~~~~~~~~
C:/msys64/mingw64/include/c++/13.2.0/bits/stl_vector.h:1583:20: note:   initializing argument 1 of 'void std::vector<_Tp, _Alloc>::swap(std::vector<_Tp, _Alloc>&) [with _Tp = double; _Alloc = std::allocator<double>]'
 1583 |       swap(vector& __x) _GLIBCXX_NOEXCEPT
      |            ~~~~~~~~^~~
C:/msys64/home/drjam/sdna_lite/sdna_lite/sDNA/sdna_vs2008/calculation.h: In static member function 'static int SDNAIntegralCalculation::get_skim_data(std::string, std::string, float, float, long int)':
C:/msys64/home/drjam/sdna_lite/sdna_lite/sDNA/sdna_vs2008/calculation.h:670:24: error: 'SDNAVariant' was not declared in this scope
  670 |                 vector<SDNAVariant> result(5);
      |                        ^~~~~~~~~~~
C:/msys64/home/drjam/sdna_lite/sdna_lite/sDNA/sdna_vs2008/calculation.h:670:35: error: template argument 1 is invalid
  670 |                 vector<SDNAVariant> result(5);
      |                                   ^
C:/msys64/home/drjam/sdna_lite/sdna_lite/sDNA/sdna_vs2008/calculation.h:670:35: error: template argument 2 is invalid
C:/msys64/home/drjam/sdna_lite/sdna_lite/sDNA/sdna_vs2008/calculation.h:671:23: error: invalid types 'int[int]' for array subscript
  671 |                 result[0] = SDNAVariant(orig);
      |                       ^
C:/msys64/home/drjam/sdna_lite/sdna_lite/sDNA/sdna_vs2008/calculation.h:672:23: error: invalid types 'int[int]' for array subscript
  672 |                 result[1] = SDNAVariant(dest);
      |                       ^
C:/msys64/home/drjam/sdna_lite/sdna_lite/sDNA/sdna_vs2008/calculation.h:673:23: error: invalid types 'int[int]' for array subscript
  673 |                 result[2] = SDNAVariant(meandist);
      |                       ^
C:/msys64/home/drjam/sdna_lite/sdna_lite/sDNA/sdna_vs2008/calculation.h:674:23: error: invalid types 'int[int]' for array subscript
  674 |                 result[3] = SDNAVariant(weight);
      |                       ^
C:/msys64/home/drjam/sdna_lite/sdna_lite/sDNA/sdna_vs2008/calculation.h:675:23: error: invalid types 'int[int]' for array subscript
  675 |                 result[4] = SDNAVariant(numeric_cast<long>(N));
      |                       ^
C:/msys64/home/drjam/sdna_lite/sdna_lite/sDNA/sdna_vs2008/calculation.h: In static member function 'static int SDNAIntegralCalculation::get_geodesic_data(long int, long int, double, float, float, float, float)':
C:/msys64/home/drjam/sdna_lite/sdna_lite/sDNA/sdna_vs2008/calculation.h:690:24: error: 'SDNAVariant' was not declared in this scope
  690 |                 vector<SDNAVariant> result(7);
      |                        ^~~~~~~~~~~
C:/msys64/home/drjam/sdna_lite/sdna_lite/sDNA/sdna_vs2008/calculation.h:690:35: error: template argument 1 is invalid
  690 |                 vector<SDNAVariant> result(7);
      |                                   ^
C:/msys64/home/drjam/sdna_lite/sdna_lite/sDNA/sdna_vs2008/calculation.h:690:35: error: template argument 2 is invalid
C:/msys64/home/drjam/sdna_lite/sdna_lite/sDNA/sdna_vs2008/calculation.h:691:23: error: invalid types 'int[int]' for array subscript
  691 |                 result[0]=SDNAVariant(orig);
      |                       ^
C:/msys64/home/drjam/sdna_lite/sdna_lite/sDNA/sdna_vs2008/calculation.h:692:23: error: invalid types 'int[int]' for array subscript
  692 |                 result[1]=SDNAVariant(dest);
      |                       ^
C:/msys64/home/drjam/sdna_lite/sdna_lite/sDNA/sdna_vs2008/calculation.h:693:23: error: invalid types 'int[int]' for array subscript
  693 |                 result[2]=SDNAVariant((float)radius);
      |                       ^
C:/msys64/home/drjam/sdna_lite/sdna_lite/sDNA/sdna_vs2008/calculation.h:694:23: error: invalid types 'int[int]' for array subscript
  694 |                 result[3]=SDNAVariant(weight);
      |                       ^
C:/msys64/home/drjam/sdna_lite/sdna_lite/sDNA/sdna_vs2008/calculation.h:695:23: error: invalid types 'int[int]' for array subscript
  695 |                 result[4]=SDNAVariant(tpweight);
      |                       ^
C:/msys64/home/drjam/sdna_lite/sdna_lite/sDNA/sdna_vs2008/calculation.h:696:23: error: invalid types 'int[int]' for array subscript
  696 |                 result[5]=SDNAVariant(anal_cost);
      |                       ^
C:/msys64/home/drjam/sdna_lite/sdna_lite/sDNA/sdna_vs2008/calculation.h:697:23: error: invalid types 'int[int]' for array subscript
  697 |                 result[6]=SDNAVariant(radial_cost);
      |                       ^
C:/msys64/home/drjam/sdna_lite/sdna_lite/sDNA/sdna_vs2008/calculation.h: In static member function 'static int SDNAIntegralCalculation::get_hull_or_netradius_data(long int, double, float)':
C:/msys64/home/drjam/sdna_lite/sdna_lite/sDNA/sdna_vs2008/calculation.h:714:24: error: 'SDNAVariant' was not declared in this scope
  714 |                 vector<SDNAVariant> result(3);
      |                        ^~~~~~~~~~~
C:/msys64/home/drjam/sdna_lite/sdna_lite/sDNA/sdna_vs2008/calculation.h:714:35: error: template argument 1 is invalid
  714 |                 vector<SDNAVariant> result(3);
      |                                   ^
C:/msys64/home/drjam/sdna_lite/sdna_lite/sDNA/sdna_vs2008/calculation.h:714:35: error: template argument 2 is invalid
C:/msys64/home/drjam/sdna_lite/sdna_lite/sDNA/sdna_vs2008/calculation.h:715:23: error: invalid types 'int[int]' for array subscript
  715 |                 result[0]=SDNAVariant(orig);
      |                       ^
C:/msys64/home/drjam/sdna_lite/sdna_lite/sDNA/sdna_vs2008/calculation.h:716:23: error: invalid types 'int[int]' for array subscript
  716 |                 result[1]=SDNAVariant((float)radius);
      |                       ^
C:/msys64/home/drjam/sdna_lite/sdna_lite/sDNA/sdna_vs2008/calculation.h:717:23: error: invalid types 'int[int]' for array subscript
  717 |                 result[2]=SDNAVariant(weight);
      |                       ^
C:/msys64/home/drjam/sdna_lite/sdna_lite/sDNA/sdna_vs2008/calculation.h: In static member function 'static int SDNAIntegralCalculation::get_destination_data(long int, long int, double, float, float, float, float, float)':
C:/msys64/home/drjam/sdna_lite/sdna_lite/sDNA/sdna_vs2008/calculation.h:731:24: error: 'SDNAVariant' was not declared in this scope
  731 |                 vector<SDNAVariant> result(9);
      |                        ^~~~~~~~~~~
C:/msys64/home/drjam/sdna_lite/sdna_lite/sDNA/sdna_vs2008/calculation.h:731:35: error: template argument 1 is invalid
  731 |                 vector<SDNAVariant> result(9);
      |                                   ^
C:/msys64/home/drjam/sdna_lite/sdna_lite/sDNA/sdna_vs2008/calculation.h:731:35: error: template argument 2 is invalid
C:/msys64/home/drjam/sdna_lite/sdna_lite/sDNA/sdna_vs2008/calculation.h:732:23: error: invalid types 'int[int]' for array subscript
  732 |                 result[0]=SDNAVariant(orig);
      |                       ^
C:/msys64/home/drjam/sdna_lite/sdna_lite/sDNA/sdna_vs2008/calculation.h:733:23: error: invalid types 'int[int]' for array subscript
  733 |                 result[1]=SDNAVariant(dest);
      |                       ^
C:/msys64/home/drjam/sdna_lite/sdna_lite/sDNA/sdna_vs2008/calculation.h:734:23: error: invalid types 'int[int]' for array subscript
  734 |                 result[2]=SDNAVariant((float)radius);
      |                       ^
C:/msys64/home/drjam/sdna_lite/sdna_lite/sDNA/sdna_vs2008/calculation.h:735:23: error: invalid types 'int[int]' for array subscript
  735 |                 result[3]=SDNAVariant(origweight);
      |                       ^
C:/msys64/home/drjam/sdna_lite/sdna_lite/sDNA/sdna_vs2008/calculation.h:736:23: error: invalid types 'int[int]' for array subscript
  736 |                 result[4]=SDNAVariant(tpweight);
      |                       ^
C:/msys64/home/drjam/sdna_lite/sdna_lite/sDNA/sdna_vs2008/calculation.h:737:23: error: invalid types 'int[int]' for array subscript
  737 |                 result[5]=SDNAVariant(anal_cost);
      |                       ^
C:/msys64/home/drjam/sdna_lite/sdna_lite/sDNA/sdna_vs2008/calculation.h:738:23: error: invalid types 'int[int]' for array subscript
  738 |                 result[6]=SDNAVariant(radial_cost);
      |                       ^
C:/msys64/home/drjam/sdna_lite/sdna_lite/sDNA/sdna_vs2008/calculation.h:739:23: error: invalid types 'int[int]' for array subscript
  739 |                 result[7]=SDNAVariant(crowflight);
      |                       ^
C:/msys64/home/drjam/sdna_lite/sdna_lite/sDNA/sdna_vs2008/calculation.h:740:23: error: invalid types 'int[int]' for array subscript
  740 |                 result[8]=SDNAVariant(radial_cost-crowflight);
      |                       ^
C:/msys64/home/drjam/sdna_lite/sdna_lite/sDNA/sdna_vs2008/calculation.h: In member function 'virtual int SDNAIntegralCalculation::get_outputs(long int)':
C:/msys64/home/drjam/sdna_lite/sdna_lite/sDNA/sdna_vs2008/calculation.h:772:24: error: 'SDNAVariant' was not declared in this scope
  772 |                 vector<SDNAVariant> result;
      |                        ^~~~~~~~~~~
C:/msys64/home/drjam/sdna_lite/sdna_lite/sDNA/sdna_vs2008/calculation.h:772:35: error: template argument 1 is invalid
  772 |                 vector<SDNAVariant> result;
      |                                   ^
C:/msys64/home/drjam/sdna_lite/sdna_lite/sDNA/sdna_vs2008/calculation.h:772:35: error: template argument 2 is invalid
C:/msys64/home/drjam/sdna_lite/sdna_lite/sDNA/sdna_vs2008/calculation.h:773:24: error: request for member 'reserve' in 'result', which is of non-class type 'int'
  773 |                 result.reserve(get_output_length());
      |                        ^~~~~~~
C:/msys64/home/drjam/sdna_lite/sdna_lite/sDNA/sdna_vs2008/calculation.h:775:32: error: request for member 'push_back' in 'result', which is of non-class type 'int'
  775 |                         result.push_back(SDNAVariant(f));
      |                                ^~~~~~~~~
C:/msys64/home/drjam/sdna_lite/sdna_lite/sDNA/sdna_vs2008/calculation.h: In member function 'void PartialNet::compute_analytical_costs(MetricEvaluator*)':
C:/msys64/home/drjam/sdna_lite/sdna_lite/sDNA/sdna_vs2008/calculation.h:860:17: error: 'run_dijkstra' was not declared in this scope
  860 |                 run_dijkstra(*this,*anal_best_costs_reaching_edge,metric_eval,GLOBAL_RADIUS,
      |                 ^~~~~~~~~~~~
C:/msys64/home/drjam/sdna_lite/sdna_lite/sDNA/sdna_vs2008/calculation.h: In constructor 'PartialNetCollection::PartialNetCollection(Net*, SDNAPolyline*, std::vector<double>&, std::vector<double>&, bool, MetricEvaluator*, bool, MetricEvaluator*, prob_route_action_t, double)':
C:/msys64/home/drjam/sdna_lite/sdna_lite/sDNA/sdna_vs2008/calculation.h:1109:17: error: 'run_dijkstra' was not declared in this scope
 1109 |                 run_dijkstra(full_net,radial_best_costs_reaching_edge,radial_eval,max_depth,backlinks,&junction_radial_costs);
      |                 ^~~~~~~~~~~~
C:/msys64/home/drjam/sdna_lite/sdna_lite/sDNA/sdna_vs2008/calculationbase.h: In instantiation of 'std::vector<NetExpectedDataSource<T>*> Calculation::simplify_expected_data(std::vector<NetExpectedDataSource<T>*>&) [with T = float]':
C:/msys64/home/drjam/sdna_lite/sdna_lite/sDNA/sdna_vs2008/calculationbase.h:122:101:   required from here
C:/msys64/home/drjam/sdna_lite/sdna_lite/sDNA/sdna_vs2008/calculationbase.h:130:57: error: dependent-name 'std::vector<NetExpectedDataSource<T>*>::iterator' is parsed as a non-type, but instantiation yields a type
  130 |                 for (vector<NetExpectedDataSource<T>*>::iterator it=source.begin();it!=source.end();it++)
      |                                                         ^~~~~~~~
C:/msys64/home/drjam/sdna_lite/sdna_lite/sDNA/sdna_vs2008/calculationbase.h:130:57: note: say 'typename std::vector<NetExpectedDataSource<T>*>::iterator' if a type is meant
C:/msys64/home/drjam/sdna_lite/sdna_lite/sDNA/sdna_vs2008/calculationbase.h: In instantiation of 'std::vector<NetExpectedDataSource<T>*> Calculation::simplify_expected_data(std::vector<NetExpectedDataSource<T>*>&) [with T = std::__cxx11::basic_string<char>]':
C:/msys64/home/drjam/sdna_lite/sdna_lite/sDNA/sdna_vs2008/calculationbase.h:123:98:   required from here
C:/msys64/home/drjam/sdna_lite/sdna_lite/sDNA/sdna_vs2008/calculationbase.h:130:57: error: dependent-name 'std::vector<NetExpectedDataSource<T>*>::iterator' is parsed as a non-type, but instantiation yields a type
C:/msys64/home/drjam/sdna_lite/sdna_lite/sDNA/sdna_vs2008/calculationbase.h:130:57: note: say 'typename std::vector<NetExpectedDataSource<T>*>::iterator' if a type is meant
C:/msys64/home/drjam/sdna_lite/sdna_lite/sDNA/sdna_vs2008/calculationbase.h: In instantiation of 'size_t Calculation::expected_data_to_string(char***, OutputStringArray&, std::vector<NetExpectedDataSource<T>*>&) [with T = float; size_t = long long unsigned int]':
C:/msys64/home/drjam/sdna_lite/sdna_lite/sDNA/sdna_vs2008/calculationbase.h:150:33:   required from here
C:/msys64/home/drjam/sdna_lite/sdna_lite/sDNA/sdna_vs2008/calculationbase.h:142:57: error: dependent-name 'std::vector<NetExpectedDataSource<T>*>::const_iterator' is parsed as a non-type, but instantiation yields a type
  142 |                 for (vector<NetExpectedDataSource<T>*>::const_iterator it=simplified_data.begin();it!=simplified_data.end();it++)
      |                                                         ^~~~~~~~~~~~~~
C:/msys64/home/drjam/sdna_lite/sdna_lite/sDNA/sdna_vs2008/calculationbase.h:142:57: note: say 'typename std::vector<NetExpectedDataSource<T>*>::const_iterator' if a type is meant
C:/msys64/home/drjam/sdna_lite/sdna_lite/sDNA/sdna_vs2008/calculationbase.h: In instantiation of 'size_t Calculation::expected_data_to_string(char***, OutputStringArray&, std::vector<NetExpectedDataSource<T>*>&) [with T = std::__cxx11::basic_string<char>; size_t = long long unsigned int]':
C:/msys64/home/drjam/sdna_lite/sdna_lite/sDNA/sdna_vs2008/calculationbase.h:152:75:   required from here
C:/msys64/home/drjam/sdna_lite/sdna_lite/sDNA/sdna_vs2008/calculationbase.h:142:57: error: dependent-name 'std::vector<NetExpectedDataSource<T>*>::const_iterator' is parsed as a non-type, but instantiation yields a type
C:/msys64/home/drjam/sdna_lite/sdna_lite/sDNA/sdna_vs2008/calculationbase.h:142:57: note: say 'typename std::vector<NetExpectedDataSource<T>*>::const_iterator' if a type is meant
C:/msys64/home/drjam/sdna_lite/sdna_lite/sDNA/sdna_vs2008/calculationbase.h: In instantiation of 'void Calculation::add_expected_data(std::vector<T>&) [with T = LengthWeightingStrategy]':
C:/msys64/home/drjam/sdna_lite/sdna_lite/sDNA/sdna_vs2008/calculation.h:265:20:   required from here
C:/msys64/home/drjam/sdna_lite/sdna_lite/sDNA/sdna_vs2008/calculationbase.h:112:33: error: dependent-name 'std::vector<T>::iterator' is parsed as a non-type, but instantiation yields a type
  112 |                 for (vector<T>::iterator it=v.begin();it!=v.end();it++)
      |                                 ^~~~~~~~
C:/msys64/home/drjam/sdna_lite/sdna_lite/sDNA/sdna_vs2008/calculationbase.h:112:33: note: say 'typename std::vector<T>::iterator' if a type is meant
C:/msys64/home/drjam/sdna_lite/sdna_lite/sDNA/sdna_vs2008/calculationbase.h: In instantiation of 'void Calculation::add_expected_data(std::vector<T>&) [with T = NetExpectedDataSource<std::__cxx11::basic_string<char> >]':
C:/msys64/home/drjam/sdna_lite/sdna_lite/sDNA/sdna_vs2008/calculation.h:266:20:   required from here
C:/msys64/home/drjam/sdna_lite/sdna_lite/sDNA/sdna_vs2008/calculationbase.h:112:33: error: dependent-name 'std::vector<T>::iterator' is parsed as a non-type, but instantiation yields a type
C:/msys64/home/drjam/sdna_lite/sdna_lite/sDNA/sdna_vs2008/calculationbase.h:112:33: note: say 'typename std::vector<T>::iterator' if a type is meant
[3/16] Building CXX object CMakeFiles/sdna_vs2008.dir/calculation.cpp.obj
FAILED: CMakeFiles/sdna_vs2008.dir/calculation.cpp.obj
C:\msys64\mingw64\bin\c++.exe -Dsdna_vs2008_EXPORTS -IC:/msys64/home/drjam/sdna_lite/sdna_lite/sDNA/sdna_vs2008/../muparser/drop/include -Winvalid-pch -include C:/msys64/home/drjam/sdna_lite/sdna_lite/output/release/x64/CMakeFiles/sdna_vs2008.dir/cmake_pch.hxx -MD -MT CMakeFiles/sdna_vs2008.dir/calculation.cpp.obj -MF CMakeFiles\sdna_vs2008.dir\calculation.cpp.obj.d -o CMakeFiles/sdna_vs2008.dir/calculation.cpp.obj -c C:/msys64/home/drjam/sdna_lite/sdna_lite/sDNA/sdna_vs2008/calculation.cpp
In file included from C:/msys64/home/drjam/sdna_lite/sdna_lite/sDNA/sdna_vs2008/edge.h:24,
                 from C:/msys64/home/drjam/sdna_lite/sdna_lite/sDNA/sdna_vs2008/net.h:3,
                 from C:/msys64/home/drjam/sdna_lite/sdna_lite/sDNA/sdna_vs2008/calculationbase.h:2,
                 from C:/msys64/home/drjam/sdna_lite/sdna_lite/sDNA/sdna_vs2008/calculation.h:2,
                 from C:/msys64/home/drjam/sdna_lite/sdna_lite/sDNA/sdna_vs2008/calculation.cpp:2:
C:/msys64/home/drjam/sdna_lite/sdna_lite/sDNA/sdna_vs2008/metricevaluator.h:367:90: error: template argument 1 is invalid
  367 |         class GetTypeVisitor : public boost::static_visitor<typename traversal_event_type>
      |                                                                                          ^
C:/msys64/home/drjam/sdna_lite/sdna_lite/sDNA/sdna_vs2008/metricevaluator.h:379:80: error: template argument 1 is invalid
  379 |         class GetLocationVisitor : public boost::static_visitor<typename Point*>
      |                                                                                ^
C:/msys64/home/drjam/sdna_lite/sdna_lite/sDNA/sdna_vs2008/metricevaluator.h:385:77: error: template argument 1 is invalid
  385 |         class ToStringVisitor : public boost::static_visitor<typename string>
      |                                                                             ^
C:/msys64/home/drjam/sdna_lite/sdna_lite/sDNA/sdna_vs2008/edge.h:266:32: error: extra qualification 'Edge::' on member 'traversal_events_begin' [-fpermissive]
  266 |         TraversalEventIterator Edge::traversal_events_begin() const;
      |                                ^~~~
C:/msys64/home/drjam/sdna_lite/sdna_lite/sDNA/sdna_vs2008/edge.h:267:32: error: extra qualification 'Edge::' on member 'traversal_events_end' [-fpermissive]
  267 |         TraversalEventIterator Edge::traversal_events_end() const;
      |                                ^~~~
C:/msys64/home/drjam/sdna_lite/sdna_lite/sDNA/sdna_vs2008/edge.h:268:32: error: extra qualification 'Edge::' on member 'traversal_events_centre' [-fpermissive]
  268 |         TraversalEventIterator Edge::traversal_events_centre() const;
      |                                ^~~~
C:/msys64/home/drjam/sdna_lite/sdna_lite/sDNA/sdna_vs2008/edge.h:345:31: error: extra qualification 'SDNAPolyline::' on member 'get_linked_links' [-fpermissive]
  345 |         vector<SDNAPolyline*> SDNAPolyline::get_linked_links();
      |                               ^~~~~~~~~~~~
C:/msys64/home/drjam/sdna_lite/sdna_lite/sDNA/sdna_vs2008/net.h:135:9: error: extra qualification 'Net::' on member 'Net' [-fpermissive]
  135 |         Net::Net();
      |         ^~~
In file included from C:/msys64/home/drjam/sdna_lite/sdna_lite/sDNA/sdna_vs2008/sdna_geometry_collections.h:3,
                 from C:/msys64/home/drjam/sdna_lite/sdna_lite/sDNA/sdna_vs2008/calculationbase.h:3:
C:/msys64/home/drjam/sdna_lite/sdna_lite/sDNA/sdna_vs2008/linkdatasource.h:38:9: error: reference to 'variant' is ambiguous
   38 | typedef variant<long,float,HeapString> SDNAVariant;
      |         ^~~~~~~
In file included from C:/msys64/mingw64/include/boost/variant/variant.hpp:26,
                 from C:/msys64/mingw64/include/boost/variant.hpp:17,
                 from C:/msys64/home/drjam/sdna_lite/sdna_lite/sDNA/sdna_vs2008/stdafx.h:40,
                 from C:/msys64/home/drjam/sdna_lite/sdna_lite/output/release/x64/CMakeFiles/sdna_vs2008.dir/cmake_pch.hxx:5,
                 from <command-line>:
C:/msys64/mingw64/include/boost/variant/variant_fwd.hpp:282:53: note: candidates are: 'template<class T0, class ... TN> class boost::variant'
  282 | template < BOOST_VARIANT_AUX_DECLARE_PARAMS > class variant;
      |                                                     ^~~~~~~
In file included from C:/msys64/mingw64/include/boost/container_hash/hash.hpp:65,
                 from C:/msys64/mingw64/include/boost/functional/hash/hash.hpp:6,
                 from C:/msys64/mingw64/include/boost/bimap/relation/mutant_relation.hpp:29,
                 from C:/msys64/mingw64/include/boost/bimap/detail/bimap_core.hpp:38,
                 from C:/msys64/mingw64/include/boost/bimap/bimap.hpp:61,
                 from C:/msys64/mingw64/include/boost/bimap.hpp:13,
                 from C:/msys64/home/drjam/sdna_lite/sdna_lite/sDNA/sdna_vs2008/stdafx.h:41:
C:/msys64/mingw64/include/c++/13.2.0/variant:63:38: note:                 'template<class ... _Types> class std::variant'
   63 |   template<typename... _Types> class variant;
      |                                      ^~~~~~~
C:/msys64/home/drjam/sdna_lite/sdna_lite/sDNA/sdna_vs2008/linkdatasource.h:48:24: error: 'SDNAVariant' was not declared in this scope
   48 |         virtual vector<SDNAVariant> get_outputs(long arcid)=0;
      |                        ^~~~~~~~~~~
C:/msys64/home/drjam/sdna_lite/sdna_lite/sDNA/sdna_vs2008/linkdatasource.h:48:35: error: template argument 1 is invalid
   48 |         virtual vector<SDNAVariant> get_outputs(long arcid)=0;
      |                                   ^
C:/msys64/home/drjam/sdna_lite/sdna_lite/sDNA/sdna_vs2008/linkdatasource.h:48:35: error: template argument 2 is invalid
C:/msys64/home/drjam/sdna_lite/sdna_lite/sDNA/sdna_vs2008/sdna_geometry_collections.h:23:34: error: 'SDNAVariant' was not declared in this scope
   23 | SDNAOutputUnion variant_to_union(SDNAVariant const &v);
      |                                  ^~~~~~~~~~~
C:/msys64/home/drjam/sdna_lite/sdna_lite/sDNA/sdna_vs2008/sdna_geometry_collections.h:160:16: error: 'SDNAVariant' was not declared in this scope
  160 |         vector<SDNAVariant> data;
      |                ^~~~~~~~~~~
C:/msys64/home/drjam/sdna_lite/sdna_lite/sDNA/sdna_vs2008/sdna_geometry_collections.h:160:27: error: template argument 1 is invalid
  160 |         vector<SDNAVariant> data;
      |                           ^
C:/msys64/home/drjam/sdna_lite/sdna_lite/sDNA/sdna_vs2008/sdna_geometry_collections.h:160:27: error: template argument 2 is invalid
C:/msys64/home/drjam/sdna_lite/sdna_lite/sDNA/sdna_vs2008/sdna_geometry_collections.h:162:55: error: 'SDNAVariant' was not declared in this scope
  162 |         sDNADataMultiGeometry(sDNAGeom_t type, vector<SDNAVariant> data, size_t reserve)
      |                                                       ^~~~~~~~~~~
C:/msys64/home/drjam/sdna_lite/sdna_lite/sDNA/sdna_vs2008/sdna_geometry_collections.h:162:66: error: template argument 1 is invalid
  162 |         sDNADataMultiGeometry(sDNAGeom_t type, vector<SDNAVariant> data, size_t reserve)
      |                                                                  ^
C:/msys64/home/drjam/sdna_lite/sdna_lite/sDNA/sdna_vs2008/sdna_geometry_collections.h:162:66: error: template argument 2 is invalid
C:/msys64/home/drjam/sdna_lite/sdna_lite/sDNA/sdna_vs2008/sdna_geometry_collections.h:183:22: error: 'SDNAVariant' was not declared in this scope
  183 |         const vector<SDNAVariant>& get_data() {return data;}
      |                      ^~~~~~~~~~~
C:/msys64/home/drjam/sdna_lite/sdna_lite/sDNA/sdna_vs2008/sdna_geometry_collections.h:183:33: error: template argument 1 is invalid
  183 |         const vector<SDNAVariant>& get_data() {return data;}
      |                                 ^
C:/msys64/home/drjam/sdna_lite/sdna_lite/sDNA/sdna_vs2008/sdna_geometry_collections.h:183:33: error: template argument 2 is invalid
In file included from C:/msys64/mingw64/include/c++/13.2.0/cassert:44,
                 from C:/msys64/home/drjam/sdna_lite/sdna_lite/sDNA/muparser/drop/include/muParserBytecode.h:28,
                 from C:/msys64/home/drjam/sdna_lite/sdna_lite/sDNA/muparser/drop/include/muParserBase.h:40,
                 from C:/msys64/home/drjam/sdna_lite/sdna_lite/sDNA/muparser/drop/include/muParser.h:32,
                 from C:/msys64/home/drjam/sdna_lite/sdna_lite/sDNA/sdna_vs2008/stdafx.h:77:
C:/msys64/home/drjam/sdna_lite/sdna_lite/sDNA/sdna_vs2008/sdna_geometry_collections.h: In member function 'void sDNAGeometryCollection::add(boost::shared_ptr<sDNADataMultiGeometry>)':
C:/msys64/home/drjam/sdna_lite/sdna_lite/sDNA/sdna_vs2008/sdna_geometry_collections.h:294:38: error: request for member 'size' in 'g.boost::shared_ptr<sDNADataMultiGeometry>::operator->()->sDNADataMultiGeometry::get_data()', which is of non-class type 'const int'
  294 |                 assert(g->get_data().size()==m_datanames.size());
      |                                      ^~~~
C:/msys64/home/drjam/sdna_lite/sdna_lite/sDNA/sdna_vs2008/sdna_geometry_collections.h: At global scope:
C:/msys64/home/drjam/sdna_lite/sdna_lite/sDNA/sdna_vs2008/sdna_geometry_collections.h:331:16: error: 'SDNAVariant' was not declared in this scope
  331 |         vector<SDNAVariant> variantbuffer;
      |                ^~~~~~~~~~~
C:/msys64/home/drjam/sdna_lite/sdna_lite/sDNA/sdna_vs2008/sdna_geometry_collections.h:331:27: error: template argument 1 is invalid
  331 |         vector<SDNAVariant> variantbuffer;
      |                           ^
C:/msys64/home/drjam/sdna_lite/sdna_lite/sDNA/sdna_vs2008/sdna_geometry_collections.h:331:27: error: template argument 2 is invalid
In file included from C:/msys64/home/drjam/sdna_lite/sdna_lite/sDNA/sdna_vs2008/calculationbase.h:4:
C:/msys64/home/drjam/sdna_lite/sdna_lite/sDNA/sdna_vs2008/tables.h: In member function 'void Table2d::finalize()':
C:/msys64/home/drjam/sdna_lite/sdna_lite/sDNA/sdna_vs2008/tables.h:91:37: error: cannot bind non-const lvalue reference of type 'std::vector<std::vector<float> >&' to an rvalue of type 'std::vector<std::vector<float> >'
   91 |                 index2_to_data.swap(vector<vector<float>>(size,vector<float>(size,default_table_value)));
      |                                     ^~~~~~~~~~~~~~~~~~~~~~~~~~~~~~~~~~~~~~~~~~~~~~~~~~~~~~~~~~~~~~~~~~~
In file included from C:/msys64/mingw64/include/c++/13.2.0/vector:66,
                 from C:/msys64/home/drjam/sdna_lite/sdna_lite/sDNA/sdna_vs2008/stdafx.h:25:
C:/msys64/mingw64/include/c++/13.2.0/bits/stl_vector.h:1583:20: note:   initializing argument 1 of 'void std::vector<_Tp, _Alloc>::swap(std::vector<_Tp, _Alloc>&) [with _Tp = std::vector<float>; _Alloc = std::allocator<std::vector<float> >]'
 1583 |       swap(vector& __x) _GLIBCXX_NOEXCEPT
      |            ~~~~~~~~^~~
C:/msys64/home/drjam/sdna_lite/sdna_lite/sDNA/sdna_vs2008/tables.h:103:34: error: cannot bind non-const lvalue reference of type 'std::vector<double>&' to an rvalue of type 'std::vector<double>'
  103 |                 origzonesum.swap(vector<double>(size,0.));
      |                                  ^~~~~~~~~~~~~~~~~~~~~~~
C:/msys64/mingw64/include/c++/13.2.0/bits/stl_vector.h:1583:20: note:   initializing argument 1 of 'void std::vector<_Tp, _Alloc>::swap(std::vector<_Tp, _Alloc>&) [with _Tp = double; _Alloc = std::allocator<double>]'
 1583 |       swap(vector& __x) _GLIBCXX_NOEXCEPT
      |            ~~~~~~~~^~~
C:/msys64/home/drjam/sdna_lite/sdna_lite/sDNA/sdna_vs2008/tables.h:104:34: error: cannot bind non-const lvalue reference of type 'std::vector<double>&' to an rvalue of type 'std::vector<double>'
  104 |                 destzonesum.swap(vector<double>(size,0.));
      |                                  ^~~~~~~~~~~~~~~~~~~~~~~
C:/msys64/mingw64/include/c++/13.2.0/bits/stl_vector.h:1583:20: note:   initializing argument 1 of 'void std::vector<_Tp, _Alloc>::swap(std::vector<_Tp, _Alloc>&) [with _Tp = double; _Alloc = std::allocator<double>]'
 1583 |       swap(vector& __x) _GLIBCXX_NOEXCEPT
      |            ~~~~~~~~^~~
In file included from C:/msys64/home/drjam/sdna_lite/sdna_lite/sDNA/sdna_vs2008/stdafx.h:68:
C:/msys64/home/drjam/sdna_lite/sdna_lite/sDNA/sdna_vs2008/tables.h: In member function 'void Table<T>::finalize()':
C:/msys64/home/drjam/sdna_lite/sdna_lite/sDNA/sdna_vs2008/tables.h:235:37: error: need 'typename' before 'Table<T>::MAPTYPE::value_type' because 'Table<T>::MAPTYPE' is a dependent scope
  235 |                 BOOST_FOREACH(const MAPTYPE::value_type& myPair, zone_to_data)
      |                                     ^~~~~~~
C:/msys64/home/drjam/sdna_lite/sdna_lite/sDNA/sdna_vs2008/tables.h:235:17: error: expected ';' before '!' token
  235 |                 BOOST_FOREACH(const MAPTYPE::value_type& myPair, zone_to_data)
      |                 ^~~~~~~~~~~~~
C:/msys64/home/drjam/sdna_lite/sdna_lite/sDNA/sdna_vs2008/tables.h:237:45: error: 'myPair' was not declared in this scope
  237 |                         const string zone = myPair.first;
      |                                             ^~~~~~
C:/msys64/home/drjam/sdna_lite/sdna_lite/sDNA/sdna_vs2008/calculationbase.h: In member function 'void Calculation::add_expected_data(std::vector<T>&)':
C:/msys64/home/drjam/sdna_lite/sdna_lite/sDNA/sdna_vs2008/calculationbase.h:112:22: error: need 'typename' before 'std::vector<T>::iterator' because 'std::vector<T>' is a dependent scope
  112 |                 for (vector<T>::iterator it=v.begin();it!=v.end();it++)
      |                      ^~~~~~~~~
C:/msys64/home/drjam/sdna_lite/sdna_lite/sDNA/sdna_vs2008/calculationbase.h:112:42: error: expected ';' before 'it'
  112 |                 for (vector<T>::iterator it=v.begin();it!=v.end();it++)
      |                                          ^~
C:/msys64/home/drjam/sdna_lite/sdna_lite/sDNA/sdna_vs2008/calculationbase.h:112:55: error: 'it' was not declared in this scope; did you mean 'int'?
  112 |                 for (vector<T>::iterator it=v.begin();it!=v.end();it++)
      |                                                       ^~
      |                                                       int
C:/msys64/home/drjam/sdna_lite/sdna_lite/sDNA/sdna_vs2008/calculationbase.h: In member function 'std::vector<NetExpectedDataSource<T>*> Calculation::simplify_expected_data(std::vector<NetExpectedDataSource<T>*>&)':
C:/msys64/home/drjam/sdna_lite/sdna_lite/sDNA/sdna_vs2008/calculationbase.h:130:22: error: need 'typename' before 'std::vector<NetExpectedDataSource<T>*>::iterator' because 'std::vector<NetExpectedDataSource<T>*>' is a dependent scope
  130 |                 for (vector<NetExpectedDataSource<T>*>::iterator it=source.begin();it!=source.end();it++)
      |                      ^~~~~~~~~~~~~~~~~~~~~~~~~~~~~~~~~
C:/msys64/home/drjam/sdna_lite/sdna_lite/sDNA/sdna_vs2008/calculationbase.h:130:66: error: expected ';' before 'it'
  130 |                 for (vector<NetExpectedDataSource<T>*>::iterator it=source.begin();it!=source.end();it++)
      |                                                                  ^~
C:/msys64/home/drjam/sdna_lite/sdna_lite/sDNA/sdna_vs2008/calculationbase.h:130:84: error: 'it' was not declared in this scope; did you mean 'int'?
  130 |                 for (vector<NetExpectedDataSource<T>*>::iterator it=source.begin();it!=source.end();it++)
      |                                                                                    ^~
      |                                                                                    int
C:/msys64/home/drjam/sdna_lite/sdna_lite/sDNA/sdna_vs2008/calculationbase.h: In member function 'size_t Calculation::expected_data_to_string(char***, OutputStringArray&, std::vector<NetExpectedDataSource<T>*>&)':
C:/msys64/home/drjam/sdna_lite/sdna_lite/sDNA/sdna_vs2008/calculationbase.h:142:22: error: need 'typename' before 'std::vector<NetExpectedDataSource<T>*>::const_iterator' because 'std::vector<NetExpectedDataSource<T>*>' is a dependent scope
  142 |                 for (vector<NetExpectedDataSource<T>*>::const_iterator it=simplified_data.begin();it!=simplified_data.end();it++)
      |                      ^~~~~~~~~~~~~~~~~~~~~~~~~~~~~~~~~
C:/msys64/home/drjam/sdna_lite/sdna_lite/sDNA/sdna_vs2008/calculationbase.h:142:72: error: expected ';' before 'it'
  142 |                 for (vector<NetExpectedDataSource<T>*>::const_iterator it=simplified_data.begin();it!=simplified_data.end();it++)
      |                                                                        ^~
C:/msys64/home/drjam/sdna_lite/sdna_lite/sDNA/sdna_vs2008/calculationbase.h:142:99: error: 'it' was not declared in this scope; did you mean 'int'?
  142 |                 for (vector<NetExpectedDataSource<T>*>::const_iterator it=simplified_data.begin();it!=simplified_data.end();it++)
      |                                                                                                   ^~
      |                                                                                                   int
C:/msys64/home/drjam/sdna_lite/sdna_lite/sDNA/sdna_vs2008/calculationbase.h: At global scope:
C:/msys64/home/drjam/sdna_lite/sdna_lite/sDNA/sdna_vs2008/calculationbase.h:259:24: error: 'SDNAVariant' was not declared in this scope
  259 |         virtual vector<SDNAVariant> get_outputs(long arcid)
      |                        ^~~~~~~~~~~
C:/msys64/home/drjam/sdna_lite/sdna_lite/sDNA/sdna_vs2008/calculationbase.h:259:35: error: template argument 1 is invalid
  259 |         virtual vector<SDNAVariant> get_outputs(long arcid)
      |                                   ^
C:/msys64/home/drjam/sdna_lite/sdna_lite/sDNA/sdna_vs2008/calculationbase.h:259:35: error: template argument 2 is invalid
C:/msys64/home/drjam/sdna_lite/sdna_lite/sDNA/sdna_vs2008/calculationbase.h: In member function 'virtual int CalcExpectedDataSDNAPolylineDataSourceWrapper::get_outputs(long int)':
C:/msys64/home/drjam/sdna_lite/sdna_lite/sDNA/sdna_vs2008/calculationbase.h:263:24: error: 'SDNAVariant' was not declared in this scope
  263 |                 vector<SDNAVariant> outputs;
      |                        ^~~~~~~~~~~
C:/msys64/home/drjam/sdna_lite/sdna_lite/sDNA/sdna_vs2008/calculationbase.h:263:35: error: template argument 1 is invalid
  263 |                 vector<SDNAVariant> outputs;
      |                                   ^
C:/msys64/home/drjam/sdna_lite/sdna_lite/sDNA/sdna_vs2008/calculationbase.h:263:35: error: template argument 2 is invalid
C:/msys64/home/drjam/sdna_lite/sdna_lite/sDNA/sdna_vs2008/calculationbase.h:264:25: error: request for member 'reserve' in 'outputs', which is of non-class type 'int'
  264 |                 outputs.reserve(get_output_length());
      |                         ^~~~~~~
C:/msys64/home/drjam/sdna_lite/sdna_lite/sDNA/sdna_vs2008/calculationbase.h:269:33: error: request for member 'push_back' in 'outputs', which is of non-class type 'int'
  269 |                         outputs.push_back(SDNAVariant(s->get_data(link)));
      |                                 ^~~~~~~~~
C:/msys64/home/drjam/sdna_lite/sdna_lite/sDNA/sdna_vs2008/calculationbase.h:275:33: error: request for member 'push_back' in 'outputs', which is of non-class type 'int'
  275 |                         outputs.push_back(SDNAVariant(s->get_data(link)));
      |                                 ^~~~~~~~~
C:/msys64/home/drjam/sdna_lite/sdna_lite/sDNA/sdna_vs2008/calculationbase.h:280:33: error: request for member 'push_back' in 'outputs', which is of non-class type 'int'
  280 |                         outputs.push_back(zdt->getData(link));
      |                                 ^~~~~~~~~
C:/msys64/home/drjam/sdna_lite/sdna_lite/sDNA/sdna_vs2008/calculationbase.h:285:33: error: request for member 'push_back' in 'outputs', which is of non-class type 'int'
  285 |                         outputs.push_back(static_cast<float>(zst->getData(link)));
      |                                 ^~~~~~~~~
C:/msys64/home/drjam/sdna_lite/sdna_lite/sDNA/sdna_vs2008/calculation.h: At global scope:
C:/msys64/home/drjam/sdna_lite/sdna_lite/sDNA/sdna_vs2008/calculation.h:10:6: error: variable or field 'run_dijkstra' declared void
   10 | void run_dijkstra(PartialNet &partialnet,
      |      ^~~~~~~~~~~~
C:/msys64/home/drjam/sdna_lite/sdna_lite/sDNA/sdna_vs2008/calculation.h:10:19: error: 'PartialNet' was not declared in this scope
   10 | void run_dijkstra(PartialNet &partialnet,
      |                   ^~~~~~~~~~
C:/msys64/home/drjam/sdna_lite/sdna_lite/sDNA/sdna_vs2008/calculation.h:10:31: error: 'partialnet' was not declared in this scope
   10 | void run_dijkstra(PartialNet &partialnet,
      |                               ^~~~~~~~~~
C:/msys64/home/drjam/sdna_lite/sdna_lite/sDNA/sdna_vs2008/calculation.h:11:39: error: expected primary-expression before '&' token
   11 |         IdIndexedArray<double,EdgeId> &costs_to_edge_start, MetricEvaluator*, double max_depth,
      |                                       ^
C:/msys64/home/drjam/sdna_lite/sdna_lite/sDNA/sdna_vs2008/calculation.h:11:40: error: 'costs_to_edge_start' was not declared in this scope
   11 |         IdIndexedArray<double,EdgeId> &costs_to_edge_start, MetricEvaluator*, double max_depth,
      |                                        ^~~~~~~~~~~~~~~~~~~
C:/msys64/home/drjam/sdna_lite/sdna_lite/sDNA/sdna_vs2008/calculation.h:11:76: error: expected primary-expression before '*' token
   11 |         IdIndexedArray<double,EdgeId> &costs_to_edge_start, MetricEvaluator*, double max_depth,
      |                                                                            ^
C:/msys64/home/drjam/sdna_lite/sdna_lite/sDNA/sdna_vs2008/calculation.h:11:77: error: expected primary-expression before ',' token
   11 |         IdIndexedArray<double,EdgeId> &costs_to_edge_start, MetricEvaluator*, double max_depth,
      |                                                                             ^
C:/msys64/home/drjam/sdna_lite/sdna_lite/sDNA/sdna_vs2008/calculation.h:11:79: error: expected primary-expression before 'double'
   11 |         IdIndexedArray<double,EdgeId> &costs_to_edge_start, MetricEvaluator*, double max_depth,
      |                                                                               ^~~~~~
C:/msys64/home/drjam/sdna_lite/sdna_lite/sDNA/sdna_vs2008/calculation.h:12:40: error: expected primary-expression before '*' token
   12 |         IdIndexedArray <Edge *,EdgeId> *backlinks = NULL, JunctionCosts *jcosts = NULL);
      |                                        ^
C:/msys64/home/drjam/sdna_lite/sdna_lite/sDNA/sdna_vs2008/calculation.h:12:41: error: 'backlinks' was not declared in this scope
   12 |         IdIndexedArray <Edge *,EdgeId> *backlinks = NULL, JunctionCosts *jcosts = NULL);
      |                                         ^~~~~~~~~
C:/msys64/home/drjam/sdna_lite/sdna_lite/sDNA/sdna_vs2008/calculation.h:12:73: error: expected primary-expression before '*' token
   12 |         IdIndexedArray <Edge *,EdgeId> *backlinks = NULL, JunctionCosts *jcosts = NULL);
      |                                                                         ^
C:/msys64/home/drjam/sdna_lite/sdna_lite/sDNA/sdna_vs2008/calculation.h:12:74: error: 'jcosts' was not declared in this scope
   12 |         IdIndexedArray <Edge *,EdgeId> *backlinks = NULL, JunctionCosts *jcosts = NULL);
      |                                                                          ^~~~~~
C:/msys64/home/drjam/sdna_lite/sdna_lite/sDNA/sdna_vs2008/calculation.h:181:67: error: 'PartialNet' has not been declared
  181 |         void process_geodesic(DestinationEdgeProcessingTask &dest,PartialNet &cut_net, int r,
      |                                                                   ^~~~~~~~~~
C:/msys64/home/drjam/sdna_lite/sdna_lite/sDNA/sdna_vs2008/calculation.h:668:23: error: 'SDNAVariant' was not declared in this scope
  668 |         static vector<SDNAVariant> get_skim_data(string orig,string dest,float meandist,float weight,long N)
      |                       ^~~~~~~~~~~
C:/msys64/home/drjam/sdna_lite/sdna_lite/sDNA/sdna_vs2008/calculation.h:668:34: error: template argument 1 is invalid
  668 |         static vector<SDNAVariant> get_skim_data(string orig,string dest,float meandist,float weight,long N)
      |                                  ^
C:/msys64/home/drjam/sdna_lite/sdna_lite/sDNA/sdna_vs2008/calculation.h:668:34: error: template argument 2 is invalid
C:/msys64/home/drjam/sdna_lite/sdna_lite/sDNA/sdna_vs2008/calculation.h:688:23: error: 'SDNAVariant' was not declared in this scope
  688 |         static vector<SDNAVariant> get_geodesic_data(long orig,long dest,double radius,float weight,float tpweight,float anal_cost,float radial_cost)
      |                       ^~~~~~~~~~~
C:/msys64/home/drjam/sdna_lite/sdna_lite/sDNA/sdna_vs2008/calculation.h:688:34: error: template argument 1 is invalid
  688 |         static vector<SDNAVariant> get_geodesic_data(long orig,long dest,double radius,float weight,float tpweight,float anal_cost,float radial_cost)
      |                                  ^
C:/msys64/home/drjam/sdna_lite/sdna_lite/sDNA/sdna_vs2008/calculation.h:688:34: error: template argument 2 is invalid
C:/msys64/home/drjam/sdna_lite/sdna_lite/sDNA/sdna_vs2008/calculation.h:712:23: error: 'SDNAVariant' was not declared in this scope
  712 |         static vector<SDNAVariant> get_hull_or_netradius_data(long orig,double radius,float weight)
      |                       ^~~~~~~~~~~
C:/msys64/home/drjam/sdna_lite/sdna_lite/sDNA/sdna_vs2008/calculation.h:712:34: error: template argument 1 is invalid
  712 |         static vector<SDNAVariant> get_hull_or_netradius_data(long orig,double radius,float weight)
      |                                  ^
C:/msys64/home/drjam/sdna_lite/sdna_lite/sDNA/sdna_vs2008/calculation.h:712:34: error: template argument 2 is invalid
C:/msys64/home/drjam/sdna_lite/sdna_lite/sDNA/sdna_vs2008/calculation.h:728:23: error: 'SDNAVariant' was not declared in this scope
  728 |         static vector<SDNAVariant> get_destination_data(long orig,long dest,double radius,float origweight,float tpweight,float anal_cost,float radial_cost,
      |                       ^~~~~~~~~~~
C:/msys64/home/drjam/sdna_lite/sdna_lite/sDNA/sdna_vs2008/calculation.h:728:34: error: template argument 1 is invalid
  728 |         static vector<SDNAVariant> get_destination_data(long orig,long dest,double radius,float origweight,float tpweight,float anal_cost,float radial_cost,
      |                                  ^
C:/msys64/home/drjam/sdna_lite/sdna_lite/sDNA/sdna_vs2008/calculation.h:728:34: error: template argument 2 is invalid
C:/msys64/home/drjam/sdna_lite/sdna_lite/sDNA/sdna_vs2008/calculation.h:770:24: error: 'SDNAVariant' was not declared in this scope
  770 |         virtual vector<SDNAVariant> get_outputs(long arcid)
      |                        ^~~~~~~~~~~
C:/msys64/home/drjam/sdna_lite/sdna_lite/sDNA/sdna_vs2008/calculation.h:770:35: error: template argument 1 is invalid
  770 |         virtual vector<SDNAVariant> get_outputs(long arcid)
      |                                   ^
C:/msys64/home/drjam/sdna_lite/sdna_lite/sDNA/sdna_vs2008/calculation.h:770:35: error: template argument 2 is invalid
C:/msys64/home/drjam/sdna_lite/sdna_lite/sDNA/sdna_vs2008/calculation.h: In member function 'void SDNAIntegralCalculation::unpack_config(char*)':
C:/msys64/home/drjam/sdna_lite/sdna_lite/sDNA/sdna_vs2008/calculation.h:237:67: warning: ISO C++ forbids converting a string constant to 'char*' [-Wwrite-strings]
  237 |                                                                   "preserve_net_config;start_gs;end_gs;radii;cont;metric;pre;post;nobetweenness;nojunctions;nohull;linkonly;forcecontorigin;nqpdn;nqpdd;"
      |                                                                   ^~~~~~~~~~~~~~~~~~~~~~~~~~~~~~~~~~~~~~~~~~~~~~~~~~~~~~~~~~~~~~~~~~~~~~~~~~~~~~~~~~~~~~~~~~~~~~~~~~~~~~~~~~~~~~~~~~~~~~~~~~~~~~~~~~~~~~~
  238 |                                                                   "arcxytol;arcztol;xytol;ztol;skipzeroweightorigins;skipzeroweightdestinations;skipfraction;skipmod;outputsums;outputdecomposableonly;skiporiginifzero;"
      |                                                                   ~~~~~~~~~~~~~~~~~~~~~~~~~~~~~~~~~~~~~~~~~~~~~~~~~~~~~~~~~~~~~~~~~~~~~~~~~~~~~~~~~~~~~~~~~~~~~~~~~~~~~~~~~~~~~~~~~~~~~~~~~~~~~~~~~~~~~~~~~~~~~~~~~~~~~~~
  239 |                                                                   "probroutes;probroutethreshold;probrouteaction;nostrictnetworkcut;weight;custommetric;weight_type;origweight;destweight;"
      |                                                                   ~~~~~~~~~~~~~~~~~~~~~~~~~~~~~~~~~~~~~~~~~~~~~~~~~~~~~~~~~~~~~~~~~~~~~~~~~~~~~~~~~~~~~~~~~~~~~~~~~~~~~~~~~~~~~~~~~~~~~~~~~
  240 |                                                                   "outputgeodesics;outputhulls;outputnetradii;outputdestinations;outputskim;origins;destinations;nonetdata;linkcentretype;lineformula;juncformula;ignorenonlinear;bidir;oneway;vertoneway;oversample;"
      |                                                                   ~~~~~~~~~~~~~~~~~~~~~~~~~~~~~~~~~~~~~~~~~~~~~~~~~~~~~~~~~~~~~~~~~~~~~~~~~~~~~~~~~~~~~~~~~~~~~~~~~~~~~~~~~~~~~~~~~~~~~~~~~~~~~~~~~~~~~~~~~~~~~~~~~~~~~~~~~~~~~~~~~~~~~~~~~~~~~~~~~~~~~~~~~~~~~~~~~~~~
  241 |                                                                   "aadtfield;t;a;s;jp;disable;zonedist;odmatrix;intermediates;radmetric;radlineformula;radjuncformula;radcustommetric;linefield;c;e;"
      |                                                                   ~~~~~~~~~~~~~~~~~~~~~~~~~~~~~~~~~~~~~~~~~~~~~~~~~~~~~~~~~~~~~~~~~~~~~~~~~~~~~~~~~~~~~~~~~~~~~~~~~~~~~~~~~~~~~~~~~~~~~~~~~~~~~~~~~~~
  242 |                                                                   "skimorigzone;skimdestzone;skimzone;bandedradii;linerand;juncrand;zonesums;origweightformula;destweightformula;datatokeep;textdatatokeep",
      |                                                                   ~~~~~~~~~~~~~~~~~~~~~~~~~~~~~~~~~~~~~~~~~~~~~~~~~~~~~~~~~~~~~~~~~~~~~~~~~~~~~~~~~~~~~~~~~~~~~~~~~~~~~~~~~~~~~~~~~~~~~~~~~~~~~~~~~~~~~~~~~
C:/msys64/home/drjam/sdna_lite/sdna_lite/sDNA/sdna_vs2008/calculation.h:244:67: warning: ISO C++ forbids converting a string constant to 'char*' [-Wwrite-strings]
  244 |                                                                   "juncformula=0;preserve_net_config=0;start_gs=;end_gs=;radii=n;metric=angular;cont=0;pre=;post=;nobetweenness=0;nojunctions=0;nohull=0;linkonly=0;"
      |                                                                   ^~~~~~~~~~~~~~~~~~~~~~~~~~~~~~~~~~~~~~~~~~~~~~~~~~~~~~~~~~~~~~~~~~~~~~~~~~~~~~~~~~~~~~~~~~~~~~~~~~~~~~~~~~~~~~~~~~~~~~~~~~~~~~~~~~~~~~~~~~~~~~~~~~~
  245 |                                                                   "forcecontorigin=0;nqpdn=1;nqpdd=1;arcxytol=;arcztol=;xytol=;ztol=;skipzeroweightorigins=0;skipzeroweightdestinations=1;skipfraction=1;skipmod=0;"
      |                                                                   ~~~~~~~~~~~~~~~~~~~~~~~~~~~~~~~~~~~~~~~~~~~~~~~~~~~~~~~~~~~~~~~~~~~~~~~~~~~~~~~~~~~~~~~~~~~~~~~~~~~~~~~~~~~~~~~~~~~~~~~~~~~~~~~~~~~~~~~~~~~~~~~~~~
  246 |                                                                   "nostrictnetworkcut=0;outputsums=0;probroutes=0;probroutethreshold=1.2;probrouteaction=ignore;outputdecomposableonly=0;skiporiginifzero=;"
      |                                                                   ~~~~~~~~~~~~~~~~~~~~~~~~~~~~~~~~~~~~~~~~~~~~~~~~~~~~~~~~~~~~~~~~~~~~~~~~~~~~~~~~~~~~~~~~~~~~~~~~~~~~~~~~~~~~~~~~~~~~~~~~~~~~~~~~~~~~~~~~~~
  247 |                                                                   "weight=;custommetric=;weight_type=link;origweight=;destweight=;linkcentretype=;lineformula=;"
      |                                                                   ~~~~~~~~~~~~~~~~~~~~~~~~~~~~~~~~~~~~~~~~~~~~~~~~~~~~~~~~~~~~~~~~~~~~~~~~~~~~~~~~~~~~~~~~~~~~~~
  248 |                                                                   "outputgeodesics=0;outputhulls=0;outputnetradii=0;outputdestinations=0;outputskim=0;origins=;destinations=;nonetdata=0;ignorenonlinear=0;bidir=0;oneway=;vertoneway=;oversample=1;"
      |                                                                   ~~~~~~~~~~~~~~~~~~~~~~~~~~~~~~~~~~~~~~~~~~~~~~~~~~~~~~~~~~~~~~~~~~~~~~~~~~~~~~~~~~~~~~~~~~~~~~~~~~~~~~~~~~~~~~~~~~~~~~~~~~~~~~~~~~~~~~~~~~~~~~~~~~~~~~~~~~~~~~~~~~~~~~~~~~~~~~~~~~~
  249 |                                                                   "aadtfield=aadt;t=default;a=default;s=default;jp=default;disable=;zonedist=euc;odmatrix=0;intermediates=;"
      |                                                                   ~~~~~~~~~~~~~~~~~~~~~~~~~~~~~~~~~~~~~~~~~~~~~~~~~~~~~~~~~~~~~~~~~~~~~~~~~~~~~~~~~~~~~~~~~~~~~~~~~~~~~~~~~~
  250 |                                                                   "radmetric=euclidean;radlineformula=;radjuncformula=0;radcustommetric=;linefield=line;c=default;e=default;"
      |                                                                   ~~~~~~~~~~~~~~~~~~~~~~~~~~~~~~~~~~~~~~~~~~~~~~~~~~~~~~~~~~~~~~~~~~~~~~~~~~~~~~~~~~~~~~~~~~~~~~~~~~~~~~~~~~~
  251 |                                                                   "skimorigzone=;skimdestzone=;skimzone=;bandedradii=0;linerand=0;juncrand=0;zonesums=;origweightformula=;destweightformula=;datatokeep=;textdatatokeep=",
      |                                                                   ~~~~~~~~~~~~~~~~~~~~~~~~~~~~~~~~~~~~~~~~~~~~~~~~~~~~~~~~~~~~~~~~~~~~~~~~~~~~~~~~~~~~~~~~~~~~~~~~~~~~~~~~~~~~~~~~~~~~~~~~~~~~~~~~~~~~~~~~~~~~~~~~~~~~~~~
C:/msys64/home/drjam/sdna_lite/sdna_lite/sDNA/sdna_vs2008/calculation.h:326:139: error: use of deleted function 'sDNAGeometryCollection& sDNAGeometryCollection::operator=(sDNAGeometryCollection&&)'
  326 |                         skim_geom = sDNAGeometryCollection(output_name_prefix+"skim"+output_name_postfix,NO_GEOM,get_skim_field_metadata());
      |                                                                                                                                           ^
C:/msys64/home/drjam/sdna_lite/sdna_lite/sDNA/sdna_vs2008/sdna_geometry_collections.h:254:7: note: 'sDNAGeometryCollection& sDNAGeometryCollection::operator=(sDNAGeometryCollection&&)' is implicitly deleted because the default definition would be ill-formed:
  254 | class sDNAGeometryCollection : public sDNAGeometryCollectionBase
      |       ^~~~~~~~~~~~~~~~~~~~~~
C:/msys64/home/drjam/sdna_lite/sdna_lite/sDNA/sdna_vs2008/sdna_geometry_collections.h:254:7: error: cannot bind non-const lvalue reference of type 'ThreadSafeVector<boost::shared_ptr<sDNADataMultiGeometry> >&' to an rvalue of type 'ThreadSafeVector<boost::shared_ptr<sDNADataMultiGeometry> >'
In file included from C:/msys64/home/drjam/sdna_lite/sdna_lite/sDNA/sdna_vs2008/sdna_geometry_collections.h:2:
C:/msys64/home/drjam/sdna_lite/sdna_lite/sDNA/sdna_vs2008/sdna_spatial_accumulators.h:190:61: note:   initializing argument 1 of 'ThreadSafeVector<T>& ThreadSafeVector<T>::operator=(ThreadSafeVector<T>&) [with T = boost::shared_ptr<sDNADataMultiGeometry>]'
  190 |         ThreadSafeVector<T>& operator=(ThreadSafeVector<T> &other)
      |                                        ~~~~~~~~~~~~~~~~~~~~~^~~~~
C:/msys64/home/drjam/sdna_lite/sdna_lite/sDNA/sdna_vs2008/calculation.h:359:150: error: use of deleted function 'sDNAGeometryCollection& sDNAGeometryCollection::operator=(sDNAGeometryCollection&&)'
  359 |                         geodesics = sDNAGeometryCollection(output_name_prefix+"geodesics"+output_name_postfix,POLYLINEZ,get_geodesic_field_metadata());
      |
       ^
C:/msys64/home/drjam/sdna_lite/sdna_lite/sDNA/sdna_vs2008/calculation.h:365:149: error: use of deleted function 'sDNAGeometryCollection& sDNAGeometryCollection::operator=(sDNAGeometryCollection&&)'
  365 |                         hulls = sDNAGeometryCollection(output_name_prefix+"hulls"+output_name_postfix,POLYGON,get_hull_or_netradius_field_metadata());
      |
      ^
C:/msys64/home/drjam/sdna_lite/sdna_lite/sDNA/sdna_vs2008/calculation.h:371:162: error: use of deleted function 'sDNAGeometryCollection& sDNAGeometryCollection::operator=(sDNAGeometryCollection&&)'
  371 |                         netradii = sDNAGeometryCollection(output_name_prefix+"netradii"+output_name_postfix,MULTIPOLYLINEZ,get_hull_or_netradius_field_metadata());
      |
                   ^
C:/msys64/home/drjam/sdna_lite/sdna_lite/sDNA/sdna_vs2008/calculation.h:377:163: error: use of deleted function 'sDNAGeometryCollection& sDNAGeometryCollection::operator=(sDNAGeometryCollection&&)'
  377 |                         destinationgeoms = sDNAGeometryCollection(output_name_prefix+"destinations"+output_name_postfix,POLYLINEZ,get_destination_field_metadata());
      |
                    ^
C:/msys64/home/drjam/sdna_lite/sdna_lite/sDNA/sdna_vs2008/calculation.h:466:48: error: cannot bind non-const lvalue reference of type 'std::vector<double>&' to an rvalue of type 'std::vector<double>'
  466 |                         lower_bound_radii.swap(vector<double>(radii.size(),0.));
      |                                                ^~~~~~~~~~~~~~~~~~~~~~~~~~~~~~~
C:/msys64/mingw64/include/c++/13.2.0/bits/stl_vector.h:1583:20: note:   initializing argument 1 of 'void std::vector<_Tp, _Alloc>::swap(std::vector<_Tp, _Alloc>&) [with _Tp = double; _Alloc = std::allocator<double>]'
 1583 |       swap(vector& __x) _GLIBCXX_NOEXCEPT
      |            ~~~~~~~~^~~
C:/msys64/home/drjam/sdna_lite/sdna_lite/sDNA/sdna_vs2008/calculation.h:471:48: error: cannot bind non-const lvalue reference of type 'std::vector<double>&' to an rvalue of type 'std::vector<double>'
  471 |                         lower_bound_radii.swap(vector<double>(1,0.));
      |                                                ^~~~~~~~~~~~~~~~~~~~
C:/msys64/mingw64/include/c++/13.2.0/bits/stl_vector.h:1583:20: note:   initializing argument 1 of 'void std::vector<_Tp, _Alloc>::swap(std::vector<_Tp, _Alloc>&) [with _Tp = double; _Alloc = std::allocator<double>]'
 1583 |       swap(vector& __x) _GLIBCXX_NOEXCEPT
      |            ~~~~~~~~^~~
C:/msys64/home/drjam/sdna_lite/sdna_lite/sDNA/sdna_vs2008/calculation.h: In static member function 'static int SDNAIntegralCalculation::get_skim_data(std::string, std::string, float, float, long int)':
C:/msys64/home/drjam/sdna_lite/sdna_lite/sDNA/sdna_vs2008/calculation.h:670:24: error: 'SDNAVariant' was not declared in this scope
  670 |                 vector<SDNAVariant> result(5);
      |                        ^~~~~~~~~~~
C:/msys64/home/drjam/sdna_lite/sdna_lite/sDNA/sdna_vs2008/calculation.h:670:35: error: template argument 1 is invalid
  670 |                 vector<SDNAVariant> result(5);
      |                                   ^
C:/msys64/home/drjam/sdna_lite/sdna_lite/sDNA/sdna_vs2008/calculation.h:670:35: error: template argument 2 is invalid
C:/msys64/home/drjam/sdna_lite/sdna_lite/sDNA/sdna_vs2008/calculation.h:671:23: error: invalid types 'int[int]' for array subscript
  671 |                 result[0] = SDNAVariant(orig);
      |                       ^
C:/msys64/home/drjam/sdna_lite/sdna_lite/sDNA/sdna_vs2008/calculation.h:672:23: error: invalid types 'int[int]' for array subscript
  672 |                 result[1] = SDNAVariant(dest);
      |                       ^
C:/msys64/home/drjam/sdna_lite/sdna_lite/sDNA/sdna_vs2008/calculation.h:673:23: error: invalid types 'int[int]' for array subscript
  673 |                 result[2] = SDNAVariant(meandist);
      |                       ^
C:/msys64/home/drjam/sdna_lite/sdna_lite/sDNA/sdna_vs2008/calculation.h:674:23: error: invalid types 'int[int]' for array subscript
  674 |                 result[3] = SDNAVariant(weight);
      |                       ^
C:/msys64/home/drjam/sdna_lite/sdna_lite/sDNA/sdna_vs2008/calculation.h:675:23: error: invalid types 'int[int]' for array subscript
  675 |                 result[4] = SDNAVariant(numeric_cast<long>(N));
      |                       ^
C:/msys64/home/drjam/sdna_lite/sdna_lite/sDNA/sdna_vs2008/calculation.h: In static member function 'static int SDNAIntegralCalculation::get_geodesic_data(long int, long int, double, float, float, float, float)':
C:/msys64/home/drjam/sdna_lite/sdna_lite/sDNA/sdna_vs2008/calculation.h:690:24: error: 'SDNAVariant' was not declared in this scope
  690 |                 vector<SDNAVariant> result(7);
      |                        ^~~~~~~~~~~
C:/msys64/home/drjam/sdna_lite/sdna_lite/sDNA/sdna_vs2008/calculation.h:690:35: error: template argument 1 is invalid
  690 |                 vector<SDNAVariant> result(7);
      |                                   ^
C:/msys64/home/drjam/sdna_lite/sdna_lite/sDNA/sdna_vs2008/calculation.h:690:35: error: template argument 2 is invalid
C:/msys64/home/drjam/sdna_lite/sdna_lite/sDNA/sdna_vs2008/calculation.h:691:23: error: invalid types 'int[int]' for array subscript
  691 |                 result[0]=SDNAVariant(orig);
      |                       ^
C:/msys64/home/drjam/sdna_lite/sdna_lite/sDNA/sdna_vs2008/calculation.h:692:23: error: invalid types 'int[int]' for array subscript
  692 |                 result[1]=SDNAVariant(dest);
      |                       ^
C:/msys64/home/drjam/sdna_lite/sdna_lite/sDNA/sdna_vs2008/calculation.h:693:23: error: invalid types 'int[int]' for array subscript
  693 |                 result[2]=SDNAVariant((float)radius);
      |                       ^
C:/msys64/home/drjam/sdna_lite/sdna_lite/sDNA/sdna_vs2008/calculation.h:694:23: error: invalid types 'int[int]' for array subscript
  694 |                 result[3]=SDNAVariant(weight);
      |                       ^
C:/msys64/home/drjam/sdna_lite/sdna_lite/sDNA/sdna_vs2008/calculation.h:695:23: error: invalid types 'int[int]' for array subscript
  695 |                 result[4]=SDNAVariant(tpweight);
      |                       ^
C:/msys64/home/drjam/sdna_lite/sdna_lite/sDNA/sdna_vs2008/calculation.h:696:23: error: invalid types 'int[int]' for array subscript
  696 |                 result[5]=SDNAVariant(anal_cost);
      |                       ^
C:/msys64/home/drjam/sdna_lite/sdna_lite/sDNA/sdna_vs2008/calculation.h:697:23: error: invalid types 'int[int]' for array subscript
  697 |                 result[6]=SDNAVariant(radial_cost);
      |                       ^
C:/msys64/home/drjam/sdna_lite/sdna_lite/sDNA/sdna_vs2008/calculation.h: In static member function 'static int SDNAIntegralCalculation::get_hull_or_netradius_data(long int, double, float)':
C:/msys64/home/drjam/sdna_lite/sdna_lite/sDNA/sdna_vs2008/calculation.h:714:24: error: 'SDNAVariant' was not declared in this scope
  714 |                 vector<SDNAVariant> result(3);
      |                        ^~~~~~~~~~~
C:/msys64/home/drjam/sdna_lite/sdna_lite/sDNA/sdna_vs2008/calculation.h:714:35: error: template argument 1 is invalid
  714 |                 vector<SDNAVariant> result(3);
      |                                   ^
C:/msys64/home/drjam/sdna_lite/sdna_lite/sDNA/sdna_vs2008/calculation.h:714:35: error: template argument 2 is invalid
C:/msys64/home/drjam/sdna_lite/sdna_lite/sDNA/sdna_vs2008/calculation.h:715:23: error: invalid types 'int[int]' for array subscript
  715 |                 result[0]=SDNAVariant(orig);
      |                       ^
C:/msys64/home/drjam/sdna_lite/sdna_lite/sDNA/sdna_vs2008/calculation.h:716:23: error: invalid types 'int[int]' for array subscript
  716 |                 result[1]=SDNAVariant((float)radius);
      |                       ^
C:/msys64/home/drjam/sdna_lite/sdna_lite/sDNA/sdna_vs2008/calculation.h:717:23: error: invalid types 'int[int]' for array subscript
  717 |                 result[2]=SDNAVariant(weight);
      |                       ^
C:/msys64/home/drjam/sdna_lite/sdna_lite/sDNA/sdna_vs2008/calculation.h: In static member function 'static int SDNAIntegralCalculation::get_destination_data(long int, long int, double, float, float, float, float, float)':
C:/msys64/home/drjam/sdna_lite/sdna_lite/sDNA/sdna_vs2008/calculation.h:731:24: error: 'SDNAVariant' was not declared in this scope
  731 |                 vector<SDNAVariant> result(9);
      |                        ^~~~~~~~~~~
C:/msys64/home/drjam/sdna_lite/sdna_lite/sDNA/sdna_vs2008/calculation.h:731:35: error: template argument 1 is invalid
  731 |                 vector<SDNAVariant> result(9);
      |                                   ^
C:/msys64/home/drjam/sdna_lite/sdna_lite/sDNA/sdna_vs2008/calculation.h:731:35: error: template argument 2 is invalid
C:/msys64/home/drjam/sdna_lite/sdna_lite/sDNA/sdna_vs2008/calculation.h:732:23: error: invalid types 'int[int]' for array subscript
  732 |                 result[0]=SDNAVariant(orig);
      |                       ^
C:/msys64/home/drjam/sdna_lite/sdna_lite/sDNA/sdna_vs2008/calculation.h:733:23: error: invalid types 'int[int]' for array subscript
  733 |                 result[1]=SDNAVariant(dest);
      |                       ^
C:/msys64/home/drjam/sdna_lite/sdna_lite/sDNA/sdna_vs2008/calculation.h:734:23: error: invalid types 'int[int]' for array subscript
  734 |                 result[2]=SDNAVariant((float)radius);
      |                       ^
C:/msys64/home/drjam/sdna_lite/sdna_lite/sDNA/sdna_vs2008/calculation.h:735:23: error: invalid types 'int[int]' for array subscript
  735 |                 result[3]=SDNAVariant(origweight);
      |                       ^
C:/msys64/home/drjam/sdna_lite/sdna_lite/sDNA/sdna_vs2008/calculation.h:736:23: error: invalid types 'int[int]' for array subscript
  736 |                 result[4]=SDNAVariant(tpweight);
      |                       ^
C:/msys64/home/drjam/sdna_lite/sdna_lite/sDNA/sdna_vs2008/calculation.h:737:23: error: invalid types 'int[int]' for array subscript
  737 |                 result[5]=SDNAVariant(anal_cost);
      |                       ^
C:/msys64/home/drjam/sdna_lite/sdna_lite/sDNA/sdna_vs2008/calculation.h:738:23: error: invalid types 'int[int]' for array subscript
  738 |                 result[6]=SDNAVariant(radial_cost);
      |                       ^
C:/msys64/home/drjam/sdna_lite/sdna_lite/sDNA/sdna_vs2008/calculation.h:739:23: error: invalid types 'int[int]' for array subscript
  739 |                 result[7]=SDNAVariant(crowflight);
      |                       ^
C:/msys64/home/drjam/sdna_lite/sdna_lite/sDNA/sdna_vs2008/calculation.h:740:23: error: invalid types 'int[int]' for array subscript
  740 |                 result[8]=SDNAVariant(radial_cost-crowflight);
      |                       ^
C:/msys64/home/drjam/sdna_lite/sdna_lite/sDNA/sdna_vs2008/calculation.h: In member function 'virtual int SDNAIntegralCalculation::get_outputs(long int)':
C:/msys64/home/drjam/sdna_lite/sdna_lite/sDNA/sdna_vs2008/calculation.h:772:24: error: 'SDNAVariant' was not declared in this scope
  772 |                 vector<SDNAVariant> result;
      |                        ^~~~~~~~~~~
C:/msys64/home/drjam/sdna_lite/sdna_lite/sDNA/sdna_vs2008/calculation.h:772:35: error: template argument 1 is invalid
  772 |                 vector<SDNAVariant> result;
      |                                   ^
C:/msys64/home/drjam/sdna_lite/sdna_lite/sDNA/sdna_vs2008/calculation.h:772:35: error: template argument 2 is invalid
C:/msys64/home/drjam/sdna_lite/sdna_lite/sDNA/sdna_vs2008/calculation.h:773:24: error: request for member 'reserve' in 'result', which is of non-class type 'int'
  773 |                 result.reserve(get_output_length());
      |                        ^~~~~~~
C:/msys64/home/drjam/sdna_lite/sdna_lite/sDNA/sdna_vs2008/calculation.h:775:32: error: request for member 'push_back' in 'result', which is of non-class type 'int'
  775 |                         result.push_back(SDNAVariant(f));
      |                                ^~~~~~~~~
C:/msys64/home/drjam/sdna_lite/sdna_lite/sDNA/sdna_vs2008/calculation.h: In member function 'void PartialNet::compute_analytical_costs(MetricEvaluator*)':
C:/msys64/home/drjam/sdna_lite/sdna_lite/sDNA/sdna_vs2008/calculation.h:860:17: error: 'run_dijkstra' was not declared in this scope
  860 |                 run_dijkstra(*this,*anal_best_costs_reaching_edge,metric_eval,GLOBAL_RADIUS,
      |                 ^~~~~~~~~~~~
C:/msys64/home/drjam/sdna_lite/sdna_lite/sDNA/sdna_vs2008/calculation.h: In constructor 'PartialNetCollection::PartialNetCollection(Net*, SDNAPolyline*, std::vector<double>&, std::vector<double>&, bool, MetricEvaluator*, bool, MetricEvaluator*, prob_route_action_t, double)':
C:/msys64/home/drjam/sdna_lite/sdna_lite/sDNA/sdna_vs2008/calculation.h:1109:17: error: 'run_dijkstra' was not declared in this scope
 1109 |                 run_dijkstra(full_net,radial_best_costs_reaching_edge,radial_eval,max_depth,backlinks,&junction_radial_costs);
      |                 ^~~~~~~~~~~~
In file included from C:/msys64/home/drjam/sdna_lite/sdna_lite/sDNA/sdna_vs2008/calculation.cpp:3:
C:/msys64/home/drjam/sdna_lite/sdna_lite/sDNA/sdna_vs2008/prepareoperations.h: At global scope:
C:/msys64/home/drjam/sdna_lite/sdna_lite/sDNA/sdna_vs2008/prepareoperations.h:28:78: error: cannot bind non-const lvalue reference of type 'std::vector<SDNAPolyline*>&' to an rvalue of type 'std::vector<SDNAPolyline*>'
   28 |                 bool partial_search = false, vector<SDNAPolyline*> &subset = vector<SDNAPolyline*>());
      |                                                                              ^~~~~~~~~~~~~~~~~~~~~~~
C:/msys64/home/drjam/sdna_lite/sdna_lite/sDNA/sdna_vs2008/prepareoperations.h: In constructor 'PrepareOperation::PrepareOperation(Net*, char*, int (*)(const char*))':
C:/msys64/home/drjam/sdna_lite/sdna_lite/sDNA/sdna_vs2008/prepareoperations.h:71:67: warning: ISO C++ forbids converting a string constant to 'char*' [-Wwrite-strings]
   71 |                                                                   "start_gs;end_gs;island;islandfieldstozero;data_unitlength;data_absolute;data_text;preserve_net_config;arcxytol;arcztol;xytol;ztol;"\
      |                                                                   ^~~~~~~~~~~~~~~~~~~~~~~~~~~~~~~~~~~~~~~~~~~~~~~~~~~~~~~~~~~~~~~~~~~~~~~~~~~~~~~~~~~~~~~~~~~~~~~~~~~~~~~~~~~~~~~~~~~~~~~~~~~~~~~~~~~~~
   72 |                                                                   "action;nearmisses;trafficislands;duplicates;isolated;splitlinks;internal_interface;null",
      |                                                                   ~~~~~~~~~~~~~~~~~~~~~~~~~~~~~~~~~~~~~~~~~~~~~~~~~~~~~~~~~~~~~~~~~~~~~~~~~~~~~~~~~~~~~~~~~
C:/msys64/home/drjam/sdna_lite/sdna_lite/sDNA/sdna_vs2008/prepareoperations.h:74:67: warning: ISO C++ forbids converting a string constant to 'char*' [-Wwrite-strings]
   74 |                                                                   "start_gs=;end_gs=;island=;islandfieldstozero=;data_unitlength=;data_absolute=;data_text=;preserve_net_config=0;arcxytol=;arcztol=;"\
      |                                                                   ^~~~~~~~~~~~~~~~~~~~~~~~~~~~~~~~~~~~~~~~~~~~~~~~~~~~~~~~~~~~~~~~~~~~~~~~~~~~~~~~~~~~~~~~~~~~~~~~~~~~~~~~~~~~~~~~~~~~~~~~~~~~~~~~~~~~~
   75 |                                                                   "action=detect;nearmisses=0;trafficislands=0;duplicates=0;isolated=0;splitlinks=0;internal_interface=0;"\
      |                                                                   ~~~~~~~~~~~~~~~~~~~~~~~~~~~~~~~~~~~~~~~~~~~~~~~~~~~~~~~~~~~~~~~~~~~~~~~~~~~~~~~~~~~~~~~~~~~~~~~~~~~~~~~~~
   76 |                                                                   "xytol=;ztol=;null=0",
      |                                                                   ~~~~~~~~~~~~~~~~~~~~~
C:/msys64/home/drjam/sdna_lite/sdna_lite/sDNA/sdna_vs2008/prepareoperations.h:148:98: error: use of deleted function 'sDNAGeometryCollection& sDNAGeometryCollection::operator=(sDNAGeometryCollection&&)'
  148 |                                 errors = sDNAGeometryCollection("errors",POLYLINEZ,error_metadata);
      |                                                                                                  ^
C:/msys64/home/drjam/sdna_lite/sdna_lite/sDNA/sdna_vs2008/prepareoperations.h: In member function 'void PrepareOperation::add_arcid_c_array_to_errors(size_t, long int*, std::string)':
C:/msys64/home/drjam/sdna_lite/sdna_lite/sDNA/sdna_vs2008/prepareoperations.h:164:32: error: 'SDNAVariant' was not declared in this scope
  164 |                         vector<SDNAVariant> data;
      |                                ^~~~~~~~~~~
C:/msys64/home/drjam/sdna_lite/sdna_lite/sDNA/sdna_vs2008/prepareoperations.h:164:43: error: template argument 1 is invalid
  164 |                         vector<SDNAVariant> data;
      |                                           ^
C:/msys64/home/drjam/sdna_lite/sdna_lite/sDNA/sdna_vs2008/prepareoperations.h:164:43: error: template argument 2 is invalid
C:/msys64/home/drjam/sdna_lite/sdna_lite/sDNA/sdna_vs2008/prepareoperations.h:165:30: error: request for member 'reserve' in 'data', which is of non-class type 'int'
  165 |                         data.reserve(2);
      |                              ^~~~~~~
C:/msys64/home/drjam/sdna_lite/sdna_lite/sDNA/sdna_vs2008/prepareoperations.h:166:30: error: request for member 'push_back' in 'data', which is of non-class type 'int'
  166 |                         data.push_back(arcid);
      |                              ^~~~~~~~~
C:/msys64/home/drjam/sdna_lite/sdna_lite/sDNA/sdna_vs2008/prepareoperations.h:167:30: error: request for member 'push_back' in 'data', which is of non-class type 'int'
  167 |                         data.push_back(desc);
      |                              ^~~~~~~~~
C:/msys64/home/drjam/sdna_lite/sdna_lite/sDNA/sdna_vs2008/calculation.cpp: In member function 'bool SDNAIntegralCalculation::run_internal_throwing_exceptions()':
C:/msys64/home/drjam/sdna_lite/sdna_lite/sDNA/sdna_vs2008/calculation.cpp:292:47: error: cannot bind non-const lvalue reference of type 'std::vector<std::vector<long double, std::allocator<long double> > >&' to an rvalue of type 'std::vector<std::vector<long double, std::allocator<long double> > >'
  292 |                 skim_matrix_sum_distance.swap(vector<vector<long double>>(skim_origins.size(),vector<long double>(skim_destinations.size(),0.)));
      |                                               ^~~~~~~~~~~~~~~~~~~~~~~~~~~~~~~~~~~~~~~~~~~~~~~~~~~~~~~~~~~~~~~~~~~~~~~~~~~~~~~~~~~~~~~~~~~~~~~~~
C:/msys64/mingw64/include/c++/13.2.0/bits/stl_vector.h:1583:20: note:   initializing argument 1 of 'void std::vector<_Tp, _Alloc>::swap(std::vector<_Tp, _Alloc>&) [with _Tp = std::vector<long double, std::allocator<long double> >; _Alloc = std::allocator<std::vector<long double, std::allocator<long double> > >]'
 1583 |       swap(vector& __x) _GLIBCXX_NOEXCEPT
      |            ~~~~~~~~^~~
C:/msys64/home/drjam/sdna_lite/sdna_lite/sDNA/sdna_vs2008/calculation.cpp:293:41: error: cannot bind non-const lvalue reference of type 'std::vector<std::vector<long double, std::allocator<long double> > >&' to an rvalue of type 'std::vector<std::vector<long double, std::allocator<long double> > >'
  293 |                 skim_matrix_weight.swap(vector<vector<long double>>(skim_origins.size(),vector<long double>(skim_destinations.size(),0.)));
      |                                         ^~~~~~~~~~~~~~~~~~~~~~~~~~~~~~~~~~~~~~~~~~~~~~~~~~~~~~~~~~~~~~~~~~~~~~~~~~~~~~~~~~~~~~~~~~~~~~~~~
C:/msys64/mingw64/include/c++/13.2.0/bits/stl_vector.h:1583:20: note:   initializing argument 1 of 'void std::vector<_Tp, _Alloc>::swap(std::vector<_Tp, _Alloc>&) [with _Tp = std::vector<long double, std::allocator<long double> >; _Alloc = std::allocator<std::vector<long double, std::allocator<long double> > >]'
 1583 |       swap(vector& __x) _GLIBCXX_NOEXCEPT
      |            ~~~~~~~~^~~
C:/msys64/home/drjam/sdna_lite/sdna_lite/sDNA/sdna_vs2008/calculation.cpp:294:36: error: cannot bind non-const lvalue reference of type 'std::vector<std::vector<long unsigned int> >&' to an rvalue of type 'std::vector<std::vector<long unsigned int> >'
  294 |                 skim_matrix_n.swap(vector<vector<unsigned long>>(skim_origins.size(),vector<unsigned long>(skim_destinations.size(),0l)));
      |                                    ^~~~~~~~~~~~~~~~~~~~~~~~~~~~~~~~~~~~~~~~~~~~~~~~~~~~~~~~~~~~~~~~~~~~~~~~~~~~~~~~~~~~~~~~~~~~~~~~~~~~~
C:/msys64/mingw64/include/c++/13.2.0/bits/stl_vector.h:1583:20: note:   initializing argument 1 of 'void std::vector<_Tp, _Alloc>::swap(std::vector<_Tp, _Alloc>&) [with _Tp = std::vector<long unsigned int>; _Alloc = std::allocator<std::vector<long unsigned int> >]'
 1583 |       swap(vector& __x) _GLIBCXX_NOEXCEPT
      |            ~~~~~~~~^~~
C:/msys64/home/drjam/sdna_lite/sdna_lite/sDNA/sdna_vs2008/calculation.cpp: In member function 'void SDNAIntegralCalculation::sdna_inner_loop(long int, std::vector<SDNAPolyline*>&, ThreadSafeProgressBar&, MetricEvaluator*, MetricEvaluator*, size_t)':
C:/msys64/home/drjam/sdna_lite/sdna_lite/sDNA/sdna_vs2008/calculation.cpp:501:62: error: cannot convert 'PartialNet' to 'int&'
  501 |                                         process_geodesic(*it,cut_net,r,intermediate_edges,anal_best_costs_reaching_edge,analysis_evaluator,total_weight_this_origin_sample_radius);
      |                                                              ^~~~~~~
      |                                                              |
      |                                                              PartialNet
C:/msys64/home/drjam/sdna_lite/sdna_lite/sDNA/sdna_vs2008/calculation.h:181:79: note:   initializing argument 2 of 'void SDNAIntegralCalculation::process_geodesic(DestinationEdgeProcessingTask&, int&, int, std::vector<Edge*>&, IdIndexedArray<double, UniqueId<Edge> >&, MetricEvaluator*, double&)'
  181 |         void process_geodesic(DestinationEdgeProcessingTask &dest,PartialNet &cut_net, int r,
      |                                                                   ~~~~~~~~~~~~^~~~~~~
C:/msys64/home/drjam/sdna_lite/sdna_lite/sDNA/sdna_vs2008/calculation.cpp: At global scope:
C:/msys64/home/drjam/sdna_lite/sdna_lite/sDNA/sdna_vs2008/calculation.cpp:698:6: error: no declaration matches 'void SDNAIntegralCalculation::process_geodesic(DestinationEdgeProcessingTask&, PartialNet&, int, std::vector<Edge*>&, IdIndexedArray<double, UniqueId<Edge> >&, MetricEvaluator*, double&)'
  698 | void SDNAIntegralCalculation::process_geodesic(DestinationEdgeProcessingTask &dest,PartialNet &cut_net, int r,
      |      ^~~~~~~~~~~~~~~~~~~~~~~
C:/msys64/home/drjam/sdna_lite/sdna_lite/sDNA/sdna_vs2008/calculation.h:181:14: note: candidate is: 'void SDNAIntegralCalculation::process_geodesic(DestinationEdgeProcessingTask&, int&, int, std::vector<Edge*>&, IdIndexedArray<double, UniqueId<Edge> >&, MetricEvaluator*, double&)'
  181 |         void process_geodesic(DestinationEdgeProcessingTask &dest,PartialNet &cut_net, int r,
      |              ^~~~~~~~~~~~~~~~
C:/msys64/home/drjam/sdna_lite/sdna_lite/sDNA/sdna_vs2008/calculation.h:113:7: note: 'class SDNAIntegralCalculation' defined here
  113 | class SDNAIntegralCalculation : public Calculation, public SDNAPolylineDataSource
      |       ^~~~~~~~~~~~~~~~~~~~~~~
C:/msys64/home/drjam/sdna_lite/sdna_lite/sDNA/sdna_vs2008/calculationbase.h: In instantiation of 'std::vector<NetExpectedDataSource<T>*> Calculation::simplify_expected_data(std::vector<NetExpectedDataSource<T>*>&) [with T = float]':
C:/msys64/home/drjam/sdna_lite/sdna_lite/sDNA/sdna_vs2008/calculationbase.h:122:101:   required from here
C:/msys64/home/drjam/sdna_lite/sdna_lite/sDNA/sdna_vs2008/calculationbase.h:130:57: error: dependent-name 'std::vector<NetExpectedDataSource<T>*>::iterator' is parsed as a non-type, but instantiation yields a type
  130 |                 for (vector<NetExpectedDataSource<T>*>::iterator it=source.begin();it!=source.end();it++)
      |                                                         ^~~~~~~~
C:/msys64/home/drjam/sdna_lite/sdna_lite/sDNA/sdna_vs2008/calculationbase.h:130:57: note: say 'typename std::vector<NetExpectedDataSource<T>*>::iterator' if a type is meant
C:/msys64/home/drjam/sdna_lite/sdna_lite/sDNA/sdna_vs2008/calculationbase.h: In instantiation of 'std::vector<NetExpectedDataSource<T>*> Calculation::simplify_expected_data(std::vector<NetExpectedDataSource<T>*>&) [with T = std::__cxx11::basic_string<char>]':
C:/msys64/home/drjam/sdna_lite/sdna_lite/sDNA/sdna_vs2008/calculationbase.h:123:98:   required from here
C:/msys64/home/drjam/sdna_lite/sdna_lite/sDNA/sdna_vs2008/calculationbase.h:130:57: error: dependent-name 'std::vector<NetExpectedDataSource<T>*>::iterator' is parsed as a non-type, but instantiation yields a type
C:/msys64/home/drjam/sdna_lite/sdna_lite/sDNA/sdna_vs2008/calculationbase.h:130:57: note: say 'typename std::vector<NetExpectedDataSource<T>*>::iterator' if a type is meant
C:/msys64/home/drjam/sdna_lite/sdna_lite/sDNA/sdna_vs2008/calculationbase.h: In instantiation of 'size_t Calculation::expected_data_to_string(char***, OutputStringArray&, std::vector<NetExpectedDataSource<T>*>&) [with T = float; size_t = long long unsigned int]':
C:/msys64/home/drjam/sdna_lite/sdna_lite/sDNA/sdna_vs2008/calculationbase.h:150:33:   required from here
C:/msys64/home/drjam/sdna_lite/sdna_lite/sDNA/sdna_vs2008/calculationbase.h:142:57: error: dependent-name 'std::vector<NetExpectedDataSource<T>*>::const_iterator' is parsed as a non-type, but instantiation yields a type
  142 |                 for (vector<NetExpectedDataSource<T>*>::const_iterator it=simplified_data.begin();it!=simplified_data.end();it++)
      |                                                         ^~~~~~~~~~~~~~
C:/msys64/home/drjam/sdna_lite/sdna_lite/sDNA/sdna_vs2008/calculationbase.h:142:57: note: say 'typename std::vector<NetExpectedDataSource<T>*>::const_iterator' if a type is meant
C:/msys64/home/drjam/sdna_lite/sdna_lite/sDNA/sdna_vs2008/calculationbase.h: In instantiation of 'size_t Calculation::expected_data_to_string(char***, OutputStringArray&, std::vector<NetExpectedDataSource<T>*>&) [with T = std::__cxx11::basic_string<char>; size_t = long long unsigned int]':
C:/msys64/home/drjam/sdna_lite/sdna_lite/sDNA/sdna_vs2008/calculationbase.h:152:75:   required from here
C:/msys64/home/drjam/sdna_lite/sdna_lite/sDNA/sdna_vs2008/calculationbase.h:142:57: error: dependent-name 'std::vector<NetExpectedDataSource<T>*>::const_iterator' is parsed as a non-type, but instantiation yields a type
C:/msys64/home/drjam/sdna_lite/sdna_lite/sDNA/sdna_vs2008/calculationbase.h:142:57: note: say 'typename std::vector<NetExpectedDataSource<T>*>::const_iterator' if a type is meant
C:/msys64/home/drjam/sdna_lite/sdna_lite/sDNA/sdna_vs2008/calculationbase.h: In instantiation of 'void Calculation::add_expected_data(std::vector<T>&) [with T = LengthWeightingStrategy]':
C:/msys64/home/drjam/sdna_lite/sdna_lite/sDNA/sdna_vs2008/calculation.h:265:20:   required from here
C:/msys64/home/drjam/sdna_lite/sdna_lite/sDNA/sdna_vs2008/calculationbase.h:112:33: error: dependent-name 'std::vector<T>::iterator' is parsed as a non-type, but instantiation yields a type
  112 |                 for (vector<T>::iterator it=v.begin();it!=v.end();it++)
      |                                 ^~~~~~~~
C:/msys64/home/drjam/sdna_lite/sdna_lite/sDNA/sdna_vs2008/calculationbase.h:112:33: note: say 'typename std::vector<T>::iterator' if a type is meant
C:/msys64/home/drjam/sdna_lite/sdna_lite/sDNA/sdna_vs2008/calculationbase.h: In instantiation of 'void Calculation::add_expected_data(std::vector<T>&) [with T = NetExpectedDataSource<std::__cxx11::basic_string<char> >]':
C:/msys64/home/drjam/sdna_lite/sdna_lite/sDNA/sdna_vs2008/calculation.h:266:20:   required from here
C:/msys64/home/drjam/sdna_lite/sdna_lite/sDNA/sdna_vs2008/calculationbase.h:112:33: error: dependent-name 'std::vector<T>::iterator' is parsed as a non-type, but instantiation yields a type
C:/msys64/home/drjam/sdna_lite/sdna_lite/sDNA/sdna_vs2008/calculationbase.h:112:33: note: say 'typename std::vector<T>::iterator' if a type is meant
C:/msys64/home/drjam/sdna_lite/sdna_lite/sDNA/sdna_vs2008/calculationbase.h: In instantiation of 'void Calculation::add_expected_data(std::vector<T>&) [with T = NetExpectedDataSource<float>]':
C:/msys64/home/drjam/sdna_lite/sdna_lite/sDNA/sdna_vs2008/prepareoperations.h:100:20:   required from here
C:/msys64/home/drjam/sdna_lite/sdna_lite/sDNA/sdna_vs2008/calculationbase.h:112:33: error: dependent-name 'std::vector<T>::iterator' is parsed as a non-type, but instantiation yields a type
C:/msys64/home/drjam/sdna_lite/sdna_lite/sDNA/sdna_vs2008/calculationbase.h:112:33: note: say 'typename std::vector<T>::iterator' if a type is meant
C:/msys64/home/drjam/sdna_lite/sdna_lite/sDNA/sdna_vs2008/tables.h: In instantiation of 'void Table<T>::finalize() [with T = float]':
C:/msys64/home/drjam/sdna_lite/sdna_lite/sDNA/sdna_vs2008/calculation.cpp:137:16:   required from here
C:/msys64/home/drjam/sdna_lite/sdna_lite/sDNA/sdna_vs2008/tables.h:234:36: error: cannot bind non-const lvalue reference of type 'std::vector<float>&' to an rvalue of type 'std::vector<float>'
  234 |                 index_to_data.swap(vector<T>(size,default_table_value));
      |                                    ^~~~~~~~~~~~~~~~~~~~~~~~~~~~~~~~~~~
C:/msys64/mingw64/include/c++/13.2.0/bits/stl_vector.h:1583:20: note:   initializing argument 1 of 'void std::vector<_Tp, _Alloc>::swap(std::vector<_Tp, _Alloc>&) [with _Tp = float; _Alloc = std::allocator<float>]'
 1583 |       swap(vector& __x) _GLIBCXX_NOEXCEPT
      |            ~~~~~~~~^~~
C:/msys64/home/drjam/sdna_lite/sdna_lite/sDNA/sdna_vs2008/tables.h: In instantiation of 'void Table<T>::finalize() [with T = long double]':
C:/msys64/home/drjam/sdna_lite/sdna_lite/sDNA/sdna_vs2008/calculation.cpp:174:27:   required from here
C:/msys64/home/drjam/sdna_lite/sdna_lite/sDNA/sdna_vs2008/tables.h:234:36: error: cannot bind non-const lvalue reference of type 'std::vector<long double, std::allocator<long double> >&' to an rvalue of type 'std::vector<long double, std::allocator<long double> >'
  234 |                 index_to_data.swap(vector<T>(size,default_table_value));
      |                                    ^~~~~~~~~~~~~~~~~~~~~~~~~~~~~~~~~~~
C:/msys64/mingw64/include/c++/13.2.0/bits/stl_vector.h:1583:20: note:   initializing argument 1 of 'void std::vector<_Tp, _Alloc>::swap(std::vector<_Tp, _Alloc>&) [with _Tp = long double; _Alloc = std::allocator<long double>]'
 1583 |       swap(vector& __x) _GLIBCXX_NOEXCEPT
      |            ~~~~~~~~^~~
ninja: build stopped: subcommand failed.

drjam@LAPTOP-G32P4DMD MINGW64 ~/sdna_lite/sdna_lite/output/release/x64
$
